Log file open, 05/11/20 12:30:51
LogWindows: Failed to load 'aqProf.dll' (GetLastError=126)
LogWindows: File 'aqProf.dll' does not exist
LogWindows: Failed to load 'VtuneApi.dll' (GetLastError=126)
LogWindows: File 'VtuneApi.dll' does not exist
LogWindows: Failed to load 'VtuneApi32e.dll' (GetLastError=126)
LogWindows: File 'VtuneApi32e.dll' does not exist
LogConsoleResponse: Display: Failed to find resolution value strings in scalability ini. Falling back to default.
LogInit: Display: Running engine for game: Group19UnrealProject
LogPakFile: Registered encryption key '00000000000000000000000000000000': 0 pak files mounted, 0 remain pending
LogPlatformFile: Not using cached read wrapper
LogTaskGraph: Started task graph with 5 named threads and 23 total threads with 3 sets of task threads.
LogStats: Stats thread started at 0.271516
LogD3D11RHI: Loaded GFSDK_Aftermath_Lib.x64.dll
LogICUInternationalization: ICU TimeZone Detection - Raw Offset: +0:00, Platform Override: ''
LogPluginManager: Mounting plugin Paper2D
LogPluginManager: Mounting plugin AISupport
LogPluginManager: Mounting plugin LightPropagationVolume
LogPluginManager: Mounting plugin ActorLayerUtilities
LogPluginManager: Mounting plugin AnimationSharing
LogPluginManager: Mounting plugin CLionSourceCodeAccess
LogPluginManager: Mounting plugin CodeLiteSourceCodeAccess
LogPluginManager: Mounting plugin GitSourceControl
LogPluginManager: Mounting plugin KDevelopSourceCodeAccess
LogPluginManager: Mounting plugin NullSourceCodeAccess
LogPluginManager: Mounting plugin PerforceSourceControl
LogPluginManager: Mounting plugin SubversionSourceControl
LogPluginManager: Mounting plugin UObjectPlugin
LogPluginManager: Mounting plugin VisualStudioCodeSourceCodeAccess
LogPluginManager: Mounting plugin VisualStudioSourceCodeAccess
LogPluginManager: Mounting plugin XCodeSourceCodeAccess
LogPluginManager: Mounting plugin AssetManagerEditor
LogPluginManager: Mounting plugin CryptoKeys
LogPluginManager: Mounting plugin DataValidation
LogPluginManager: Mounting plugin FacialAnimation
LogPluginManager: Mounting plugin GameplayTagsEditor
LogPluginManager: Mounting plugin MacGraphicsSwitching
LogPluginManager: Mounting plugin MaterialAnalyzer
LogPluginManager: Mounting plugin MobileLauncherProfileWizard
LogPluginManager: Mounting plugin PluginBrowser
LogPluginManager: Mounting plugin SpeedTreeImporter
LogPluginManager: Mounting plugin DatasmithContent
LogPluginManager: Mounting plugin VariantManagerContent
LogPluginManager: Mounting plugin AlembicImporter
LogPluginManager: Mounting plugin AppleImageUtils
LogPluginManager: Mounting plugin AppleVision
LogPluginManager: Mounting plugin BackChannel
LogPluginManager: Mounting plugin CharacterAI
LogPluginManager: Mounting plugin GeometryCache
LogPluginManager: Mounting plugin HTML5Networking
LogPluginManager: Mounting plugin ProxyLODPlugin
LogPluginManager: Mounting plugin SkeletalReduction
LogPluginManager: Mounting plugin MagicLeap
LogPluginManager: Mounting plugin MagicLeapMedia
LogPluginManager: Mounting plugin AndroidMedia
LogPluginManager: Mounting plugin AvfMedia
LogPluginManager: Mounting plugin ImgMedia
LogPluginManager: Mounting plugin LinearTimecode
LogPluginManager: Mounting plugin MediaCompositing
LogPluginManager: Mounting plugin MediaPlayerEditor
LogPluginManager: Mounting plugin WebMMedia
LogPluginManager: Mounting plugin WmfMedia
LogPluginManager: Mounting plugin TcpMessaging
LogPluginManager: Mounting plugin UdpMessaging
LogPluginManager: Mounting plugin ActorSequence
LogPluginManager: Mounting plugin LevelSequenceEditor
LogPluginManager: Mounting plugin MatineeToLevelSequence
LogPluginManager: Mounting plugin NetcodeUnitTest
LogPluginManager: Mounting plugin NUTUnrealEngine4
LogPluginManager: Mounting plugin OnlineSubsystemGooglePlay
LogPluginManager: Mounting plugin OnlineSubsystemIOS
LogPluginManager: Mounting plugin OnlineSubsystem
LogPluginManager: Mounting plugin OnlineSubsystemNull
LogPluginManager: Mounting plugin OnlineSubsystemUtils
LogPluginManager: Mounting plugin LauncherChunkInstaller
LogPluginManager: Mounting plugin AndroidDeviceProfileSelector
LogPluginManager: Mounting plugin AndroidMoviePlayer
LogPluginManager: Mounting plugin AndroidPermission
LogPluginManager: Mounting plugin AppleMoviePlayer
LogPluginManager: Mounting plugin ArchVisCharacter
LogPluginManager: Mounting plugin AudioCapture
LogPluginManager: Mounting plugin CableComponent
LogPluginManager: Mounting plugin CustomMeshComponent
LogPluginManager: Mounting plugin EditableMesh
LogPluginManager: Mounting plugin ExampleDeviceProfileSelector
LogPluginManager: Mounting plugin Firebase
LogPluginManager: Mounting plugin GoogleCloudMessaging
LogPluginManager: Mounting plugin IOSDeviceProfileSelector
LogPluginManager: Mounting plugin LinuxDeviceProfileSelector
LogPluginManager: Mounting plugin LocationServicesBPLibrary
LogPluginManager: Mounting plugin MobilePatchingUtils
LogPluginManager: Mounting plugin OculusVR
LogPluginManager: Mounting plugin PhysXVehicles
LogPluginManager: Mounting plugin ProceduralMeshComponent
LogPluginManager: Mounting plugin RuntimePhysXCooking
LogPluginManager: Mounting plugin SignificanceManager
LogPluginManager: Mounting plugin SteamVR
LogPluginManager: Mounting plugin WebMMoviePlayer
LogPluginManager: Mounting plugin WindowsMoviePlayer
LogInit: Using libcurl 7.55.1-DEV
LogInit:  - built for x86_64-pc-win32
LogInit:  - supports SSL with OpenSSL/1.1.1
LogInit:  - supports HTTP deflate (compression) using libz 1.2.8
LogInit:  - other features:
LogInit:      CURL_VERSION_SSL
LogInit:      CURL_VERSION_LIBZ
LogInit:      CURL_VERSION_IPV6
LogInit:      CURL_VERSION_ASYNCHDNS
LogInit:      CURL_VERSION_LARGEFILE
LogInit:      CURL_VERSION_IDN
LogInit:  CurlRequestOptions (configurable via config and command line):
LogInit:  - bVerifyPeer = true  - Libcurl will verify peer certificate
LogInit:  - bUseHttpProxy = false  - Libcurl will NOT use HTTP proxy
LogInit:  - bDontReuseConnections = false  - Libcurl will reuse connections
LogInit:  - MaxHostConnections = 16  - Libcurl will limit the number of connections to a host
LogInit:  - LocalHostAddr = Default
LogInit:  - BufferSize = 65536
LogInit: WinSock: version 1.1 (2.2), MaxSocks=32767, MaxUdp=65467
LogInit: Build: ++UE4+Release-4.22-CL-7053642
LogInit: Engine Version: 4.22.3-7053642+++UE4+Release-4.22
LogInit: Compatible Engine Version: 4.22.0-5660361+++UE4+Release-4.22
LogInit: Net CL: 5660361
LogInit: OS: Windows 10 (Release 1903) (), CPU: Intel(R) Core(TM) i7-6700K CPU @ 4.00GHz, GPU: NVIDIA GeForce GTX 1070
LogInit: Compiled (64-bit): Jun 18 2019 03:09:11
LogInit: Compiled with Visual C++: 19.16.27025.01
LogInit: Build Configuration: Development
LogInit: Branch Name: ++UE4+Release-4.22
LogInit: Command Line: 
LogInit: Base Directory: C:/Program Files/Epic Games/UE_4.22/Engine/Binaries/Win64/
LogInit: Installed Engine Build: 1
LogDevObjectVersion: Number of dev versions registered: 23
LogDevObjectVersion:   Dev-Blueprints (B0D832E4-1F89-4F0D-ACCF-7EB736FD4AA2): 10
LogDevObjectVersion:   Dev-Build (E1C64328-A22C-4D53-A36C-8E866417BD8C): 0
LogDevObjectVersion:   Dev-Core (375EC13C-06E4-48FB-B500-84F0262A717E): 3
LogDevObjectVersion:   Dev-Editor (E4B068ED-F494-42E9-A231-DA0B2E46BB41): 30
LogDevObjectVersion:   Dev-Framework (CFFC743F-43B0-4480-9391-14DF171D2073): 35
LogDevObjectVersion:   Dev-Mobile (B02B49B5-BB20-44E9-A304-32B752E40360): 2
LogDevObjectVersion:   Dev-Networking (A4E4105C-59A1-49B5-A7C5-40C4547EDFEE): 0
LogDevObjectVersion:   Dev-Online (39C831C9-5AE6-47DC-9A44-9C173E1C8E7C): 0
LogDevObjectVersion:   Dev-Physics (78F01B33-EBEA-4F98-B9B4-84EACCB95AA2): 0
LogDevObjectVersion:   Dev-Platform (6631380F-2D4D-43E0-8009-CF276956A95A): 0
LogDevObjectVersion:   Dev-Rendering (12F88B9F-8875-4AFC-A67C-D90C383ABD29): 28
LogDevObjectVersion:   Dev-Sequencer (7B5AE74C-D270-4C10-A958-57980B212A5A): 11
LogDevObjectVersion:   Dev-VR (D7296918-1DD6-4BDD-9DE2-64A83CC13884): 2
LogDevObjectVersion:   Dev-LoadTimes (C2A15278-BFE7-4AFE-6C17-90FF531DF755): 1
LogDevObjectVersion:   Private-Geometry (6EACA3D4-40EC-4CC1-B786-8BED09428FC5): 3
LogDevObjectVersion:   Dev-AnimPhys (29E575DD-E0A3-4627-9D10-D276232CDCEA): 17
LogDevObjectVersion:   Dev-Anim (AF43A65D-7FD3-4947-9873-3E8ED9C1BB05): 2
LogDevObjectVersion:   Dev-ReflectionCapture (6B266CEC-1EC7-4B8F-A30B-E4D90942FC07): 1
LogDevObjectVersion:   Dev-Automation (0DF73D61-A23F-47EA-B727-89E90C41499A): 1
LogDevObjectVersion:   FortniteMain (601D1886-AC64-4F84-AA16-D3DE0DEAC7D6): 25
LogDevObjectVersion:   Dev-Enterprise (9DFFBCD6-494F-0158-E221-12823C92A888): 6
LogDevObjectVersion:   Dev-Niagara (F2AED0AC-9AFE-416F-8664-AA7FFA26D6FC): 1
LogDevObjectVersion:   Dev-Destruction (174F1F0B-B4C6-45A5-B13F-2EE8D0FB917D): 2
LogInit: Presizing for max 16777216 objects, including 0 objects not considered by GC, pre-allocating 0 bytes for permanent pool.
LogInit: Object subsystem initialized
LogConfig: Setting CVar [[con.DebugEarlyDefault:1]]
LogConfig: Setting CVar [[r.setres:1280x720]]
[2020.05.11-11.30.52:153][  0]LogConfig: Setting CVar [[r.VSync:0]]
[2020.05.11-11.30.52:153][  0]LogConfig: Setting CVar [[r.RHICmdBypass:0]]
[2020.05.11-11.30.52:153][  0]LogConfig: Applying CVar settings from Section [/Script/Engine.RendererSettings] File [D:/Year 3/Collab/CollabUE4/Group-19-Collab/Group19UnrealProject/Saved/Config/Windows/Engine.ini]
[2020.05.11-11.30.52:153][  0]LogConfig: Setting CVar [[r.GPUCrashDebugging:0]]
[2020.05.11-11.30.52:153][  0]LogConfig: Setting CVar [[r.DefaultFeature.AutoExposure.ExtendDefaultLuminanceRange:1]]
[2020.05.11-11.30.52:153][  0]LogConfig: Applying CVar settings from Section [/Script/Engine.RendererOverrideSettings] File [D:/Year 3/Collab/CollabUE4/Group-19-Collab/Group19UnrealProject/Saved/Config/Windows/Engine.ini]
[2020.05.11-11.30.52:153][  0]LogConfig: Applying CVar settings from Section [/Script/Engine.StreamingSettings] File [D:/Year 3/Collab/CollabUE4/Group-19-Collab/Group19UnrealProject/Saved/Config/Windows/Engine.ini]
[2020.05.11-11.30.52:153][  0]LogConfig: Setting CVar [[s.MinBulkDataSizeForAsyncLoading:131072]]
[2020.05.11-11.30.52:153][  0]LogConfig: Setting CVar [[s.AsyncLoadingThreadEnabled:0]]
[2020.05.11-11.30.52:153][  0]LogConfig: Setting CVar [[s.EventDrivenLoaderEnabled:1]]
[2020.05.11-11.30.52:153][  0]LogConfig: Setting CVar [[s.WarnIfTimeLimitExceeded:0]]
[2020.05.11-11.30.52:153][  0]LogConfig: Setting CVar [[s.TimeLimitExceededMultiplier:1.5]]
[2020.05.11-11.30.52:153][  0]LogConfig: Setting CVar [[s.TimeLimitExceededMinTime:0.005]]
[2020.05.11-11.30.52:153][  0]LogConfig: Setting CVar [[s.UseBackgroundLevelStreaming:1]]
[2020.05.11-11.30.52:153][  0]LogConfig: Setting CVar [[s.PriorityAsyncLoadingExtraTime:15.0]]
[2020.05.11-11.30.52:153][  0]LogConfig: Setting CVar [[s.LevelStreamingActorsUpdateTimeLimit:5.0]]
[2020.05.11-11.30.52:153][  0]LogConfig: Setting CVar [[s.PriorityLevelStreamingActorsUpdateExtraTime:5.0]]
[2020.05.11-11.30.52:153][  0]LogConfig: Setting CVar [[s.LevelStreamingComponentsRegistrationGranularity:10]]
[2020.05.11-11.30.52:153][  0]LogConfig: Setting CVar [[s.UnregisterComponentsTimeLimit:1.0]]
[2020.05.11-11.30.52:153][  0]LogConfig: Setting CVar [[s.LevelStreamingComponentsUnregistrationGranularity:5]]
[2020.05.11-11.30.52:153][  0]LogConfig: Applying CVar settings from Section [/Script/Engine.GarbageCollectionSettings] File [D:/Year 3/Collab/CollabUE4/Group-19-Collab/Group19UnrealProject/Saved/Config/Windows/Engine.ini]
[2020.05.11-11.30.52:153][  0]LogConfig: Setting CVar [[gc.MaxObjectsNotConsideredByGC:1]]
[2020.05.11-11.30.52:154][  0]LogConfig: Setting CVar [[gc.SizeOfPermanentObjectPool:0]]
[2020.05.11-11.30.52:154][  0]LogConfig: Setting CVar [[gc.FlushStreamingOnGC:0]]
[2020.05.11-11.30.52:154][  0]LogConfig: Setting CVar [[gc.NumRetriesBeforeForcingGC:10]]
[2020.05.11-11.30.52:154][  0]LogConfig: Setting CVar [[gc.AllowParallelGC:1]]
[2020.05.11-11.30.52:154][  0]LogConfig: Setting CVar [[gc.TimeBetweenPurgingPendingKillObjects:61.1]]
[2020.05.11-11.30.52:154][  0]LogConfig: Setting CVar [[gc.MaxObjectsInEditor:16777216]]
[2020.05.11-11.30.52:154][  0]LogConfig: Setting CVar [[gc.IncrementalBeginDestroyEnabled:1]]
[2020.05.11-11.30.52:154][  0]LogConfig: Setting CVar [[gc.CreateGCClusters:1]]
[2020.05.11-11.30.52:154][  0]LogConfig: Setting CVar [[gc.MinGCClusterSize:5]]
[2020.05.11-11.30.52:154][  0]LogConfig: Setting CVar [[gc.ActorClusteringEnabled:0]]
[2020.05.11-11.30.52:154][  0]LogConfig: Setting CVar [[gc.BlueprintClusteringEnabled:0]]
[2020.05.11-11.30.52:154][  0]LogConfig: Setting CVar [[gc.UseDisregardForGCOnDedicatedServers:0]]
[2020.05.11-11.30.52:154][  0]LogConfig: Applying CVar settings from Section [/Script/Engine.NetworkSettings] File [D:/Year 3/Collab/CollabUE4/Group-19-Collab/Group19UnrealProject/Saved/Config/Windows/Engine.ini]
[2020.05.11-11.30.52:154][  0]LogConfig: Applying CVar settings from Section [/Script/UnrealEd.CookerSettings] File [D:/Year 3/Collab/CollabUE4/Group-19-Collab/Group19UnrealProject/Saved/Config/Windows/Engine.ini]
[2020.05.11-11.30.52:165][  0]LogConfig: Applying CVar settings from Section [ViewDistanceQuality@3] File [D:/Year 3/Collab/CollabUE4/Group-19-Collab/Group19UnrealProject/Saved/Config/Windows/Scalability.ini]
[2020.05.11-11.30.52:165][  0]LogConfig: Setting CVar [[r.SkeletalMeshLODBias:0]]
[2020.05.11-11.30.52:165][  0]LogConfig: Setting CVar [[r.ViewDistanceScale:1.0]]
[2020.05.11-11.30.52:165][  0]LogConfig: Applying CVar settings from Section [AntiAliasingQuality@3] File [D:/Year 3/Collab/CollabUE4/Group-19-Collab/Group19UnrealProject/Saved/Config/Windows/Scalability.ini]
[2020.05.11-11.30.52:165][  0]LogConfig: Setting CVar [[r.PostProcessAAQuality:4]]
[2020.05.11-11.30.52:165][  0]LogConfig: Applying CVar settings from Section [ShadowQuality@3] File [D:/Year 3/Collab/CollabUE4/Group-19-Collab/Group19UnrealProject/Saved/Config/Windows/Scalability.ini]
[2020.05.11-11.30.52:165][  0]LogConfig: Setting CVar [[r.LightFunctionQuality:1]]
[2020.05.11-11.30.52:165][  0]LogConfig: Setting CVar [[r.ShadowQuality:5]]
[2020.05.11-11.30.52:165][  0]LogConfig: Setting CVar [[r.Shadow.CSM.MaxCascades:10]]
[2020.05.11-11.30.52:165][  0]LogConfig: Setting CVar [[r.Shadow.MaxResolution:2048]]
[2020.05.11-11.30.52:165][  0]LogConfig: Setting CVar [[r.Shadow.MaxCSMResolution:2048]]
[2020.05.11-11.30.52:165][  0]LogConfig: Setting CVar [[r.Shadow.RadiusThreshold:0.01]]
[2020.05.11-11.30.52:165][  0]LogConfig: Setting CVar [[r.Shadow.DistanceScale:1.0]]
[2020.05.11-11.30.52:165][  0]LogConfig: Setting CVar [[r.Shadow.CSM.TransitionScale:1.0]]
[2020.05.11-11.30.52:165][  0]LogConfig: Setting CVar [[r.Shadow.PreShadowResolutionFactor:1.0]]
[2020.05.11-11.30.52:165][  0]LogConfig: Setting CVar [[r.DistanceFieldShadowing:1]]
[2020.05.11-11.30.52:165][  0]LogConfig: Setting CVar [[r.DistanceFieldAO:1]]
[2020.05.11-11.30.52:165][  0]LogConfig: Setting CVar [[r.AOQuality:2]]
[2020.05.11-11.30.52:165][  0]LogConfig: Setting CVar [[r.VolumetricFog:1]]
[2020.05.11-11.30.52:166][  0]LogConfig: Setting CVar [[r.VolumetricFog.GridPixelSize:8]]
[2020.05.11-11.30.52:166][  0]LogConfig: Setting CVar [[r.VolumetricFog.GridSizeZ:128]]
[2020.05.11-11.30.52:166][  0]LogConfig: Setting CVar [[r.VolumetricFog.HistoryMissSupersampleCount:4]]
[2020.05.11-11.30.52:166][  0]LogConfig: Setting CVar [[r.LightMaxDrawDistanceScale:1]]
[2020.05.11-11.30.52:166][  0]LogConfig: Setting CVar [[r.CapsuleShadows:1]]
[2020.05.11-11.30.52:166][  0]LogConfig: Applying CVar settings from Section [PostProcessQuality@3] File [D:/Year 3/Collab/CollabUE4/Group-19-Collab/Group19UnrealProject/Saved/Config/Windows/Scalability.ini]
[2020.05.11-11.30.52:166][  0]LogConfig: Setting CVar [[r.MotionBlurQuality:4]]
[2020.05.11-11.30.52:166][  0]LogConfig: Setting CVar [[r.AmbientOcclusionMipLevelFactor:0.4]]
[2020.05.11-11.30.52:166][  0]LogConfig: Setting CVar [[r.AmbientOcclusionMaxQuality:100]]
[2020.05.11-11.30.52:166][  0]LogConfig: Setting CVar [[r.AmbientOcclusionLevels:-1]]
[2020.05.11-11.30.52:166][  0]LogConfig: Setting CVar [[r.AmbientOcclusionRadiusScale:1.0]]
[2020.05.11-11.30.52:166][  0]LogConfig: Setting CVar [[r.DepthOfFieldQuality:2]]
[2020.05.11-11.30.52:166][  0]LogConfig: Setting CVar [[r.RenderTargetPoolMin:400]]
[2020.05.11-11.30.52:166][  0]LogConfig: Setting CVar [[r.LensFlareQuality:2]]
[2020.05.11-11.30.52:166][  0]LogConfig: Setting CVar [[r.SceneColorFringeQuality:1]]
[2020.05.11-11.30.52:166][  0]LogConfig: Setting CVar [[r.EyeAdaptationQuality:2]]
[2020.05.11-11.30.52:166][  0]LogConfig: Setting CVar [[r.BloomQuality:5]]
[2020.05.11-11.30.52:166][  0]LogConfig: Setting CVar [[r.FastBlurThreshold:100]]
[2020.05.11-11.30.52:166][  0]LogConfig: Setting CVar [[r.Upscale.Quality:3]]
[2020.05.11-11.30.52:166][  0]LogConfig: Setting CVar [[r.Tonemapper.GrainQuantization:1]]
[2020.05.11-11.30.52:166][  0]LogConfig: Setting CVar [[r.LightShaftQuality:1]]
[2020.05.11-11.30.52:166][  0]LogConfig: Setting CVar [[r.Filter.SizeScale:1]]
[2020.05.11-11.30.52:166][  0]LogConfig: Setting CVar [[r.Tonemapper.Quality:5]]
[2020.05.11-11.30.52:166][  0]LogConfig: Setting CVar [[r.DOF.Gather.AccumulatorQuality:1        ; higher gathering accumulator quality]]
[2020.05.11-11.30.52:166][  0]LogConfig: Setting CVar [[r.DOF.Gather.PostfilterMethod:1          ; Median3x3 postfilering method]]
[2020.05.11-11.30.52:166][  0]LogConfig: Setting CVar [[r.DOF.Gather.EnableBokehSettings:0       ; no bokeh simulation when gathering]]
[2020.05.11-11.30.52:166][  0]LogConfig: Setting CVar [[r.DOF.Gather.RingCount:4                 ; medium number of samples when gathering]]
[2020.05.11-11.30.52:166][  0]LogConfig: Setting CVar [[r.DOF.Scatter.ForegroundCompositing:1    ; additive foreground scattering]]
[2020.05.11-11.30.52:167][  0]LogConfig: Setting CVar [[r.DOF.Scatter.BackgroundCompositing:2    ; additive background scattering]]
[2020.05.11-11.30.52:167][  0]LogConfig: Setting CVar [[r.DOF.Scatter.EnableBokehSettings:1      ; bokeh simulation when scattering]]
[2020.05.11-11.30.52:167][  0]LogConfig: Setting CVar [[r.DOF.Scatter.MaxSpriteRatio:0.1         ; only a maximum of 10% of scattered bokeh]]
[2020.05.11-11.30.52:167][  0]LogConfig: Setting CVar [[r.DOF.Recombine.Quality:1                ; cheap slight out of focus]]
[2020.05.11-11.30.52:167][  0]LogConfig: Setting CVar [[r.DOF.Recombine.EnableBokehSettings:0    ; no bokeh simulation on slight out of focus]]
[2020.05.11-11.30.52:167][  0]LogConfig: Setting CVar [[r.DOF.TemporalAAQuality:1                ; more stable temporal accumulation]]
[2020.05.11-11.30.52:167][  0]LogConfig: Setting CVar [[r.DOF.Kernel.MaxForegroundRadius:0.025]]
[2020.05.11-11.30.52:167][  0]LogConfig: Setting CVar [[r.DOF.Kernel.MaxBackgroundRadius:0.025]]
[2020.05.11-11.30.52:167][  0]LogConfig: Applying CVar settings from Section [TextureQuality@3] File [D:/Year 3/Collab/CollabUE4/Group-19-Collab/Group19UnrealProject/Saved/Config/Windows/Scalability.ini]
[2020.05.11-11.30.52:167][  0]LogConfig: Setting CVar [[r.Streaming.MipBias:0]]
[2020.05.11-11.30.52:167][  0]LogConfig: Setting CVar [[r.Streaming.AmortizeCPUToGPUCopy:0]]
[2020.05.11-11.30.52:167][  0]LogConfig: Setting CVar [[r.Streaming.MaxNumTexturesToStreamPerFrame:0]]
[2020.05.11-11.30.52:167][  0]LogConfig: Setting CVar [[r.Streaming.Boost:1]]
[2020.05.11-11.30.52:167][  0]LogConfig: Setting CVar [[r.MaxAnisotropy:8]]
[2020.05.11-11.30.52:167][  0]LogConfig: Setting CVar [[r.Streaming.LimitPoolSizeToVRAM:0]]
[2020.05.11-11.30.52:167][  0]LogConfig: Setting CVar [[r.Streaming.PoolSize:1000]]
[2020.05.11-11.30.52:167][  0]LogConfig: Setting CVar [[r.Streaming.MaxEffectiveScreenSize:0]]
[2020.05.11-11.30.52:167][  0]LogConfig: Applying CVar settings from Section [EffectsQuality@3] File [D:/Year 3/Collab/CollabUE4/Group-19-Collab/Group19UnrealProject/Saved/Config/Windows/Scalability.ini]
[2020.05.11-11.30.52:167][  0]LogConfig: Setting CVar [[r.TranslucencyLightingVolumeDim:64]]
[2020.05.11-11.30.52:167][  0]LogConfig: Setting CVar [[r.RefractionQuality:2]]
[2020.05.11-11.30.52:167][  0]LogConfig: Setting CVar [[r.SSR.Quality:3]]
[2020.05.11-11.30.52:167][  0]LogConfig: Setting CVar [[r.SceneColorFormat:4]]
[2020.05.11-11.30.52:167][  0]LogConfig: Setting CVar [[r.DetailMode:2]]
[2020.05.11-11.30.52:167][  0]LogConfig: Setting CVar [[r.TranslucencyVolumeBlur:1]]
[2020.05.11-11.30.52:167][  0]LogConfig: Setting CVar [[r.MaterialQualityLevel:1 ; High quality]]
[2020.05.11-11.30.52:167][  0]LogConfig: Setting CVar [[r.SSS.Scale:1]]
[2020.05.11-11.30.52:167][  0]LogConfig: Setting CVar [[r.SSS.SampleSet:2]]
[2020.05.11-11.30.52:167][  0]LogConfig: Setting CVar [[r.SSS.Quality:1]]
[2020.05.11-11.30.52:168][  0]LogConfig: Setting CVar [[r.SSS.HalfRes:1]]
[2020.05.11-11.30.52:168][  0]LogConfig: Setting CVar [[r.EmitterSpawnRateScale:1.0]]
[2020.05.11-11.30.52:168][  0]LogConfig: Setting CVar [[r.ParticleLightQuality:2]]
[2020.05.11-11.30.52:168][  0]LogConfig: Applying CVar settings from Section [FoliageQuality@3] File [D:/Year 3/Collab/CollabUE4/Group-19-Collab/Group19UnrealProject/Saved/Config/Windows/Scalability.ini]
[2020.05.11-11.30.52:168][  0]LogConfig: Setting CVar [[foliage.DensityScale:1.0]]
[2020.05.11-11.30.52:168][  0]LogConfig: Setting CVar [[grass.DensityScale:1.0]]
[2020.05.11-11.30.52:168][  0]LogInit: Selected Device Profile: [Windows]
[2020.05.11-11.30.52:168][  0]LogInit: Applying CVar settings loaded from the selected device profile: [Windows]
[2020.05.11-11.30.52:193][  0]LogHAL: Display: Platform has ~ 16 GB [17090830336 / 17179869184 / 16], which maps to Larger [LargestMinGB=32, LargerMinGB=12, DefaultMinGB=8, SmallerMinGB=6, SmallestMinGB=0)
[2020.05.11-11.30.52:193][  0]LogConfig: Setting CVar [[r.Vulkan.UseRealUBs:0		; Required until we fix HLR fall-out]]
[2020.05.11-11.30.52:193][  0]LogInit: Going up to parent DeviceProfile []
[2020.05.11-11.30.52:193][  0]LogConfig: Applying CVar settings from Section [ViewDistanceQuality@3] File [D:/Year 3/Collab/CollabUE4/Group-19-Collab/Group19UnrealProject/Saved/Config/Windows/Scalability.ini]
[2020.05.11-11.30.52:193][  0]LogConfig: Setting CVar [[r.SkeletalMeshLODBias:0]]
[2020.05.11-11.30.52:193][  0]LogConfig: Setting CVar [[r.ViewDistanceScale:1.0]]
[2020.05.11-11.30.52:193][  0]LogConfig: Applying CVar settings from Section [AntiAliasingQuality@3] File [D:/Year 3/Collab/CollabUE4/Group-19-Collab/Group19UnrealProject/Saved/Config/Windows/Scalability.ini]
[2020.05.11-11.30.52:193][  0]LogConfig: Setting CVar [[r.PostProcessAAQuality:4]]
[2020.05.11-11.30.52:193][  0]LogConfig: Applying CVar settings from Section [ShadowQuality@3] File [D:/Year 3/Collab/CollabUE4/Group-19-Collab/Group19UnrealProject/Saved/Config/Windows/Scalability.ini]
[2020.05.11-11.30.52:193][  0]LogConfig: Setting CVar [[r.LightFunctionQuality:1]]
[2020.05.11-11.30.52:193][  0]LogConfig: Setting CVar [[r.ShadowQuality:5]]
[2020.05.11-11.30.52:193][  0]LogConfig: Setting CVar [[r.Shadow.CSM.MaxCascades:10]]
[2020.05.11-11.30.52:193][  0]LogConfig: Setting CVar [[r.Shadow.MaxResolution:2048]]
[2020.05.11-11.30.52:193][  0]LogConfig: Setting CVar [[r.Shadow.MaxCSMResolution:2048]]
[2020.05.11-11.30.52:193][  0]LogConfig: Setting CVar [[r.Shadow.RadiusThreshold:0.01]]
[2020.05.11-11.30.52:193][  0]LogConfig: Setting CVar [[r.Shadow.DistanceScale:1.0]]
[2020.05.11-11.30.52:193][  0]LogConfig: Setting CVar [[r.Shadow.CSM.TransitionScale:1.0]]
[2020.05.11-11.30.52:193][  0]LogConfig: Setting CVar [[r.Shadow.PreShadowResolutionFactor:1.0]]
[2020.05.11-11.30.52:193][  0]LogConfig: Setting CVar [[r.DistanceFieldShadowing:1]]
[2020.05.11-11.30.52:193][  0]LogConfig: Setting CVar [[r.DistanceFieldAO:1]]
[2020.05.11-11.30.52:193][  0]LogConfig: Setting CVar [[r.AOQuality:2]]
[2020.05.11-11.30.52:193][  0]LogConfig: Setting CVar [[r.VolumetricFog:1]]
[2020.05.11-11.30.52:193][  0]LogConfig: Setting CVar [[r.VolumetricFog.GridPixelSize:8]]
[2020.05.11-11.30.52:194][  0]LogConfig: Setting CVar [[r.VolumetricFog.GridSizeZ:128]]
[2020.05.11-11.30.52:194][  0]LogConfig: Setting CVar [[r.VolumetricFog.HistoryMissSupersampleCount:4]]
[2020.05.11-11.30.52:194][  0]LogConfig: Setting CVar [[r.LightMaxDrawDistanceScale:1]]
[2020.05.11-11.30.52:194][  0]LogConfig: Setting CVar [[r.CapsuleShadows:1]]
[2020.05.11-11.30.52:194][  0]LogConfig: Applying CVar settings from Section [PostProcessQuality@3] File [D:/Year 3/Collab/CollabUE4/Group-19-Collab/Group19UnrealProject/Saved/Config/Windows/Scalability.ini]
[2020.05.11-11.30.52:194][  0]LogConfig: Setting CVar [[r.MotionBlurQuality:4]]
[2020.05.11-11.30.52:194][  0]LogConfig: Setting CVar [[r.AmbientOcclusionMipLevelFactor:0.4]]
[2020.05.11-11.30.52:194][  0]LogConfig: Setting CVar [[r.AmbientOcclusionMaxQuality:100]]
[2020.05.11-11.30.52:194][  0]LogConfig: Setting CVar [[r.AmbientOcclusionLevels:-1]]
[2020.05.11-11.30.52:194][  0]LogConfig: Setting CVar [[r.AmbientOcclusionRadiusScale:1.0]]
[2020.05.11-11.30.52:194][  0]LogConfig: Setting CVar [[r.DepthOfFieldQuality:2]]
[2020.05.11-11.30.52:194][  0]LogConfig: Setting CVar [[r.RenderTargetPoolMin:400]]
[2020.05.11-11.30.52:194][  0]LogConfig: Setting CVar [[r.LensFlareQuality:2]]
[2020.05.11-11.30.52:194][  0]LogConfig: Setting CVar [[r.SceneColorFringeQuality:1]]
[2020.05.11-11.30.52:194][  0]LogConfig: Setting CVar [[r.EyeAdaptationQuality:2]]
[2020.05.11-11.30.52:194][  0]LogConfig: Setting CVar [[r.BloomQuality:5]]
[2020.05.11-11.30.52:194][  0]LogConfig: Setting CVar [[r.FastBlurThreshold:100]]
[2020.05.11-11.30.52:194][  0]LogConfig: Setting CVar [[r.Upscale.Quality:3]]
[2020.05.11-11.30.52:194][  0]LogConfig: Setting CVar [[r.Tonemapper.GrainQuantization:1]]
[2020.05.11-11.30.52:194][  0]LogConfig: Setting CVar [[r.LightShaftQuality:1]]
[2020.05.11-11.30.52:194][  0]LogConfig: Setting CVar [[r.Filter.SizeScale:1]]
[2020.05.11-11.30.52:194][  0]LogConfig: Setting CVar [[r.Tonemapper.Quality:5]]
[2020.05.11-11.30.52:194][  0]LogConfig: Setting CVar [[r.DOF.Gather.AccumulatorQuality:1        ; higher gathering accumulator quality]]
[2020.05.11-11.30.52:194][  0]LogConfig: Setting CVar [[r.DOF.Gather.PostfilterMethod:1          ; Median3x3 postfilering method]]
[2020.05.11-11.30.52:194][  0]LogConfig: Setting CVar [[r.DOF.Gather.EnableBokehSettings:0       ; no bokeh simulation when gathering]]
[2020.05.11-11.30.52:194][  0]LogConfig: Setting CVar [[r.DOF.Gather.RingCount:4                 ; medium number of samples when gathering]]
[2020.05.11-11.30.52:194][  0]LogConfig: Setting CVar [[r.DOF.Scatter.ForegroundCompositing:1    ; additive foreground scattering]]
[2020.05.11-11.30.52:194][  0]LogConfig: Setting CVar [[r.DOF.Scatter.BackgroundCompositing:2    ; additive background scattering]]
[2020.05.11-11.30.52:194][  0]LogConfig: Setting CVar [[r.DOF.Scatter.EnableBokehSettings:1      ; bokeh simulation when scattering]]
[2020.05.11-11.30.52:194][  0]LogConfig: Setting CVar [[r.DOF.Scatter.MaxSpriteRatio:0.1         ; only a maximum of 10% of scattered bokeh]]
[2020.05.11-11.30.52:194][  0]LogConfig: Setting CVar [[r.DOF.Recombine.Quality:1                ; cheap slight out of focus]]
[2020.05.11-11.30.52:194][  0]LogConfig: Setting CVar [[r.DOF.Recombine.EnableBokehSettings:0    ; no bokeh simulation on slight out of focus]]
[2020.05.11-11.30.52:194][  0]LogConfig: Setting CVar [[r.DOF.TemporalAAQuality:1                ; more stable temporal accumulation]]
[2020.05.11-11.30.52:194][  0]LogConfig: Setting CVar [[r.DOF.Kernel.MaxForegroundRadius:0.025]]
[2020.05.11-11.30.52:194][  0]LogConfig: Setting CVar [[r.DOF.Kernel.MaxBackgroundRadius:0.025]]
[2020.05.11-11.30.52:194][  0]LogConfig: Applying CVar settings from Section [TextureQuality@3] File [D:/Year 3/Collab/CollabUE4/Group-19-Collab/Group19UnrealProject/Saved/Config/Windows/Scalability.ini]
[2020.05.11-11.30.52:194][  0]LogConfig: Setting CVar [[r.Streaming.MipBias:0]]
[2020.05.11-11.30.52:194][  0]LogConfig: Setting CVar [[r.Streaming.AmortizeCPUToGPUCopy:0]]
[2020.05.11-11.30.52:194][  0]LogConfig: Setting CVar [[r.Streaming.MaxNumTexturesToStreamPerFrame:0]]
[2020.05.11-11.30.52:194][  0]LogConfig: Setting CVar [[r.Streaming.Boost:1]]
[2020.05.11-11.30.52:194][  0]LogConfig: Setting CVar [[r.MaxAnisotropy:8]]
[2020.05.11-11.30.52:194][  0]LogConfig: Setting CVar [[r.Streaming.LimitPoolSizeToVRAM:0]]
[2020.05.11-11.30.52:194][  0]LogConfig: Setting CVar [[r.Streaming.PoolSize:1000]]
[2020.05.11-11.30.52:194][  0]LogConfig: Setting CVar [[r.Streaming.MaxEffectiveScreenSize:0]]
[2020.05.11-11.30.52:194][  0]LogConfig: Applying CVar settings from Section [EffectsQuality@3] File [D:/Year 3/Collab/CollabUE4/Group-19-Collab/Group19UnrealProject/Saved/Config/Windows/Scalability.ini]
[2020.05.11-11.30.52:194][  0]LogConfig: Setting CVar [[r.TranslucencyLightingVolumeDim:64]]
[2020.05.11-11.30.52:194][  0]LogConfig: Setting CVar [[r.RefractionQuality:2]]
[2020.05.11-11.30.52:194][  0]LogConfig: Setting CVar [[r.SSR.Quality:3]]
[2020.05.11-11.30.52:194][  0]LogConfig: Setting CVar [[r.SceneColorFormat:4]]
[2020.05.11-11.30.52:195][  0]LogConfig: Setting CVar [[r.DetailMode:2]]
[2020.05.11-11.30.52:195][  0]LogConfig: Setting CVar [[r.TranslucencyVolumeBlur:1]]
[2020.05.11-11.30.52:195][  0]LogConfig: Setting CVar [[r.MaterialQualityLevel:1 ; High quality]]
[2020.05.11-11.30.52:195][  0]LogConfig: Setting CVar [[r.SSS.Scale:1]]
[2020.05.11-11.30.52:195][  0]LogConfig: Setting CVar [[r.SSS.SampleSet:2]]
[2020.05.11-11.30.52:195][  0]LogConfig: Setting CVar [[r.SSS.Quality:1]]
[2020.05.11-11.30.52:195][  0]LogConfig: Setting CVar [[r.SSS.HalfRes:1]]
[2020.05.11-11.30.52:195][  0]LogConfig: Setting CVar [[r.EmitterSpawnRateScale:1.0]]
[2020.05.11-11.30.52:195][  0]LogConfig: Setting CVar [[r.ParticleLightQuality:2]]
[2020.05.11-11.30.52:195][  0]LogConfig: Applying CVar settings from Section [FoliageQuality@3] File [D:/Year 3/Collab/CollabUE4/Group-19-Collab/Group19UnrealProject/Saved/Config/Windows/Scalability.ini]
[2020.05.11-11.30.52:195][  0]LogConfig: Setting CVar [[foliage.DensityScale:1.0]]
[2020.05.11-11.30.52:195][  0]LogConfig: Setting CVar [[grass.DensityScale:1.0]]
[2020.05.11-11.30.52:195][  0]LogConfig: Applying CVar settings from Section [Startup] File [../../../Engine/Config/ConsoleVariables.ini]
[2020.05.11-11.30.52:195][  0]LogConfig: Setting CVar [[net.UseAdaptiveNetUpdateFrequency:0]]
[2020.05.11-11.30.52:195][  0]LogConfig: Setting CVar [[p.chaos.AllowCreatePhysxBodies:1]]
[2020.05.11-11.30.52:195][  0]LogConfig: Applying CVar settings from Section [ConsoleVariables] File [D:/Year 3/Collab/CollabUE4/Group-19-Collab/Group19UnrealProject/Saved/Config/Windows/Engine.ini]
[2020.05.11-11.30.52:195][  0]LogInit: Computer: DESKTOP-POPSFSP
[2020.05.11-11.30.52:195][  0]LogInit: User: DESKTOP
[2020.05.11-11.30.52:195][  0]LogInit: CPU Page size=4096, Cores=4
[2020.05.11-11.30.52:195][  0]LogInit: High frequency timer resolution =10.000000 MHz
[2020.05.11-11.30.52:196][  0]LogMemory: Memory total: Physical=15.9GB (16GB approx)
[2020.05.11-11.30.52:196][  0]LogMemory: Platform Memory Stats for Windows
[2020.05.11-11.30.52:196][  0]LogMemory: Process Physical Memory: 96.22 MB used, 96.23 MB peak
[2020.05.11-11.30.52:196][  0]LogMemory: Process Virtual Memory: 90.45 MB used, 90.45 MB peak
[2020.05.11-11.30.52:196][  0]LogMemory: Physical Memory: 7538.24 MB used,  8760.84 MB free, 16299.09 MB total
[2020.05.11-11.30.52:196][  0]LogMemory: Virtual Memory: 4643.77 MB used,  134213088.00 MB free, 134217728.00 MB total
[2020.05.11-11.30.52:225][  0]LogInit: Using OS detected language (en-GB).
[2020.05.11-11.30.52:225][  0]LogInit: Using OS detected locale (en-GB).
[2020.05.11-11.30.52:227][  0]LogTextLocalizationManager: No specific localization for 'en-GB' exists, so the 'en' localization will be used.
[2020.05.11-11.30.52:369][  0]LogInit: Setting process to per monitor DPI aware
[2020.05.11-11.30.52:398][  0]LogSlate: New Slate User Created.  User Index 0, Is Virtual User: 0
[2020.05.11-11.30.52:398][  0]LogSlate: Slate User Registered.  User Index 0, Is Virtual User: 0
[2020.05.11-11.30.52:530][  0]LogHMD: Failed to initialize OpenVR with code 110
[2020.05.11-11.30.52:530][  0]LogD3D11RHI: D3D11 adapters:
[2020.05.11-11.30.52:578][  0]LogD3D11RHI:    0. 'NVIDIA GeForce GTX 1070' (Feature Level 11_0)
[2020.05.11-11.30.52:578][  0]LogD3D11RHI:       8088/0/8149 MB DedicatedVideo/DedicatedSystem/SharedSystem, Outputs:2, VendorId:0x10de
[2020.05.11-11.30.52:580][  0]LogD3D11RHI:    1. 'Microsoft Basic Render Driver' (Feature Level 11_0)
[2020.05.11-11.30.52:580][  0]LogD3D11RHI:       0/0/8149 MB DedicatedVideo/DedicatedSystem/SharedSystem, Outputs:0, VendorId:0x1414
[2020.05.11-11.30.52:580][  0]LogD3D11RHI: Chosen D3D11 Adapter: 0
[2020.05.11-11.30.52:587][  0]LogD3D11RHI: Creating new Direct3DDevice
[2020.05.11-11.30.52:587][  0]LogD3D11RHI:     GPU DeviceId: 0x1b81 (for the marketing name, search the web for "GPU Device Id")
[2020.05.11-11.30.52:587][  0]LogWindows: EnumDisplayDevices:
[2020.05.11-11.30.52:587][  0]LogWindows:    0. 'NVIDIA GeForce GTX 1070' (P:1 D:1)
[2020.05.11-11.30.52:587][  0]LogWindows:    1. 'NVIDIA GeForce GTX 1070' (P:0 D:1)
[2020.05.11-11.30.52:587][  0]LogWindows:    2. 'NVIDIA GeForce GTX 1070' (P:0 D:0)
[2020.05.11-11.30.52:588][  0]LogWindows:    3. 'NVIDIA GeForce GTX 1070' (P:0 D:0)
[2020.05.11-11.30.52:588][  0]LogWindows: DebugString: FoundDriverCount:4 
[2020.05.11-11.30.52:588][  0]LogD3D11RHI:     Adapter Name: NVIDIA GeForce GTX 1070
[2020.05.11-11.30.52:588][  0]LogD3D11RHI:   Driver Version: 445.75 (internal:26.21.14.4575, unified:445.75)
[2020.05.11-11.30.52:588][  0]LogD3D11RHI:      Driver Date: 3-17-2020
[2020.05.11-11.30.52:588][  0]LogRHI: Texture pool is 5661 MB (70% of 8088 MB)
[2020.05.11-11.30.52:622][  0]LogD3D11RHI: Async texture creation enabled
[2020.05.11-11.30.52:629][  0]LogRendererCore: FGlobalReadBuffer::InitRHI
[2020.05.11-11.30.52:629][  0]LogRendererCore: FGlobalReadBuffer::InitRHI
[2020.05.11-11.30.52:630][  0]LogRendererCore: FGlobalReadBuffer::InitRHI
[2020.05.11-11.30.52:643][  0]LogD3D11RHI: GPU Timing Frequency: 1000.000000 (Debug: 2 2)
[2020.05.11-11.30.52:865][  0]LogTemp: Display: Module 'AllDesktopTargetPlatform' loaded TargetPlatform 'AllDesktop'
[2020.05.11-11.30.52:876][  0]LogTemp: Display: Module 'MacClientTargetPlatform' loaded TargetPlatform 'MacClient'
[2020.05.11-11.30.52:887][  0]LogTemp: Display: Module 'MacNoEditorTargetPlatform' loaded TargetPlatform 'MacNoEditor'
[2020.05.11-11.30.52:898][  0]LogTemp: Display: Module 'MacServerTargetPlatform' loaded TargetPlatform 'MacServer'
[2020.05.11-11.30.52:909][  0]LogTemp: Display: Module 'MacTargetPlatform' loaded TargetPlatform 'Mac'
[2020.05.11-11.30.52:919][  0]LogTemp: Display: Module 'WindowsClientTargetPlatform' loaded TargetPlatform 'WindowsClient'
[2020.05.11-11.30.52:931][  0]LogTemp: Display: Module 'WindowsNoEditorTargetPlatform' loaded TargetPlatform 'WindowsNoEditor'
[2020.05.11-11.30.52:942][  0]LogTemp: Display: Module 'WindowsServerTargetPlatform' loaded TargetPlatform 'WindowsServer'
[2020.05.11-11.30.52:947][  0]LogTemp: Display: Module 'WindowsTargetPlatform' loaded TargetPlatform 'Windows'
[2020.05.11-11.30.53:011][  0]LogTemp: Display: Module 'AndroidTargetPlatform' loaded TargetPlatform 'Android'
[2020.05.11-11.30.53:011][  0]LogTemp: Display: Module 'AndroidTargetPlatform' loaded TargetPlatform 'Android_ASTC'
[2020.05.11-11.30.53:011][  0]LogTemp: Display: Module 'AndroidTargetPlatform' loaded TargetPlatform 'Android_ATC'
[2020.05.11-11.30.53:011][  0]LogTemp: Display: Module 'AndroidTargetPlatform' loaded TargetPlatform 'Android_DXT'
[2020.05.11-11.30.53:011][  0]LogTemp: Display: Module 'AndroidTargetPlatform' loaded TargetPlatform 'Android_ETC1'
[2020.05.11-11.30.53:011][  0]LogTemp: Display: Module 'AndroidTargetPlatform' loaded TargetPlatform 'Android_ETC1a'
[2020.05.11-11.30.53:011][  0]LogTemp: Display: Module 'AndroidTargetPlatform' loaded TargetPlatform 'Android_ETC2'
[2020.05.11-11.30.53:011][  0]LogTemp: Display: Module 'AndroidTargetPlatform' loaded TargetPlatform 'Android_PVRTC'
[2020.05.11-11.30.53:011][  0]LogTemp: Display: Module 'AndroidTargetPlatform' loaded TargetPlatform 'AndroidClient'
[2020.05.11-11.30.53:011][  0]LogTemp: Display: Module 'AndroidTargetPlatform' loaded TargetPlatform 'Android_ASTCClient'
[2020.05.11-11.30.53:011][  0]LogTemp: Display: Module 'AndroidTargetPlatform' loaded TargetPlatform 'Android_ATCClient'
[2020.05.11-11.30.53:011][  0]LogTemp: Display: Module 'AndroidTargetPlatform' loaded TargetPlatform 'Android_DXTClient'
[2020.05.11-11.30.53:011][  0]LogTemp: Display: Module 'AndroidTargetPlatform' loaded TargetPlatform 'Android_ETC1Client'
[2020.05.11-11.30.53:011][  0]LogTemp: Display: Module 'AndroidTargetPlatform' loaded TargetPlatform 'Android_ETC1aClient'
[2020.05.11-11.30.53:011][  0]LogTemp: Display: Module 'AndroidTargetPlatform' loaded TargetPlatform 'Android_ETC2Client'
[2020.05.11-11.30.53:011][  0]LogTemp: Display: Module 'AndroidTargetPlatform' loaded TargetPlatform 'Android_PVRTCClient'
[2020.05.11-11.30.53:011][  0]LogTemp: Display: Module 'AndroidTargetPlatform' loaded TargetPlatform 'Android_Multi'
[2020.05.11-11.30.53:011][  0]LogTemp: Display: Module 'AndroidTargetPlatform' loaded TargetPlatform 'Android_MultiClient'
[2020.05.11-11.30.53:012][  0]LogTemp: Display: Module 'HTML5TargetPlatform' loaded TargetPlatform 'HTML5'
[2020.05.11-11.30.53:054][  0]LogTemp: Display: Module 'IOSTargetPlatform' loaded TargetPlatform 'IOSClient'
[2020.05.11-11.30.53:054][  0]LogTemp: Display: Module 'IOSTargetPlatform' loaded TargetPlatform 'IOS'
[2020.05.11-11.30.53:073][  0]LogTemp: Display: Module 'TVOSTargetPlatform' loaded TargetPlatform 'TVOSClient'
[2020.05.11-11.30.53:073][  0]LogTemp: Display: Module 'TVOSTargetPlatform' loaded TargetPlatform 'TVOS'
[2020.05.11-11.30.53:082][  0]LogTemp: Display: Module 'LinuxClientTargetPlatform' loaded TargetPlatform 'LinuxClient'
[2020.05.11-11.30.53:092][  0]LogTemp: Display: Module 'LinuxNoEditorTargetPlatform' loaded TargetPlatform 'LinuxNoEditor'
[2020.05.11-11.30.53:102][  0]LogTemp: Display: Module 'LinuxServerTargetPlatform' loaded TargetPlatform 'LinuxServer'
[2020.05.11-11.30.53:112][  0]LogTemp: Display: Module 'LinuxTargetPlatform' loaded TargetPlatform 'Linux'
[2020.05.11-11.30.53:147][  0]LogTemp: Display: Module 'LuminTargetPlatform' loaded TargetPlatform 'Lumin'
[2020.05.11-11.30.53:147][  0]LogTemp: Display: Module 'LuminTargetPlatform' loaded TargetPlatform 'LuminClient'
[2020.05.11-11.30.53:147][  0]LogTargetPlatformManager: Display: Building Assets For Windows
[2020.05.11-11.30.53:153][  0]LogAudioDebug: Display: Lib vorbis DLL was dynamically loaded.
[2020.05.11-11.30.53:193][  0]LogShaderCompilers: Guid format shader working directory is -16 characters bigger than the processId version (D:/Year 3/Collab/CollabUE4/Group-19-Collab/Group19UnrealProject/Intermediate/Shaders/WorkingDirectory/12280/).
[2020.05.11-11.30.53:193][  0]LogShaderCompilers: Cleaned the shader compiler working directory 'C:/Users/DESKTOP/AppData/Local/Temp/UnrealShaderWorkingDir/54BF712548547F356C152ABC3D7A1427/'.
[2020.05.11-11.30.53:195][  0]LogXGEController: Cleaning working directory: C:/Users/DESKTOP/AppData/Local/Temp/UnrealXGEWorkingDir/
[2020.05.11-11.30.53:195][  0]LogXGEController: Cannot use XGE Controller as Incredibuild is not installed on this machine.
[2020.05.11-11.30.53:195][  0]LogShaderCompilers: Cannot use XGE Shader Compiler as Incredibuild is not installed on this machine.
[2020.05.11-11.30.53:195][  0]LogShaderCompilers: Display: Using Local Shader Compiler.
[2020.05.11-11.30.53:656][  0]LogDerivedDataCache: Display: Max Cache Size: 512 MB
[2020.05.11-11.30.53:695][  0]LogDerivedDataCache: Loaded boot cache 0.04s 71MB C:/Users/DESKTOP/AppData/Local/UnrealEngine/4.22/DerivedDataCache/Boot.ddc.
[2020.05.11-11.30.53:695][  0]LogDerivedDataCache: Display: Loaded Boot cache: C:/Users/DESKTOP/AppData/Local/UnrealEngine/4.22/DerivedDataCache/Boot.ddc
[2020.05.11-11.30.53:695][  0]LogDerivedDataCache: FDerivedDataBackendGraph:  Pak pak cache file D:/Year 3/Collab/CollabUE4/Group-19-Collab/Group19UnrealProject/DerivedDataCache/DDC.ddp not found, will not use a pak cache.
[2020.05.11-11.30.53:695][  0]LogDerivedDataCache: Unable to find inner node Pak for hierarchical cache Hierarchy.
[2020.05.11-11.30.53:695][  0]LogDerivedDataCache: FDerivedDataBackendGraph:  CompressedPak pak cache file D:/Year 3/Collab/CollabUE4/Group-19-Collab/Group19UnrealProject/DerivedDataCache/Compressed.ddp not found, will not use a pak cache.
[2020.05.11-11.30.53:695][  0]LogDerivedDataCache: Unable to find inner node CompressedPak for hierarchical cache Hierarchy.
[2020.05.11-11.30.53:705][  0]LogDerivedDataCache: Display: Pak cache opened for reading ../../../Engine/DerivedDataCache/Compressed.ddp.
[2020.05.11-11.30.53:705][  0]LogDerivedDataCache: FDerivedDataBackendGraph:  EnterprisePak pak cache file ../../../Enterprise/DerivedDataCache/Compressed.ddp not found, will not use a pak cache.
[2020.05.11-11.30.53:705][  0]LogDerivedDataCache: Unable to find inner node EnterprisePak for hierarchical cache Hierarchy.
[2020.05.11-11.30.53:717][  0]LogDerivedDataCache: Using Local data cache path C:/Users/DESKTOP/AppData/Local/UnrealEngine/Common/DerivedDataCache: Writable
[2020.05.11-11.30.53:717][  0]LogDerivedDataCache: Shared data cache path not found in *engine.ini, will not use an Shared cache.
[2020.05.11-11.30.53:717][  0]LogDerivedDataCache: Unable to find inner node Shared for hierarchical cache Hierarchy.
[2020.05.11-11.30.53:751][  0]LogMaterial: Verifying Global Shaders for PCD3D_SM5
[2020.05.11-11.30.53:752][  0]LogSlate: Using FreeType 2.6.0
[2020.05.11-11.30.53:752][  0]LogSlate: SlateFontServices - WITH_FREETYPE: 1, WITH_HARFBUZZ: 1
[2020.05.11-11.30.53:822][  0]LogAssetRegistry: FAssetRegistry took 0.0304 seconds to start up
[2020.05.11-11.30.54:101][  0]LogInit: Selected Device Profile: [Windows]
[2020.05.11-11.30.54:212][  0]LogMeshReduction: Using QuadricMeshReduction for automatic static mesh reduction
[2020.05.11-11.30.54:212][  0]LogMeshReduction: Using SimplygonMeshReduction for automatic skeletal mesh reduction
[2020.05.11-11.30.54:212][  0]LogMeshReduction: Using ProxyLODMeshReduction for automatic mesh merging
[2020.05.11-11.30.54:212][  0]LogMeshReduction: No distributed automatic mesh merging module available
[2020.05.11-11.30.54:212][  0]LogMeshMerging: No distributed automatic mesh merging module available
[2020.05.11-11.30.54:219][  0]LogNetVersion: Group19UnrealProject 1.0.0, NetCL: 5660361, EngineNetVer: 10, GameNetVer: 0 (Checksum: 623720685)
[2020.05.11-11.30.54:543][  0]LogPackageLocalizationCache: Processed 10 localized package path(s) for 1 prioritized culture(s) in 0.032961 seconds
[2020.05.11-11.30.54:551][  0]LogUObjectArray: 42205 objects as part of root set at end of initial load.
[2020.05.11-11.30.54:551][  0]LogUObjectAllocator: 7325032 out of 0 bytes used by permanent object pool.
[2020.05.11-11.30.54:551][  0]LogUObjectArray: CloseDisregardForGC: 0/0 objects in disregard for GC pool
[2020.05.11-11.30.55:209][  0]LogTcpMessaging: Initializing TcpMessaging bridge
[2020.05.11-11.30.55:222][  0]LogUdpMessaging: Initializing bridge on interface 0.0.0.0:0 to multicast group 230.0.0.1:6666.
[2020.05.11-11.30.55:336][  0]SourceControl: Source control is disabled
[2020.05.11-11.30.55:336][  0]SourceControl: Source control is disabled
[2020.05.11-11.30.55:337][  0]SourceControl: Source control is disabled
[2020.05.11-11.30.55:339][  0]SourceControl: Source control is disabled
[2020.05.11-11.30.55:345][  0]LogVSAccessor: Display: Unable to create Visual Studio setup instance: 80040154
[2020.05.11-11.30.55:345][  0]LogVSAccessor: Display: Unable to create Visual Studio setup instance: 80040154
[2020.05.11-11.30.55:400][  0]LogAndroidPermission: UAndroidPermissionCallbackProxy::GetInstance
[2020.05.11-11.30.55:592][  0]LogOcInput: OculusInput pre-init called
[2020.05.11-11.30.56:201][  0]LogEngine: Initializing Engine...
[2020.05.11-11.30.56:201][  0]LogHMD: Failed to initialize OpenVR with code 110
[2020.05.11-11.30.56:202][  0]LogStats: UGameplayTagsManager::InitializeManager -  0.000 s
[2020.05.11-11.30.56:397][  0]LogInit: Initializing FReadOnlyCVARCache
[2020.05.11-11.30.56:408][  0]LogAIModule: Creating AISystem for world Untitled
[2020.05.11-11.30.56:449][  0]LogInit: XAudio2 using '扬声器 (Realtek High Definition Audio)' : 2 channels at 48 kHz using 32 bits per sample (channel mask 0x3)
[2020.05.11-11.30.56:469][  0]LogInit: FAudioDevice initialized.
[2020.05.11-11.30.56:469][  0]LogNetVersion: Set ProjectVersion to 1.0.0.0. Version Checksum will be recalculated on next use.
[2020.05.11-11.30.56:556][  0]LogDerivedDataCache: Saved boot cache 0.09s 71MB C:/Users/DESKTOP/AppData/Local/UnrealEngine/4.22/DerivedDataCache/Boot.ddc.
[2020.05.11-11.30.56:563][  0]LogInit: Texture streaming: Enabled
[2020.05.11-11.30.56:597][  0]LogEngineSessionManager: EngineSessionManager initialized
[2020.05.11-11.30.56:623][  0]LogInit: Transaction tracking system initialized
[2020.05.11-11.30.56:642][  0]BlueprintLog: New page: Editor Load
[2020.05.11-11.30.56:730][  0]LocalizationService: Localization service is disabled
[2020.05.11-11.30.56:846][  0]LogVSAccessor: Display: Unable to create Visual Studio setup instance: 80040154
[2020.05.11-11.30.56:847][  0]LogVSAccessor: Display: Unable to create Visual Studio setup instance: 80040154
[2020.05.11-11.30.56:978][  0]LogFileCache: Scanning file cache for directory 'D:/Year 3/Collab/CollabUE4/Group-19-Collab/Group19UnrealProject/Content/' took 0.01s
[2020.05.11-11.30.56:978][  0]LogCook: Display: Max memory allowance for cook 16384mb min free memory 0mb
[2020.05.11-11.30.56:979][  0]LogCook: Display: Mobile HDR setting 1
[2020.05.11-11.30.57:112][  0]SourceControl: Source control is disabled
[2020.05.11-11.30.57:112][  0]Cmd: MAP LOAD FILE="D:/Year 3/Collab/CollabUE4/Group-19-Collab/Group19UnrealProject/Content/StarterContent/Maps/Minimal_Default.umap" TEMPLATE=0 SHOWPROGRESS=1 FEATURELEVEL=3
[2020.05.11-11.30.57:112][  0]LightingResults: New page: Lighting Build
[2020.05.11-11.30.57:114][  0]MapCheck: New page: Map Check
[2020.05.11-11.30.57:114][  0]LightingResults: New page: Lighting Build
[2020.05.11-11.30.57:133][  0]LogUObjectHash: Compacting FUObjectHashTables data took   1.24ms
[2020.05.11-11.30.57:177][  0]LogLinker: Warning: Can't find file '/Game/StarterContent/Maps/Minimal_Default_BuiltData'
[2020.05.11-11.30.57:177][  0]LogLinker: Warning: Can't find file for asset '/Game/StarterContent/Maps/Minimal_Default_BuiltData' while loading NULL.
[2020.05.11-11.30.57:188][  0]LogLinker: Warning: Can't find file '/Game/StarterContent/Maps/Minimal_Default_BuiltData'
[2020.05.11-11.30.57:188][  0]LogLinker: Warning: Can't find file for asset '/Game/StarterContent/Maps/Minimal_Default_BuiltData' while loading NULL.
[2020.05.11-11.30.57:195][  0]LogLinker: Warning: Can't find file '/Game/StarterContent/Maps/Minimal_Default_BuiltData'
[2020.05.11-11.30.57:195][  0]LogLinker: Warning: Can't find file for asset '/Game/StarterContent/Maps/Minimal_Default_BuiltData' while loading NULL.
[2020.05.11-11.30.57:195][  0]LogLinker: Warning: Can't find file '/Game/StarterContent/Maps/Minimal_Default_BuiltData'
[2020.05.11-11.30.57:195][  0]LogLinker: Warning: Can't find file for asset '/Game/StarterContent/Maps/Minimal_Default_BuiltData' while loading NULL.
[2020.05.11-11.30.57:213][  0]LogLinker: Warning: Can't find file '/Game/StarterContent/Maps/Minimal_Default_BuiltData'
[2020.05.11-11.30.57:213][  0]LoadErrors: Failed to load /Game/StarterContent/Maps/Minimal_Default_BuiltData.Minimal_Default_BuiltData Referenced by PersistentLevel
[2020.05.11-11.30.57:213][  0]LogLinker: Warning: Can't find file for asset '/Game/StarterContent/Maps/Minimal_Default_BuiltData' while loading NULL.
[2020.05.11-11.30.57:292][  0]LogAIModule: Creating AISystem for world Minimal_Default
[2020.05.11-11.30.57:296][  0]LogEditorServer: Finished looking for orphan Actors (0.000 secs)
[2020.05.11-11.30.57:316][  0]LogUObjectHash: Compacting FUObjectHashTables data took   1.47ms
[2020.05.11-11.30.57:316][  0]Cmd: MAP CHECKDEP NOCLEARLOG
[2020.05.11-11.30.57:316][  0]MapCheck: Map check complete: 0 Error(s), 0 Warning(s), took 0.087ms to complete.
[2020.05.11-11.30.57:317][  0]LogFileHelpers: Loading map 'Minimal_Default' took 0.205
[2020.05.11-11.30.57:434][  0]LogSlate: Updating window title bar state: overlay mode, drag disabled, window buttons hidden, title bar hidden
[2020.05.11-11.30.57:441][  0]LogSlate: Updating window title bar state: overlay mode, drag disabled, window buttons hidden, title bar hidden
[2020.05.11-11.30.57:447][  0]LogSlate: Updating window title bar state: overlay mode, drag disabled, window buttons hidden, title bar hidden
[2020.05.11-11.30.57:453][  0]LogSlate: Updating window title bar state: overlay mode, drag disabled, window buttons hidden, title bar hidden
[2020.05.11-11.30.57:457][  0]LogCollectionManager: Loaded 0 collections in 0.001410 seconds
[2020.05.11-11.30.57:495][  0]LogFileCache: Scanning file cache for directory 'D:/Year 3/Collab/CollabUE4/Group-19-Collab/Group19UnrealProject/Saved/Collections/' took 0.01s
[2020.05.11-11.30.57:495][  0]LogFileCache: Scanning file cache for directory 'D:/Year 3/Collab/CollabUE4/Group-19-Collab/Group19UnrealProject/Content/Developers/DESKTOP/Collections/' took 0.01s
[2020.05.11-11.30.57:495][  0]LogFileCache: Scanning file cache for directory 'D:/Year 3/Collab/CollabUE4/Group-19-Collab/Group19UnrealProject/Content/Collections/' took 0.01s
[2020.05.11-11.30.57:495][  0]LogCollectionManager: Rebuilt the GUID cache for 0 collections in 0.000000 seconds
[2020.05.11-11.30.57:502][  0]LogContentBrowser: Native class hierarchy populated in 0.0069 seconds. Added 2732 classes and 659 folders.
[2020.05.11-11.30.57:507][  0]LogContentBrowser: Native class hierarchy updated for 'WidgetCarousel' in 0.0002 seconds. Added 0 classes and 0 folders.
[2020.05.11-11.30.57:508][  0]LogPakFile: Registered encryption key '00000000000000000000000000000000': 0 pak files mounted, 0 remain pending
[2020.05.11-11.30.57:509][  0]LogPakFile: Registered encryption key '00000000000000000000000000000000': 0 pak files mounted, 0 remain pending
[2020.05.11-11.30.57:509][  0]LogPakFile: Registered encryption key '00000000000000000000000000000000': 0 pak files mounted, 0 remain pending
[2020.05.11-11.30.57:510][  0]LogPakFile: Registered encryption key '00000000000000000000000000000000': 0 pak files mounted, 0 remain pending
[2020.05.11-11.30.57:510][  0]LogPakFile: Registered encryption key '00000000000000000000000000000000': 0 pak files mounted, 0 remain pending
[2020.05.11-11.30.57:511][  0]LogPakFile: Registered encryption key '00000000000000000000000000000000': 0 pak files mounted, 0 remain pending
[2020.05.11-11.30.57:511][  0]LogPakFile: Registered encryption key '00000000000000000000000000000000': 0 pak files mounted, 0 remain pending
[2020.05.11-11.30.57:511][  0]LogPakFile: Registered encryption key '00000000000000000000000000000000': 0 pak files mounted, 0 remain pending
[2020.05.11-11.30.57:512][  0]LogPakFile: Registered encryption key '00000000000000000000000000000000': 0 pak files mounted, 0 remain pending
[2020.05.11-11.30.57:512][  0]LogPakFile: Registered encryption key '00000000000000000000000000000000': 0 pak files mounted, 0 remain pending
[2020.05.11-11.30.57:513][  0]LogPakFile: Registered encryption key '00000000000000000000000000000000': 0 pak files mounted, 0 remain pending
[2020.05.11-11.30.57:513][  0]LogPakFile: Registered encryption key '00000000000000000000000000000000': 0 pak files mounted, 0 remain pending
[2020.05.11-11.30.57:514][  0]LogPakFile: Registered encryption key '00000000000000000000000000000000': 0 pak files mounted, 0 remain pending
[2020.05.11-11.30.57:514][  0]LogPakFile: Registered encryption key '00000000000000000000000000000000': 0 pak files mounted, 0 remain pending
[2020.05.11-11.30.57:514][  0]LogPakFile: Registered encryption key '00000000000000000000000000000000': 0 pak files mounted, 0 remain pending
[2020.05.11-11.30.57:515][  0]LogPakFile: Registered encryption key '00000000000000000000000000000000': 0 pak files mounted, 0 remain pending
[2020.05.11-11.30.57:515][  0]LogPakFile: Registered encryption key '00000000000000000000000000000000': 0 pak files mounted, 0 remain pending
[2020.05.11-11.30.57:516][  0]LogPakFile: Registered encryption key '00000000000000000000000000000000': 0 pak files mounted, 0 remain pending
[2020.05.11-11.30.57:516][  0]LogPakFile: Registered encryption key '00000000000000000000000000000000': 0 pak files mounted, 0 remain pending
[2020.05.11-11.30.57:517][  0]LogPakFile: Registered encryption key '00000000000000000000000000000000': 0 pak files mounted, 0 remain pending
[2020.05.11-11.30.57:517][  0]LogPakFile: Registered encryption key '00000000000000000000000000000000': 0 pak files mounted, 0 remain pending
[2020.05.11-11.30.57:517][  0]LogPakFile: Registered encryption key '00000000000000000000000000000000': 0 pak files mounted, 0 remain pending
[2020.05.11-11.30.57:518][  0]LogPakFile: Registered encryption key '00000000000000000000000000000000': 0 pak files mounted, 0 remain pending
[2020.05.11-11.30.57:518][  0]LogPakFile: Registered encryption key '00000000000000000000000000000000': 0 pak files mounted, 0 remain pending
[2020.05.11-11.30.57:519][  0]LogPakFile: Registered encryption key '00000000000000000000000000000000': 0 pak files mounted, 0 remain pending
[2020.05.11-11.30.57:519][  0]LogPakFile: Registered encryption key '00000000000000000000000000000000': 0 pak files mounted, 0 remain pending
[2020.05.11-11.30.57:540][  0]LogContentBrowser: Native class hierarchy updated for 'AddContentDialog' in 0.0002 seconds. Added 0 classes and 0 folders.
[2020.05.11-11.30.57:544][  0]LogContentBrowser: Native class hierarchy updated for 'SceneOutliner' in 0.0003 seconds. Added 1 classes and 2 folders.
[2020.05.11-11.30.57:593][  0]LogSlate: Took 0.000152 seconds to synchronously load lazily loaded font '../../../Engine/Content/Slate/Fonts/Roboto-Regular.ttf' (155K)
[2020.05.11-11.30.57:596][  0]LogSlate: Took 0.000153 seconds to synchronously load lazily loaded font '../../../Engine/Content/Slate/Fonts/Roboto-Bold.ttf' (160K)
[2020.05.11-11.30.57:598][  0]LogSlate: Took 0.000122 seconds to synchronously load lazily loaded font '../../../Engine/Content/Editor/Slate/Fonts/FontAwesome.ttf' (139K)
[2020.05.11-11.30.57:639][  0]LogRenderer: Reallocating scene render targets to support 1528x532 Format 10 NumSamples 1 (Frame:1).
[2020.05.11-11.30.57:732][  0]LogContentBrowser: Native class hierarchy updated for 'HierarchicalLODOutliner' in 0.0003 seconds. Added 0 classes and 0 folders.
[2020.05.11-11.30.57:732][  0]LogLoad: (Engine Initialization) Total time: 7.09 seconds
[2020.05.11-11.30.57:732][  0]LogLoad: (Engine Initialization) Total Blueprint compile time: 0.00 seconds
[2020.05.11-11.30.57:779][  0]LogAssetRegistry: Asset discovery search completed in 3.9792 seconds
[2020.05.11-11.30.57:782][  0]LogCollectionManager: Rebuilt the object cache for 0 collections in 0.000000 seconds (found 0 objects)
[2020.05.11-11.30.57:782][  0]LogCollectionManager: Fixed up redirectors for 0 collections in 0.000072 seconds (updated 0 objects)
[2020.05.11-11.30.57:784][  0]LogContentStreaming: Texture pool size now 1000 MB
[2020.05.11-11.30.57:797][  0]LogSlate: FSceneViewport::OnFocusLost() reason 2
[2020.05.11-11.30.57:815][  0]LogSlate: Took 0.000145 seconds to synchronously load lazily loaded font '../../../Engine/Content/Slate/Fonts/Roboto-Light.ttf' (167K)
[2020.05.11-11.31.05:173][868]LogSlate: Window 'Message Log' being destroyed
[2020.05.11-11.31.05:176][868]LogSlate: Window 'Message Log' being destroyed
[2020.05.11-11.31.06:007][968]LogSlate: FSceneViewport::OnFocusLost() reason 0
[2020.05.11-11.31.30:813][897]LogSlate: Took 0.000153 seconds to synchronously load lazily loaded font '../../../Engine/Content/Slate/Fonts/Roboto-Light.ttf' (167K)
[2020.05.11-11.31.30:824][897]LogFactory: FactoryCreateFile: StaticMesh with FbxFactory (0 0 D:/Year 3/Collab/Assets/Main Desk/MainDesk1.FBX)
[2020.05.11-11.31.30:843][897]LogFbx: Loading FBX Scene from D:/Year 3/Collab/Assets/Main Desk/MainDesk1.FBX
[2020.05.11-11.31.30:849][897]LogFbx: FBX Scene Loaded Succesfully
[2020.05.11-11.31.30:849][897]FBXImport: Warning: FBX Scene Loading: Found material name clash, name clash can be wrongly reassign at reimport , material '02 - Default' was rename '02 - Default_ncl1_1' 
[2020.05.11-11.31.30:849][897]FBXImport: Warning: FBX Scene Loading: Found material name clash, name clash can be wrongly reassign at reimport , material '02 - Default' was rename '02 - Default_ncl1_2' 
[2020.05.11-11.31.30:849][897]FBXImport: Warning: FBX Scene Loading: Found material name clash, name clash can be wrongly reassign at reimport , material '02 - Default' was rename '02 - Default_ncl1_3' 
[2020.05.11-11.31.30:849][897]FBXImport: Warning: FBX Scene Loading: Found material name clash, name clash can be wrongly reassign at reimport , material '02 - Default' was rename '02 - Default_ncl1_4' 
[2020.05.11-11.31.30:849][897]FBXImport: Warning: FBX Scene Loading: Found material name clash, name clash can be wrongly reassign at reimport , material '02 - Default' was rename '02 - Default_ncl1_5' 
[2020.05.11-11.31.30:849][897]FBXImport: Warning: FBX Scene Loading: Found material name clash, name clash can be wrongly reassign at reimport , material '02 - Default' was rename '02 - Default_ncl1_6' 
[2020.05.11-11.31.38:686][897]LogSlate: Window 'FBX Import Options' being destroyed
[2020.05.11-11.31.38:739][897]LogStaticMesh: Building static mesh MainDesk1...
[2020.05.11-11.31.38:747][897]LogStaticMesh: Built static mesh [0.01s] /Game/Art/RoomAssets/StarterRoom/MainDesk/MainDesk1.MainDesk1
[2020.05.11-11.31.38:749][897]LogStaticMesh: Warning: MainDesk1 has degenerate tangent bases which will result in incorrect shading.  MikkTSpace relies on tangent bases and may result in mesh corruption, consider disabling this option.
[2020.05.11-11.31.38:749][897]LogStaticMesh: Warning: MainDesk1 has some nearly zero bi-normals which can create some issues. (Tolerance of 1E-4)
[2020.05.11-11.31.38:758][897]FBXImport: Warning: No smoothing group information was found in this FBX scene.  Please make sure to enable the 'Export Smoothing Groups' option in the FBX Exporter plug-in before exporting the file.  Even for tools that don't support smoothing groups, the FBX Exporter will generate appropriate smoothing data at export-time so that correct vertex normals can be inferred while importing. 
[2020.05.11-11.31.38:758][897]FBXImport: Warning: MainDesk1 has degenerate tangent bases which will result in incorrect shading.  MikkTSpace relies on tangent bases and may result in mesh corruption, consider disabling this option. 
[2020.05.11-11.31.38:758][897]FBXImport: Warning: MainDesk1 has some nearly zero bi-normals which can create some issues. (Tolerance of 1E-4) 
[2020.05.11-11.31.38:764][897]LogFactory: FactoryCreateFile: StaticMesh with FbxFactory (0 0 D:/Year 3/Collab/Assets/Main Desk/MainDesk2.FBX)
[2020.05.11-11.31.38:782][897]LogFbx: Loading FBX Scene from D:/Year 3/Collab/Assets/Main Desk/MainDesk2.FBX
[2020.05.11-11.31.38:789][897]LogFbx: FBX Scene Loaded Succesfully
[2020.05.11-11.31.38:806][897]LogStaticMesh: Building static mesh MainDesk2...
[2020.05.11-11.31.38:823][897]LogStaticMesh: Built static mesh [0.02s] /Game/Art/RoomAssets/StarterRoom/MainDesk/MainDesk2.MainDesk2
[2020.05.11-11.31.38:828][897]LogStaticMesh: Warning: MainDesk2 has degenerate tangent bases which will result in incorrect shading.  MikkTSpace relies on tangent bases and may result in mesh corruption, consider disabling this option.
[2020.05.11-11.31.38:828][897]LogStaticMesh: Warning: MainDesk2 has some nearly zero bi-normals which can create some issues. (Tolerance of 1E-4)
[2020.05.11-11.31.38:839][897]FBXImport: Warning: FBX Scene Loading: Found material name clash, name clash can be wrongly reassign at reimport , material '02 - Default' was rename '02 - Default_ncl1_1' 
[2020.05.11-11.31.38:839][897]FBXImport: Warning: FBX Scene Loading: Found material name clash, name clash can be wrongly reassign at reimport , material '02 - Default' was rename '02 - Default_ncl1_2' 
[2020.05.11-11.31.38:839][897]FBXImport: Warning: FBX Scene Loading: Found material name clash, name clash can be wrongly reassign at reimport , material '02 - Default' was rename '02 - Default_ncl1_3' 
[2020.05.11-11.31.38:839][897]FBXImport: Warning: FBX Scene Loading: Found material name clash, name clash can be wrongly reassign at reimport , material '02 - Default' was rename '02 - Default_ncl1_4' 
[2020.05.11-11.31.38:839][897]FBXImport: Warning: FBX Scene Loading: Found material name clash, name clash can be wrongly reassign at reimport , material '02 - Default' was rename '02 - Default_ncl1_5' 
[2020.05.11-11.31.38:839][897]FBXImport: Warning: FBX Scene Loading: Found material name clash, name clash can be wrongly reassign at reimport , material '02 - Default' was rename '02 - Default_ncl1_6' 
[2020.05.11-11.31.38:839][897]FBXImport: Warning: No smoothing group information was found in this FBX scene.  Please make sure to enable the 'Export Smoothing Groups' option in the FBX Exporter plug-in before exporting the file.  Even for tools that don't support smoothing groups, the FBX Exporter will generate appropriate smoothing data at export-time so that correct vertex normals can be inferred while importing. 
[2020.05.11-11.31.38:839][897]FBXImport: Warning: MainDesk2 has degenerate tangent bases which will result in incorrect shading.  MikkTSpace relies on tangent bases and may result in mesh corruption, consider disabling this option. 
[2020.05.11-11.31.38:839][897]FBXImport: Warning: MainDesk2 has some nearly zero bi-normals which can create some issues. (Tolerance of 1E-4) 
[2020.05.11-11.31.38:846][897]LogFactory: FactoryCreateFile: StaticMesh with FbxFactory (0 0 D:/Year 3/Collab/Assets/Main Desk/MainDesk3.FBX)
[2020.05.11-11.31.38:855][897]LogFbx: Loading FBX Scene from D:/Year 3/Collab/Assets/Main Desk/MainDesk3.FBX
[2020.05.11-11.31.38:860][897]LogFbx: FBX Scene Loaded Succesfully
[2020.05.11-11.31.38:862][897]LogFbx: Display: Triangulating static mesh Box053
[2020.05.11-11.31.38:879][897]LogStaticMesh: Building static mesh MainDesk3...
[2020.05.11-11.31.38:881][897]LogStaticMesh: Built static mesh [0.00s] /Game/Art/RoomAssets/StarterRoom/MainDesk/MainDesk3.MainDesk3
[2020.05.11-11.31.38:890][897]FBXImport: Warning: FBX Scene Loading: Found material name clash, name clash can be wrongly reassign at reimport , material '02 - Default' was rename '02 - Default_ncl1_1' 
[2020.05.11-11.31.38:890][897]FBXImport: Warning: FBX Scene Loading: Found material name clash, name clash can be wrongly reassign at reimport , material '02 - Default' was rename '02 - Default_ncl1_2' 
[2020.05.11-11.31.38:890][897]FBXImport: Warning: FBX Scene Loading: Found material name clash, name clash can be wrongly reassign at reimport , material '02 - Default' was rename '02 - Default_ncl1_3' 
[2020.05.11-11.31.38:890][897]FBXImport: Warning: FBX Scene Loading: Found material name clash, name clash can be wrongly reassign at reimport , material '02 - Default' was rename '02 - Default_ncl1_4' 
[2020.05.11-11.31.38:890][897]FBXImport: Warning: FBX Scene Loading: Found material name clash, name clash can be wrongly reassign at reimport , material '02 - Default' was rename '02 - Default_ncl1_5' 
[2020.05.11-11.31.38:890][897]FBXImport: Warning: FBX Scene Loading: Found material name clash, name clash can be wrongly reassign at reimport , material '02 - Default' was rename '02 - Default_ncl1_6' 
[2020.05.11-11.31.38:890][897]FBXImport: Warning: No smoothing group information was found in this FBX scene.  Please make sure to enable the 'Export Smoothing Groups' option in the FBX Exporter plug-in before exporting the file.  Even for tools that don't support smoothing groups, the FBX Exporter will generate appropriate smoothing data at export-time so that correct vertex normals can be inferred while importing. 
[2020.05.11-11.31.54:204][729]LogSlate: Window 'Message Log' being destroyed
[2020.05.11-11.31.54:207][729]LogSlate: Window 'Message Log' being destroyed
[2020.05.11-11.31.58:243][207]LogSlate: FSceneViewport::OnFocusLost() reason 0
[2020.05.11-11.31.58:360][220]LogAssetEditorManager: Opening Asset editor for StaticMesh /Game/Art/RoomAssets/StarterRoom/MainDesk/MainDesk2.MainDesk2
[2020.05.11-11.31.58:721][220]LogRenderer: Reallocating scene render targets to support 1528x960 Format 10 NumSamples 1 (Frame:1).
[2020.05.11-11.32.11:194][656]LogSlate: FSceneViewport::OnFocusLost() reason 0
[2020.05.11-11.32.11:262][664]LogSlate: Window 'MainDesk2' being destroyed
[2020.05.11-11.33.04:459][384]LogAssetEditorManager: Opening Asset editor for World /Game/Art/Rooms/StarterRoom/StarterRoom.StarterRoom
[2020.05.11-11.33.04:477][384]LogUObjectHash: Compacting FUObjectHashTables data took   1.36ms
[2020.05.11-11.33.05:839][384]LogSlate: Window 'Save Content' being destroyed
[2020.05.11-11.33.05:872][384]LogSavePackage: Moving 'D:/Year 3/Collab/CollabUE4/Group-19-Collab/Group19UnrealProject/Saved/MainDesk1694077744B95BF883B7D1994D65A4EB0.tmp' to 'D:/Year 3/Collab/CollabUE4/Group-19-Collab/Group19UnrealProject/Content/Art/RoomAssets/StarterRoom/MainDesk/MainDesk1.uasset'
[2020.05.11-11.33.05:908][384]LogSavePackage: Moving 'D:/Year 3/Collab/CollabUE4/Group-19-Collab/Group19UnrealProject/Saved/MainDesk2EFEDD45B4EAD4423718A599422779976.tmp' to 'D:/Year 3/Collab/CollabUE4/Group-19-Collab/Group19UnrealProject/Content/Art/RoomAssets/StarterRoom/MainDesk/MainDesk2.uasset'
[2020.05.11-11.33.05:935][384]LogSavePackage: Moving 'D:/Year 3/Collab/CollabUE4/Group-19-Collab/Group19UnrealProject/Saved/MainDesk3D87E367941BBAB5D97362581D2587FC1.tmp' to 'D:/Year 3/Collab/CollabUE4/Group-19-Collab/Group19UnrealProject/Content/Art/RoomAssets/StarterRoom/MainDesk/MainDesk3.uasset'
[2020.05.11-11.33.05:954][384]LogUObjectHash: Compacting FUObjectHashTables data took   0.84ms
[2020.05.11-11.33.05:965][384]LogSavePackage: Moving 'D:/Year 3/Collab/CollabUE4/Group-19-Collab/Group19UnrealProject/Saved/StarterRoom97A64DE54EAFAA9BD4C09380E9AE3EC1.tmp' to 'D:/Year 3/Collab/CollabUE4/Group-19-Collab/Group19UnrealProject/Content/Art/Rooms/StarterRoom/StarterRoom.umap'
[2020.05.11-11.33.05:966][384]LogFileHelpers: Saving map 'StarterRoom' took 0.030
[2020.05.11-11.33.05:967][384]Cmd: MAP LOAD FILE="D:/Year 3/Collab/CollabUE4/Group-19-Collab/Group19UnrealProject/Content/Art/Rooms/StarterRoom/StarterRoom.umap" TEMPLATE=0 SHOWPROGRESS=1 FEATURELEVEL=3
[2020.05.11-11.33.05:968][384]LightingResults: New page: Lighting Build
[2020.05.11-11.33.05:968][384]LoadErrors: New page: Loading map: StarterRoom.umap
[2020.05.11-11.33.05:969][384]MapCheck: New page: Map Check
[2020.05.11-11.33.05:969][384]LightingResults: New page: Lighting Build
[2020.05.11-11.33.05:989][384]LogUObjectHash: Compacting FUObjectHashTables data took   1.38ms
[2020.05.11-11.33.06:027][384]LogEditorServer: Finished looking for orphan Actors (0.000 secs)
[2020.05.11-11.33.06:027][384]LogAIModule: Creating AISystem for world StarterRoom
[2020.05.11-11.33.06:044][384]LogUObjectHash: Compacting FUObjectHashTables data took   0.83ms
[2020.05.11-11.33.06:062][384]Cmd: MAP CHECKDEP NOCLEARLOG
[2020.05.11-11.33.06:062][384]MapCheck: Map check complete: 0 Error(s), 0 Warning(s), took 0.07ms to complete.
[2020.05.11-11.33.06:063][384]LogFileHelpers: Loading map 'StarterRoom' took 0.096
[2020.05.11-11.34.25:598][634]LogSlate: FSceneViewport::OnFocusLost() reason 0
[2020.05.11-11.34.34:215][662]LogSlate: FSceneViewport::OnFocusLost() reason 0
[2020.05.11-11.34.46:586][120]LogSlate: Took 0.000154 seconds to synchronously load lazily loaded font '../../../Engine/Content/Slate/Fonts/Roboto-Italic.ttf' (157K)
[2020.05.11-11.34.48:062][297]LogSlate: FSceneViewport::OnFocusLost() reason 0
[2020.05.11-11.35.05:520][385]LogSlate: FSceneViewport::OnFocusLost() reason 0
[2020.05.11-11.35.21:701][319]LogSlate: FSceneViewport::OnFocusLost() reason 0
[2020.05.11-11.35.35:453][956]LogSlate: FSceneViewport::OnFocusLost() reason 0
[2020.05.11-11.35.41:179][632]LogSlate: FSceneViewport::OnFocusLost() reason 0
[2020.05.11-11.35.47:168][348]Cmd: BRUSH ADD SELECTNEWBRUSH
[2020.05.11-11.35.48:257][477]LogSlate: FSceneViewport::OnFocusLost() reason 0
[2020.05.11-11.36.24:339][577]LogSlate: FSceneViewport::OnFocusLost() reason 0
[2020.05.11-11.36.38:711][284]LogSlate: FSceneViewport::OnFocusLost() reason 0
[2020.05.11-11.36.46:017][152]LogSlate: FSceneViewport::OnFocusLost() reason 0
[2020.05.11-11.37.00:859][896]LogSlate: FSceneViewport::OnFocusLost() reason 0
[2020.05.11-11.37.07:333][651]LogSlate: FSceneViewport::OnFocusLost() reason 2
[2020.05.11-11.37.41:304][355]LogSlate: FSceneViewport::OnFocusLost() reason 2
[2020.05.11-11.37.51:747][600]LogSlate: FSceneViewport::OnFocusLost() reason 0
[2020.05.11-11.38.06:636][373]LogSlate: FSceneViewport::OnFocusLost() reason 0
[2020.05.11-11.38.16:002][491]LogSlate: FSceneViewport::OnFocusLost() reason 0
[2020.05.11-11.38.28:614][957]LogSlate: FSceneViewport::OnFocusLost() reason 0
[2020.05.11-11.38.36:440][878]LogSlate: FSceneViewport::OnFocusLost() reason 0
[2020.05.11-11.38.36:515][883]LogUObjectHash: Compacting FUObjectHashTables data took   1.09ms
[2020.05.11-11.38.36:607][883]LogSavePackage: Moving 'D:/Year 3/Collab/CollabUE4/Group-19-Collab/Group19UnrealProject/Saved/StarterRoom5112DA7F4BD95CBFC08F7090D90FBF05.tmp' to 'D:/Year 3/Collab/CollabUE4/Group-19-Collab/Group19UnrealProject/Content/Art/Rooms/StarterRoom/StarterRoom.umap'
[2020.05.11-11.38.44:288][356]LogSlate: FSceneViewport::OnFocusLost() reason 0
[2020.05.11-11.38.58:344][798]LogSlate: Window 'Pick Parent Class' being destroyed
[2020.05.11-11.39.12:662][512]LogAssetEditorManager: Opening Asset editor for Blueprint /Game/Art/RoomAssets/StarterRoom/MainDesk/Asset_MainDesk.Asset_MainDesk
[2020.05.11-11.39.12:847][512]LogContentBrowser: Native class hierarchy updated for 'BlueprintGraph' in 0.0005 seconds. Added 121 classes and 0 folders.
[2020.05.11-11.39.15:997][795]LogSlate: Window 'Asset_MainDesk' being destroyed
[2020.05.11-11.39.36:073][188]BlueprintLog: New page: Compile Asset_MainDesk
[2020.05.11-11.39.36:192][188]LogUObjectHash: Compacting FUObjectHashTables data took   2.59ms
[2020.05.11-11.39.38:333][439]LogActorFactory: Actor Factory created MainDesk1
[2020.05.11-11.39.40:394][686]LogBlueprintActionDatabase: Requesting refresh due to module change: HierarchicalLODUtilities (loaded)
[2020.05.11-11.39.40:927][721]LogSlate: FSceneViewport::OnFocusLost() reason 2
[2020.05.11-11.39.43:304][996]LogSlate: FSceneViewport::OnFocusLost() reason 0
[2020.05.11-11.39.43:353][  2]BlueprintLog: New page: Compile Asset_MainDesk
[2020.05.11-11.39.43:556][  2]LogUObjectHash: Compacting FUObjectHashTables data took   4.08ms
[2020.05.11-11.39.45:685][249]LogActorFactory: Actor Factory created MainDesk2
[2020.05.11-11.39.49:453][701]LogSlate: FSceneViewport::OnFocusLost() reason 0
[2020.05.11-11.39.52:292][ 38]LogActorFactory: Actor Factory created MainDesk2
[2020.05.11-11.39.55:107][374]LogSlate: FSceneViewport::OnFocusLost() reason 2
[2020.05.11-11.40.00:951][ 60]LogSlate: FSceneViewport::OnFocusLost() reason 0
[2020.05.11-11.40.01:008][ 67]Cmd: MODE GRID=0
[2020.05.11-11.40.14:881][709]LogEditorTransaction: Undo Modify Component(s)
[2020.05.11-11.40.26:757][ 55]LogSlate: FSceneViewport::OnFocusLost() reason 0
[2020.05.11-11.40.28:142][221]Cmd: MODE GRID=1
[2020.05.11-11.40.35:205][ 40]LogSlate: FSceneViewport::OnFocusLost() reason 0
[2020.05.11-11.40.38:338][413]LogSlate: FSceneViewport::OnFocusLost() reason 0
[2020.05.11-11.40.47:444][492]LogSlate: FSceneViewport::OnFocusLost() reason 0
[2020.05.11-11.40.51:786][  4]LogActorFactory: Actor Factory created MainDesk3
[2020.05.11-11.40.54:378][314]LogSlate: FSceneViewport::OnFocusLost() reason 2
[2020.05.11-11.41.21:103][424]LogSlate: FSceneViewport::OnFocusLost() reason 0
[2020.05.11-11.45.12:553][ 39]LogSlate: FSceneViewport::OnFocusLost() reason 0
[2020.05.11-11.45.12:841][ 39]BlueprintLog: New page: Compile Asset_MainDesk
[2020.05.11-11.45.13:075][ 39]LogUObjectHash: Compacting FUObjectHashTables data took   2.95ms
[2020.05.11-11.45.29:254][972]LogSlate: FSceneViewport::OnFocusLost() reason 0
[2020.05.11-11.45.48:432][229]LogSlate: FSceneViewport::OnFocusLost() reason 0
[2020.05.11-11.45.55:662][ 78]LogRenderer: Reallocating scene render targets to support 1592x960 Format 10 NumSamples 1 (Frame:33885).
[2020.05.11-11.45.55:734][ 79]LogRenderer: Reallocating scene render targets to support 1920x1052 Format 10 NumSamples 1 (Frame:33887).
[2020.05.11-11.45.55:753][ 80]LogSlate: FSceneViewport::OnFocusLost() reason 2
[2020.05.11-11.46.29:685][138]LogSlate: FSceneViewport::OnFocusLost() reason 0
[2020.05.11-11.46.51:917][804]LogSlate: FSceneViewport::OnFocusLost() reason 0
[2020.05.11-11.47.40:556][515]LogEditorViewport: Clicking on Actor (LMB): Asset_MainDesk_C (Asset_MainDesk)
[2020.05.11-11.47.41:159][557]LogSlate: FSceneViewport::OnFocusLost() reason 2
[2020.05.11-11.47.44:166][909]LogSlate: FSceneViewport::OnFocusLost() reason 0
[2020.05.11-11.48.01:075][928]Cmd: EDIT COPY
[2020.05.11-11.48.01:269][951]Cmd: EDIT PASTE
[2020.05.11-11.48.59:186][820]LogUObjectHash: Compacting FUObjectHashTables data took   2.70ms
[2020.05.11-11.48.59:841][820]LogSavePackage: Moving 'D:/Year 3/Collab/CollabUE4/Group-19-Collab/Group19UnrealProject/Saved/StarterRoom_Auto1622FF0EC4B41E7F4B86121B8D722B841.tmp' to 'D:/Year 3/Collab/CollabUE4/Group-19-Collab/Group19UnrealProject/Saved/Autosaves/Game/Art/Rooms/StarterRoom/StarterRoom_Auto1.umap'
[2020.05.11-11.48.59:846][820]LogFileHelpers: Editor autosave (incl. sublevels) for '/Game/Art/Rooms/StarterRoom/StarterRoom' took 0.711
[2020.05.11-11.48.59:846][820]LogFileHelpers: Editor autosave (incl. sublevels) for all levels took 0.711
[2020.05.11-11.48.59:851][820]OBJ SavePackage: Generating thumbnails for [1] asset(s) in package [/Game/Art/RoomAssets/StarterRoom/MainDesk/Asset_MainDesk] ([1] browsable assets)...
[2020.05.11-11.48.59:883][820]OBJ SavePackage:     Rendered thumbnail for [Blueprint /Game/Art/RoomAssets/StarterRoom/MainDesk/Asset_MainDesk.Asset_MainDesk]
[2020.05.11-11.48.59:883][820]OBJ SavePackage: Finished generating thumbnails for package [/Game/Art/RoomAssets/StarterRoom/MainDesk/Asset_MainDesk]
[2020.05.11-11.48.59:927][820]LogSavePackage: Moving 'D:/Year 3/Collab/CollabUE4/Group-19-Collab/Group19UnrealProject/Saved/Asset_MainDesk_Auto1B4E7A6F94E534710B3756DA9838643B6.tmp' to 'D:/Year 3/Collab/CollabUE4/Group-19-Collab/Group19UnrealProject/Saved/Autosaves/Game/Art/RoomAssets/StarterRoom/MainDesk/Asset_MainDesk_Auto1.uasset'
[2020.05.11-11.48.59:929][820]LogFileHelpers: Auto-saving content packages took 0.080
[2020.05.11-11.55.22:686][494]LogSlate: FSceneViewport::OnFocusLost() reason 2
[2020.05.11-12.05.49:455][145]LogSlate: FSceneViewport::OnFocusLost() reason 2
[2020.05.11-12.06.46:822][  3]LogSlate: FSceneViewport::OnFocusLost() reason 0
