Log file open, 05/23/20 08:33:54
LogWindows: Failed to load 'aqProf.dll' (GetLastError=126)
LogWindows: File 'aqProf.dll' does not exist
LogWindows: Failed to load 'VtuneApi.dll' (GetLastError=126)
LogWindows: File 'VtuneApi.dll' does not exist
LogWindows: Failed to load 'VtuneApi32e.dll' (GetLastError=126)
LogWindows: File 'VtuneApi32e.dll' does not exist
LogConsoleResponse: Display: Failed to find resolution value strings in scalability ini. Falling back to default.
LogInit: Display: Running engine for game: Group19UnrealProject
LogPakFile: Registered encryption key '00000000000000000000000000000000': 0 pak files mounted, 0 remain pending
LogPlatformFile: Not using cached read wrapper
LogTaskGraph: Started task graph with 5 named threads and 23 total threads with 3 sets of task threads.
LogStats: Stats thread started at 0.344809
LogD3D11RHI: Loaded GFSDK_Aftermath_Lib.x64.dll
LogICUInternationalization: ICU TimeZone Detection - Raw Offset: +0:00, Platform Override: ''
LogPluginManager: Mounting plugin Paper2D
LogPluginManager: Mounting plugin AISupport
LogPluginManager: Mounting plugin LightPropagationVolume
LogPluginManager: Mounting plugin ActorLayerUtilities
LogPluginManager: Mounting plugin AnimationSharing
LogPluginManager: Mounting plugin CLionSourceCodeAccess
LogPluginManager: Mounting plugin CodeLiteSourceCodeAccess
LogPluginManager: Mounting plugin GitSourceControl
LogPluginManager: Mounting plugin KDevelopSourceCodeAccess
LogPluginManager: Mounting plugin NullSourceCodeAccess
LogPluginManager: Mounting plugin PerforceSourceControl
LogPluginManager: Mounting plugin SubversionSourceControl
LogPluginManager: Mounting plugin UObjectPlugin
LogPluginManager: Mounting plugin VisualStudioCodeSourceCodeAccess
LogPluginManager: Mounting plugin VisualStudioSourceCodeAccess
LogPluginManager: Mounting plugin XCodeSourceCodeAccess
LogPluginManager: Mounting plugin AssetManagerEditor
LogPluginManager: Mounting plugin CryptoKeys
LogPluginManager: Mounting plugin DataValidation
LogPluginManager: Mounting plugin FacialAnimation
LogPluginManager: Mounting plugin GameplayTagsEditor
LogPluginManager: Mounting plugin MacGraphicsSwitching
LogPluginManager: Mounting plugin MaterialAnalyzer
LogPluginManager: Mounting plugin MobileLauncherProfileWizard
LogPluginManager: Mounting plugin PluginBrowser
LogPluginManager: Mounting plugin SpeedTreeImporter
LogPluginManager: Mounting plugin DatasmithContent
LogPluginManager: Mounting plugin VariantManagerContent
LogPluginManager: Mounting plugin AlembicImporter
LogPluginManager: Mounting plugin AppleImageUtils
LogPluginManager: Mounting plugin AppleVision
LogPluginManager: Mounting plugin BackChannel
LogPluginManager: Mounting plugin CharacterAI
LogPluginManager: Mounting plugin GeometryCache
LogPluginManager: Mounting plugin HTML5Networking
LogPluginManager: Mounting plugin ProxyLODPlugin
LogPluginManager: Mounting plugin SkeletalReduction
LogPluginManager: Mounting plugin MagicLeap
LogPluginManager: Mounting plugin MagicLeapMedia
LogPluginManager: Mounting plugin AndroidMedia
LogPluginManager: Mounting plugin AvfMedia
LogPluginManager: Mounting plugin ImgMedia
LogPluginManager: Mounting plugin LinearTimecode
LogPluginManager: Mounting plugin MediaCompositing
LogPluginManager: Mounting plugin MediaPlayerEditor
LogPluginManager: Mounting plugin WebMMedia
LogPluginManager: Mounting plugin WmfMedia
LogPluginManager: Mounting plugin TcpMessaging
LogPluginManager: Mounting plugin UdpMessaging
LogPluginManager: Mounting plugin ActorSequence
LogPluginManager: Mounting plugin LevelSequenceEditor
LogPluginManager: Mounting plugin MatineeToLevelSequence
LogPluginManager: Mounting plugin NetcodeUnitTest
LogPluginManager: Mounting plugin NUTUnrealEngine4
LogPluginManager: Mounting plugin OnlineSubsystemGooglePlay
LogPluginManager: Mounting plugin OnlineSubsystemIOS
LogPluginManager: Mounting plugin OnlineSubsystem
LogPluginManager: Mounting plugin OnlineSubsystemNull
LogPluginManager: Mounting plugin OnlineSubsystemUtils
LogPluginManager: Mounting plugin LauncherChunkInstaller
LogPluginManager: Mounting plugin AndroidDeviceProfileSelector
LogPluginManager: Mounting plugin AndroidMoviePlayer
LogPluginManager: Mounting plugin AndroidPermission
LogPluginManager: Mounting plugin AppleMoviePlayer
LogPluginManager: Mounting plugin ArchVisCharacter
LogPluginManager: Mounting plugin AudioCapture
LogPluginManager: Mounting plugin CableComponent
LogPluginManager: Mounting plugin CustomMeshComponent
LogPluginManager: Mounting plugin EditableMesh
LogPluginManager: Mounting plugin ExampleDeviceProfileSelector
LogPluginManager: Mounting plugin Firebase
LogPluginManager: Mounting plugin GoogleCloudMessaging
LogPluginManager: Mounting plugin IOSDeviceProfileSelector
LogPluginManager: Mounting plugin LinuxDeviceProfileSelector
LogPluginManager: Mounting plugin LocationServicesBPLibrary
LogPluginManager: Mounting plugin MobilePatchingUtils
LogPluginManager: Mounting plugin OculusVR
LogPluginManager: Mounting plugin PhysXVehicles
LogPluginManager: Mounting plugin ProceduralMeshComponent
LogPluginManager: Mounting plugin RuntimePhysXCooking
LogPluginManager: Mounting plugin SignificanceManager
LogPluginManager: Mounting plugin SteamVR
LogPluginManager: Mounting plugin WebMMoviePlayer
LogPluginManager: Mounting plugin WindowsMoviePlayer
LogInit: Using libcurl 7.55.1-DEV
LogInit:  - built for x86_64-pc-win32
LogInit:  - supports SSL with OpenSSL/1.1.1
LogInit:  - supports HTTP deflate (compression) using libz 1.2.8
LogInit:  - other features:
LogInit:      CURL_VERSION_SSL
LogInit:      CURL_VERSION_LIBZ
LogInit:      CURL_VERSION_IPV6
LogInit:      CURL_VERSION_ASYNCHDNS
LogInit:      CURL_VERSION_LARGEFILE
LogInit:      CURL_VERSION_IDN
LogInit:  CurlRequestOptions (configurable via config and command line):
LogInit:  - bVerifyPeer = true  - Libcurl will verify peer certificate
LogInit:  - bUseHttpProxy = false  - Libcurl will NOT use HTTP proxy
LogInit:  - bDontReuseConnections = false  - Libcurl will reuse connections
LogInit:  - MaxHostConnections = 16  - Libcurl will limit the number of connections to a host
LogInit:  - LocalHostAddr = Default
LogInit:  - BufferSize = 65536
LogInit: WinSock: version 1.1 (2.2), MaxSocks=32767, MaxUdp=65467
LogInit: Build: ++UE4+Release-4.22-CL-7053642
LogInit: Engine Version: 4.22.3-7053642+++UE4+Release-4.22
LogInit: Compatible Engine Version: 4.22.0-5660361+++UE4+Release-4.22
LogInit: Net CL: 5660361
LogInit: OS: Windows 10 (Release 1903) (), CPU: Intel(R) Core(TM) i7-6700K CPU @ 4.00GHz, GPU: NVIDIA GeForce GTX 1070
LogInit: Compiled (64-bit): Jun 18 2019 03:09:11
LogInit: Compiled with Visual C++: 19.16.27025.01
LogInit: Build Configuration: Development
LogInit: Branch Name: ++UE4+Release-4.22
LogInit: Command Line: 
LogInit: Base Directory: C:/Program Files/Epic Games/UE_4.22/Engine/Binaries/Win64/
LogInit: Installed Engine Build: 1
LogDevObjectVersion: Number of dev versions registered: 23
LogDevObjectVersion:   Dev-Blueprints (B0D832E4-1F89-4F0D-ACCF-7EB736FD4AA2): 10
LogDevObjectVersion:   Dev-Build (E1C64328-A22C-4D53-A36C-8E866417BD8C): 0
LogDevObjectVersion:   Dev-Core (375EC13C-06E4-48FB-B500-84F0262A717E): 3
LogDevObjectVersion:   Dev-Editor (E4B068ED-F494-42E9-A231-DA0B2E46BB41): 30
LogDevObjectVersion:   Dev-Framework (CFFC743F-43B0-4480-9391-14DF171D2073): 35
LogDevObjectVersion:   Dev-Mobile (B02B49B5-BB20-44E9-A304-32B752E40360): 2
LogDevObjectVersion:   Dev-Networking (A4E4105C-59A1-49B5-A7C5-40C4547EDFEE): 0
LogDevObjectVersion:   Dev-Online (39C831C9-5AE6-47DC-9A44-9C173E1C8E7C): 0
LogDevObjectVersion:   Dev-Physics (78F01B33-EBEA-4F98-B9B4-84EACCB95AA2): 0
LogDevObjectVersion:   Dev-Platform (6631380F-2D4D-43E0-8009-CF276956A95A): 0
LogDevObjectVersion:   Dev-Rendering (12F88B9F-8875-4AFC-A67C-D90C383ABD29): 28
LogDevObjectVersion:   Dev-Sequencer (7B5AE74C-D270-4C10-A958-57980B212A5A): 11
LogDevObjectVersion:   Dev-VR (D7296918-1DD6-4BDD-9DE2-64A83CC13884): 2
LogDevObjectVersion:   Dev-LoadTimes (C2A15278-BFE7-4AFE-6C17-90FF531DF755): 1
LogDevObjectVersion:   Private-Geometry (6EACA3D4-40EC-4CC1-B786-8BED09428FC5): 3
LogDevObjectVersion:   Dev-AnimPhys (29E575DD-E0A3-4627-9D10-D276232CDCEA): 17
LogDevObjectVersion:   Dev-Anim (AF43A65D-7FD3-4947-9873-3E8ED9C1BB05): 2
LogDevObjectVersion:   Dev-ReflectionCapture (6B266CEC-1EC7-4B8F-A30B-E4D90942FC07): 1
LogDevObjectVersion:   Dev-Automation (0DF73D61-A23F-47EA-B727-89E90C41499A): 1
LogDevObjectVersion:   FortniteMain (601D1886-AC64-4F84-AA16-D3DE0DEAC7D6): 25
LogDevObjectVersion:   Dev-Enterprise (9DFFBCD6-494F-0158-E221-12823C92A888): 6
LogDevObjectVersion:   Dev-Niagara (F2AED0AC-9AFE-416F-8664-AA7FFA26D6FC): 1
LogDevObjectVersion:   Dev-Destruction (174F1F0B-B4C6-45A5-B13F-2EE8D0FB917D): 2
LogInit: Presizing for max 16777216 objects, including 0 objects not considered by GC, pre-allocating 0 bytes for permanent pool.
LogInit: Object subsystem initialized
LogConfig: Setting CVar [[con.DebugEarlyDefault:1]]
LogConfig: Setting CVar [[r.setres:1280x720]]
[2020.05.23-07.33.55:981][  0]LogConfig: Setting CVar [[r.VSync:0]]
[2020.05.23-07.33.55:981][  0]LogConfig: Setting CVar [[r.RHICmdBypass:0]]
[2020.05.23-07.33.55:981][  0]LogConfig: Applying CVar settings from Section [/Script/Engine.RendererSettings] File [D:/Year 3/Collab/CollabUE4/Group-19-Collab/Group19UnrealProject/Saved/Config/Windows/Engine.ini]
[2020.05.23-07.33.55:981][  0]LogConfig: Setting CVar [[r.GPUCrashDebugging:0]]
[2020.05.23-07.33.55:981][  0]LogConfig: Setting CVar [[r.DefaultFeature.AutoExposure.ExtendDefaultLuminanceRange:1]]
[2020.05.23-07.33.55:981][  0]LogConfig: Applying CVar settings from Section [/Script/Engine.RendererOverrideSettings] File [D:/Year 3/Collab/CollabUE4/Group-19-Collab/Group19UnrealProject/Saved/Config/Windows/Engine.ini]
[2020.05.23-07.33.55:981][  0]LogConfig: Applying CVar settings from Section [/Script/Engine.StreamingSettings] File [D:/Year 3/Collab/CollabUE4/Group-19-Collab/Group19UnrealProject/Saved/Config/Windows/Engine.ini]
[2020.05.23-07.33.55:981][  0]LogConfig: Setting CVar [[s.MinBulkDataSizeForAsyncLoading:131072]]
[2020.05.23-07.33.55:981][  0]LogConfig: Setting CVar [[s.AsyncLoadingThreadEnabled:0]]
[2020.05.23-07.33.55:982][  0]LogConfig: Setting CVar [[s.EventDrivenLoaderEnabled:1]]
[2020.05.23-07.33.55:982][  0]LogConfig: Setting CVar [[s.WarnIfTimeLimitExceeded:0]]
[2020.05.23-07.33.55:982][  0]LogConfig: Setting CVar [[s.TimeLimitExceededMultiplier:1.5]]
[2020.05.23-07.33.55:982][  0]LogConfig: Setting CVar [[s.TimeLimitExceededMinTime:0.005]]
[2020.05.23-07.33.55:982][  0]LogConfig: Setting CVar [[s.UseBackgroundLevelStreaming:1]]
[2020.05.23-07.33.55:982][  0]LogConfig: Setting CVar [[s.PriorityAsyncLoadingExtraTime:15.0]]
[2020.05.23-07.33.55:982][  0]LogConfig: Setting CVar [[s.LevelStreamingActorsUpdateTimeLimit:5.0]]
[2020.05.23-07.33.55:982][  0]LogConfig: Setting CVar [[s.PriorityLevelStreamingActorsUpdateExtraTime:5.0]]
[2020.05.23-07.33.55:982][  0]LogConfig: Setting CVar [[s.LevelStreamingComponentsRegistrationGranularity:10]]
[2020.05.23-07.33.55:982][  0]LogConfig: Setting CVar [[s.UnregisterComponentsTimeLimit:1.0]]
[2020.05.23-07.33.55:982][  0]LogConfig: Setting CVar [[s.LevelStreamingComponentsUnregistrationGranularity:5]]
[2020.05.23-07.33.55:982][  0]LogConfig: Applying CVar settings from Section [/Script/Engine.GarbageCollectionSettings] File [D:/Year 3/Collab/CollabUE4/Group-19-Collab/Group19UnrealProject/Saved/Config/Windows/Engine.ini]
[2020.05.23-07.33.55:982][  0]LogConfig: Setting CVar [[gc.MaxObjectsNotConsideredByGC:1]]
[2020.05.23-07.33.55:982][  0]LogConfig: Setting CVar [[gc.SizeOfPermanentObjectPool:0]]
[2020.05.23-07.33.55:982][  0]LogConfig: Setting CVar [[gc.FlushStreamingOnGC:0]]
[2020.05.23-07.33.55:982][  0]LogConfig: Setting CVar [[gc.NumRetriesBeforeForcingGC:10]]
[2020.05.23-07.33.55:982][  0]LogConfig: Setting CVar [[gc.AllowParallelGC:1]]
[2020.05.23-07.33.55:982][  0]LogConfig: Setting CVar [[gc.TimeBetweenPurgingPendingKillObjects:61.1]]
[2020.05.23-07.33.55:982][  0]LogConfig: Setting CVar [[gc.MaxObjectsInEditor:16777216]]
[2020.05.23-07.33.55:982][  0]LogConfig: Setting CVar [[gc.IncrementalBeginDestroyEnabled:1]]
[2020.05.23-07.33.55:982][  0]LogConfig: Setting CVar [[gc.CreateGCClusters:1]]
[2020.05.23-07.33.55:982][  0]LogConfig: Setting CVar [[gc.MinGCClusterSize:5]]
[2020.05.23-07.33.55:982][  0]LogConfig: Setting CVar [[gc.ActorClusteringEnabled:0]]
[2020.05.23-07.33.55:982][  0]LogConfig: Setting CVar [[gc.BlueprintClusteringEnabled:0]]
[2020.05.23-07.33.55:982][  0]LogConfig: Setting CVar [[gc.UseDisregardForGCOnDedicatedServers:0]]
[2020.05.23-07.33.55:982][  0]LogConfig: Applying CVar settings from Section [/Script/Engine.NetworkSettings] File [D:/Year 3/Collab/CollabUE4/Group-19-Collab/Group19UnrealProject/Saved/Config/Windows/Engine.ini]
[2020.05.23-07.33.55:982][  0]LogConfig: Applying CVar settings from Section [/Script/UnrealEd.CookerSettings] File [D:/Year 3/Collab/CollabUE4/Group-19-Collab/Group19UnrealProject/Saved/Config/Windows/Engine.ini]
[2020.05.23-07.33.55:986][  0]LogConfig: Applying CVar settings from Section [ViewDistanceQuality@3] File [D:/Year 3/Collab/CollabUE4/Group-19-Collab/Group19UnrealProject/Saved/Config/Windows/Scalability.ini]
[2020.05.23-07.33.55:986][  0]LogConfig: Setting CVar [[r.SkeletalMeshLODBias:0]]
[2020.05.23-07.33.55:986][  0]LogConfig: Setting CVar [[r.ViewDistanceScale:1.0]]
[2020.05.23-07.33.55:986][  0]LogConfig: Applying CVar settings from Section [AntiAliasingQuality@3] File [D:/Year 3/Collab/CollabUE4/Group-19-Collab/Group19UnrealProject/Saved/Config/Windows/Scalability.ini]
[2020.05.23-07.33.55:986][  0]LogConfig: Setting CVar [[r.PostProcessAAQuality:4]]
[2020.05.23-07.33.55:986][  0]LogConfig: Applying CVar settings from Section [ShadowQuality@3] File [D:/Year 3/Collab/CollabUE4/Group-19-Collab/Group19UnrealProject/Saved/Config/Windows/Scalability.ini]
[2020.05.23-07.33.55:986][  0]LogConfig: Setting CVar [[r.LightFunctionQuality:1]]
[2020.05.23-07.33.55:986][  0]LogConfig: Setting CVar [[r.ShadowQuality:5]]
[2020.05.23-07.33.55:986][  0]LogConfig: Setting CVar [[r.Shadow.CSM.MaxCascades:10]]
[2020.05.23-07.33.55:986][  0]LogConfig: Setting CVar [[r.Shadow.MaxResolution:2048]]
[2020.05.23-07.33.55:986][  0]LogConfig: Setting CVar [[r.Shadow.MaxCSMResolution:2048]]
[2020.05.23-07.33.55:986][  0]LogConfig: Setting CVar [[r.Shadow.RadiusThreshold:0.01]]
[2020.05.23-07.33.55:986][  0]LogConfig: Setting CVar [[r.Shadow.DistanceScale:1.0]]
[2020.05.23-07.33.55:986][  0]LogConfig: Setting CVar [[r.Shadow.CSM.TransitionScale:1.0]]
[2020.05.23-07.33.55:986][  0]LogConfig: Setting CVar [[r.Shadow.PreShadowResolutionFactor:1.0]]
[2020.05.23-07.33.55:986][  0]LogConfig: Setting CVar [[r.DistanceFieldShadowing:1]]
[2020.05.23-07.33.55:986][  0]LogConfig: Setting CVar [[r.DistanceFieldAO:1]]
[2020.05.23-07.33.55:986][  0]LogConfig: Setting CVar [[r.AOQuality:2]]
[2020.05.23-07.33.55:986][  0]LogConfig: Setting CVar [[r.VolumetricFog:1]]
[2020.05.23-07.33.55:986][  0]LogConfig: Setting CVar [[r.VolumetricFog.GridPixelSize:8]]
[2020.05.23-07.33.55:986][  0]LogConfig: Setting CVar [[r.VolumetricFog.GridSizeZ:128]]
[2020.05.23-07.33.55:986][  0]LogConfig: Setting CVar [[r.VolumetricFog.HistoryMissSupersampleCount:4]]
[2020.05.23-07.33.55:986][  0]LogConfig: Setting CVar [[r.LightMaxDrawDistanceScale:1]]
[2020.05.23-07.33.55:986][  0]LogConfig: Setting CVar [[r.CapsuleShadows:1]]
[2020.05.23-07.33.55:986][  0]LogConfig: Applying CVar settings from Section [PostProcessQuality@3] File [D:/Year 3/Collab/CollabUE4/Group-19-Collab/Group19UnrealProject/Saved/Config/Windows/Scalability.ini]
[2020.05.23-07.33.55:986][  0]LogConfig: Setting CVar [[r.MotionBlurQuality:4]]
[2020.05.23-07.33.55:986][  0]LogConfig: Setting CVar [[r.AmbientOcclusionMipLevelFactor:0.4]]
[2020.05.23-07.33.55:986][  0]LogConfig: Setting CVar [[r.AmbientOcclusionMaxQuality:100]]
[2020.05.23-07.33.55:986][  0]LogConfig: Setting CVar [[r.AmbientOcclusionLevels:-1]]
[2020.05.23-07.33.55:986][  0]LogConfig: Setting CVar [[r.AmbientOcclusionRadiusScale:1.0]]
[2020.05.23-07.33.55:986][  0]LogConfig: Setting CVar [[r.DepthOfFieldQuality:2]]
[2020.05.23-07.33.55:986][  0]LogConfig: Setting CVar [[r.RenderTargetPoolMin:400]]
[2020.05.23-07.33.55:986][  0]LogConfig: Setting CVar [[r.LensFlareQuality:2]]
[2020.05.23-07.33.55:986][  0]LogConfig: Setting CVar [[r.SceneColorFringeQuality:1]]
[2020.05.23-07.33.55:986][  0]LogConfig: Setting CVar [[r.EyeAdaptationQuality:2]]
[2020.05.23-07.33.55:986][  0]LogConfig: Setting CVar [[r.BloomQuality:5]]
[2020.05.23-07.33.55:986][  0]LogConfig: Setting CVar [[r.FastBlurThreshold:100]]
[2020.05.23-07.33.55:986][  0]LogConfig: Setting CVar [[r.Upscale.Quality:3]]
[2020.05.23-07.33.55:986][  0]LogConfig: Setting CVar [[r.Tonemapper.GrainQuantization:1]]
[2020.05.23-07.33.55:986][  0]LogConfig: Setting CVar [[r.LightShaftQuality:1]]
[2020.05.23-07.33.55:986][  0]LogConfig: Setting CVar [[r.Filter.SizeScale:1]]
[2020.05.23-07.33.55:986][  0]LogConfig: Setting CVar [[r.Tonemapper.Quality:5]]
[2020.05.23-07.33.55:986][  0]LogConfig: Setting CVar [[r.DOF.Gather.AccumulatorQuality:1        ; higher gathering accumulator quality]]
[2020.05.23-07.33.55:986][  0]LogConfig: Setting CVar [[r.DOF.Gather.PostfilterMethod:1          ; Median3x3 postfilering method]]
[2020.05.23-07.33.55:986][  0]LogConfig: Setting CVar [[r.DOF.Gather.EnableBokehSettings:0       ; no bokeh simulation when gathering]]
[2020.05.23-07.33.55:986][  0]LogConfig: Setting CVar [[r.DOF.Gather.RingCount:4                 ; medium number of samples when gathering]]
[2020.05.23-07.33.55:986][  0]LogConfig: Setting CVar [[r.DOF.Scatter.ForegroundCompositing:1    ; additive foreground scattering]]
[2020.05.23-07.33.55:986][  0]LogConfig: Setting CVar [[r.DOF.Scatter.BackgroundCompositing:2    ; additive background scattering]]
[2020.05.23-07.33.55:986][  0]LogConfig: Setting CVar [[r.DOF.Scatter.EnableBokehSettings:1      ; bokeh simulation when scattering]]
[2020.05.23-07.33.55:986][  0]LogConfig: Setting CVar [[r.DOF.Scatter.MaxSpriteRatio:0.1         ; only a maximum of 10% of scattered bokeh]]
[2020.05.23-07.33.55:986][  0]LogConfig: Setting CVar [[r.DOF.Recombine.Quality:1                ; cheap slight out of focus]]
[2020.05.23-07.33.55:986][  0]LogConfig: Setting CVar [[r.DOF.Recombine.EnableBokehSettings:0    ; no bokeh simulation on slight out of focus]]
[2020.05.23-07.33.55:987][  0]LogConfig: Setting CVar [[r.DOF.TemporalAAQuality:1                ; more stable temporal accumulation]]
[2020.05.23-07.33.55:987][  0]LogConfig: Setting CVar [[r.DOF.Kernel.MaxForegroundRadius:0.025]]
[2020.05.23-07.33.55:987][  0]LogConfig: Setting CVar [[r.DOF.Kernel.MaxBackgroundRadius:0.025]]
[2020.05.23-07.33.55:987][  0]LogConfig: Applying CVar settings from Section [TextureQuality@3] File [D:/Year 3/Collab/CollabUE4/Group-19-Collab/Group19UnrealProject/Saved/Config/Windows/Scalability.ini]
[2020.05.23-07.33.55:987][  0]LogConfig: Setting CVar [[r.Streaming.MipBias:0]]
[2020.05.23-07.33.55:987][  0]LogConfig: Setting CVar [[r.Streaming.AmortizeCPUToGPUCopy:0]]
[2020.05.23-07.33.55:987][  0]LogConfig: Setting CVar [[r.Streaming.MaxNumTexturesToStreamPerFrame:0]]
[2020.05.23-07.33.55:987][  0]LogConfig: Setting CVar [[r.Streaming.Boost:1]]
[2020.05.23-07.33.55:987][  0]LogConfig: Setting CVar [[r.MaxAnisotropy:8]]
[2020.05.23-07.33.55:987][  0]LogConfig: Setting CVar [[r.Streaming.LimitPoolSizeToVRAM:0]]
[2020.05.23-07.33.55:987][  0]LogConfig: Setting CVar [[r.Streaming.PoolSize:1000]]
[2020.05.23-07.33.55:987][  0]LogConfig: Setting CVar [[r.Streaming.MaxEffectiveScreenSize:0]]
[2020.05.23-07.33.55:987][  0]LogConfig: Applying CVar settings from Section [EffectsQuality@3] File [D:/Year 3/Collab/CollabUE4/Group-19-Collab/Group19UnrealProject/Saved/Config/Windows/Scalability.ini]
[2020.05.23-07.33.55:987][  0]LogConfig: Setting CVar [[r.TranslucencyLightingVolumeDim:64]]
[2020.05.23-07.33.55:987][  0]LogConfig: Setting CVar [[r.RefractionQuality:2]]
[2020.05.23-07.33.55:987][  0]LogConfig: Setting CVar [[r.SSR.Quality:3]]
[2020.05.23-07.33.55:987][  0]LogConfig: Setting CVar [[r.SceneColorFormat:4]]
[2020.05.23-07.33.55:987][  0]LogConfig: Setting CVar [[r.DetailMode:2]]
[2020.05.23-07.33.55:987][  0]LogConfig: Setting CVar [[r.TranslucencyVolumeBlur:1]]
[2020.05.23-07.33.55:987][  0]LogConfig: Setting CVar [[r.MaterialQualityLevel:1 ; High quality]]
[2020.05.23-07.33.55:987][  0]LogConfig: Setting CVar [[r.SSS.Scale:1]]
[2020.05.23-07.33.55:987][  0]LogConfig: Setting CVar [[r.SSS.SampleSet:2]]
[2020.05.23-07.33.55:987][  0]LogConfig: Setting CVar [[r.SSS.Quality:1]]
[2020.05.23-07.33.55:987][  0]LogConfig: Setting CVar [[r.SSS.HalfRes:1]]
[2020.05.23-07.33.55:987][  0]LogConfig: Setting CVar [[r.EmitterSpawnRateScale:1.0]]
[2020.05.23-07.33.55:987][  0]LogConfig: Setting CVar [[r.ParticleLightQuality:2]]
[2020.05.23-07.33.55:987][  0]LogConfig: Applying CVar settings from Section [FoliageQuality@3] File [D:/Year 3/Collab/CollabUE4/Group-19-Collab/Group19UnrealProject/Saved/Config/Windows/Scalability.ini]
[2020.05.23-07.33.55:987][  0]LogConfig: Setting CVar [[foliage.DensityScale:1.0]]
[2020.05.23-07.33.55:987][  0]LogConfig: Setting CVar [[grass.DensityScale:1.0]]
[2020.05.23-07.33.55:987][  0]LogInit: Selected Device Profile: [Windows]
[2020.05.23-07.33.55:987][  0]LogInit: Applying CVar settings loaded from the selected device profile: [Windows]
[2020.05.23-07.33.56:097][  0]LogHAL: Display: Platform has ~ 16 GB [17090830336 / 17179869184 / 16], which maps to Larger [LargestMinGB=32, LargerMinGB=12, DefaultMinGB=8, SmallerMinGB=6, SmallestMinGB=0)
[2020.05.23-07.33.56:097][  0]LogConfig: Setting CVar [[r.Vulkan.UseRealUBs:0		; Required until we fix HLR fall-out]]
[2020.05.23-07.33.56:097][  0]LogInit: Going up to parent DeviceProfile []
[2020.05.23-07.33.56:097][  0]LogConfig: Applying CVar settings from Section [ViewDistanceQuality@3] File [D:/Year 3/Collab/CollabUE4/Group-19-Collab/Group19UnrealProject/Saved/Config/Windows/Scalability.ini]
[2020.05.23-07.33.56:097][  0]LogConfig: Setting CVar [[r.SkeletalMeshLODBias:0]]
[2020.05.23-07.33.56:097][  0]LogConfig: Setting CVar [[r.ViewDistanceScale:1.0]]
[2020.05.23-07.33.56:097][  0]LogConfig: Applying CVar settings from Section [AntiAliasingQuality@3] File [D:/Year 3/Collab/CollabUE4/Group-19-Collab/Group19UnrealProject/Saved/Config/Windows/Scalability.ini]
[2020.05.23-07.33.56:098][  0]LogConfig: Setting CVar [[r.PostProcessAAQuality:4]]
[2020.05.23-07.33.56:098][  0]LogConfig: Applying CVar settings from Section [ShadowQuality@3] File [D:/Year 3/Collab/CollabUE4/Group-19-Collab/Group19UnrealProject/Saved/Config/Windows/Scalability.ini]
[2020.05.23-07.33.56:098][  0]LogConfig: Setting CVar [[r.LightFunctionQuality:1]]
[2020.05.23-07.33.56:098][  0]LogConfig: Setting CVar [[r.ShadowQuality:5]]
[2020.05.23-07.33.56:098][  0]LogConfig: Setting CVar [[r.Shadow.CSM.MaxCascades:10]]
[2020.05.23-07.33.56:098][  0]LogConfig: Setting CVar [[r.Shadow.MaxResolution:2048]]
[2020.05.23-07.33.56:098][  0]LogConfig: Setting CVar [[r.Shadow.MaxCSMResolution:2048]]
[2020.05.23-07.33.56:098][  0]LogConfig: Setting CVar [[r.Shadow.RadiusThreshold:0.01]]
[2020.05.23-07.33.56:098][  0]LogConfig: Setting CVar [[r.Shadow.DistanceScale:1.0]]
[2020.05.23-07.33.56:098][  0]LogConfig: Setting CVar [[r.Shadow.CSM.TransitionScale:1.0]]
[2020.05.23-07.33.56:098][  0]LogConfig: Setting CVar [[r.Shadow.PreShadowResolutionFactor:1.0]]
[2020.05.23-07.33.56:098][  0]LogConfig: Setting CVar [[r.DistanceFieldShadowing:1]]
[2020.05.23-07.33.56:098][  0]LogConfig: Setting CVar [[r.DistanceFieldAO:1]]
[2020.05.23-07.33.56:098][  0]LogConfig: Setting CVar [[r.AOQuality:2]]
[2020.05.23-07.33.56:098][  0]LogConfig: Setting CVar [[r.VolumetricFog:1]]
[2020.05.23-07.33.56:098][  0]LogConfig: Setting CVar [[r.VolumetricFog.GridPixelSize:8]]
[2020.05.23-07.33.56:098][  0]LogConfig: Setting CVar [[r.VolumetricFog.GridSizeZ:128]]
[2020.05.23-07.33.56:098][  0]LogConfig: Setting CVar [[r.VolumetricFog.HistoryMissSupersampleCount:4]]
[2020.05.23-07.33.56:098][  0]LogConfig: Setting CVar [[r.LightMaxDrawDistanceScale:1]]
[2020.05.23-07.33.56:098][  0]LogConfig: Setting CVar [[r.CapsuleShadows:1]]
[2020.05.23-07.33.56:098][  0]LogConfig: Applying CVar settings from Section [PostProcessQuality@3] File [D:/Year 3/Collab/CollabUE4/Group-19-Collab/Group19UnrealProject/Saved/Config/Windows/Scalability.ini]
[2020.05.23-07.33.56:098][  0]LogConfig: Setting CVar [[r.MotionBlurQuality:4]]
[2020.05.23-07.33.56:098][  0]LogConfig: Setting CVar [[r.AmbientOcclusionMipLevelFactor:0.4]]
[2020.05.23-07.33.56:098][  0]LogConfig: Setting CVar [[r.AmbientOcclusionMaxQuality:100]]
[2020.05.23-07.33.56:098][  0]LogConfig: Setting CVar [[r.AmbientOcclusionLevels:-1]]
[2020.05.23-07.33.56:099][  0]LogConfig: Setting CVar [[r.AmbientOcclusionRadiusScale:1.0]]
[2020.05.23-07.33.56:099][  0]LogConfig: Setting CVar [[r.DepthOfFieldQuality:2]]
[2020.05.23-07.33.56:099][  0]LogConfig: Setting CVar [[r.RenderTargetPoolMin:400]]
[2020.05.23-07.33.56:099][  0]LogConfig: Setting CVar [[r.LensFlareQuality:2]]
[2020.05.23-07.33.56:099][  0]LogConfig: Setting CVar [[r.SceneColorFringeQuality:1]]
[2020.05.23-07.33.56:099][  0]LogConfig: Setting CVar [[r.EyeAdaptationQuality:2]]
[2020.05.23-07.33.56:099][  0]LogConfig: Setting CVar [[r.BloomQuality:5]]
[2020.05.23-07.33.56:099][  0]LogConfig: Setting CVar [[r.FastBlurThreshold:100]]
[2020.05.23-07.33.56:099][  0]LogConfig: Setting CVar [[r.Upscale.Quality:3]]
[2020.05.23-07.33.56:099][  0]LogConfig: Setting CVar [[r.Tonemapper.GrainQuantization:1]]
[2020.05.23-07.33.56:099][  0]LogConfig: Setting CVar [[r.LightShaftQuality:1]]
[2020.05.23-07.33.56:099][  0]LogConfig: Setting CVar [[r.Filter.SizeScale:1]]
[2020.05.23-07.33.56:099][  0]LogConfig: Setting CVar [[r.Tonemapper.Quality:5]]
[2020.05.23-07.33.56:099][  0]LogConfig: Setting CVar [[r.DOF.Gather.AccumulatorQuality:1        ; higher gathering accumulator quality]]
[2020.05.23-07.33.56:099][  0]LogConfig: Setting CVar [[r.DOF.Gather.PostfilterMethod:1          ; Median3x3 postfilering method]]
[2020.05.23-07.33.56:099][  0]LogConfig: Setting CVar [[r.DOF.Gather.EnableBokehSettings:0       ; no bokeh simulation when gathering]]
[2020.05.23-07.33.56:099][  0]LogConfig: Setting CVar [[r.DOF.Gather.RingCount:4                 ; medium number of samples when gathering]]
[2020.05.23-07.33.56:099][  0]LogConfig: Setting CVar [[r.DOF.Scatter.ForegroundCompositing:1    ; additive foreground scattering]]
[2020.05.23-07.33.56:099][  0]LogConfig: Setting CVar [[r.DOF.Scatter.BackgroundCompositing:2    ; additive background scattering]]
[2020.05.23-07.33.56:099][  0]LogConfig: Setting CVar [[r.DOF.Scatter.EnableBokehSettings:1      ; bokeh simulation when scattering]]
[2020.05.23-07.33.56:099][  0]LogConfig: Setting CVar [[r.DOF.Scatter.MaxSpriteRatio:0.1         ; only a maximum of 10% of scattered bokeh]]
[2020.05.23-07.33.56:099][  0]LogConfig: Setting CVar [[r.DOF.Recombine.Quality:1                ; cheap slight out of focus]]
[2020.05.23-07.33.56:099][  0]LogConfig: Setting CVar [[r.DOF.Recombine.EnableBokehSettings:0    ; no bokeh simulation on slight out of focus]]
[2020.05.23-07.33.56:099][  0]LogConfig: Setting CVar [[r.DOF.TemporalAAQuality:1                ; more stable temporal accumulation]]
[2020.05.23-07.33.56:099][  0]LogConfig: Setting CVar [[r.DOF.Kernel.MaxForegroundRadius:0.025]]
[2020.05.23-07.33.56:099][  0]LogConfig: Setting CVar [[r.DOF.Kernel.MaxBackgroundRadius:0.025]]
[2020.05.23-07.33.56:100][  0]LogConfig: Applying CVar settings from Section [TextureQuality@3] File [D:/Year 3/Collab/CollabUE4/Group-19-Collab/Group19UnrealProject/Saved/Config/Windows/Scalability.ini]
[2020.05.23-07.33.56:100][  0]LogConfig: Setting CVar [[r.Streaming.MipBias:0]]
[2020.05.23-07.33.56:100][  0]LogConfig: Setting CVar [[r.Streaming.AmortizeCPUToGPUCopy:0]]
[2020.05.23-07.33.56:100][  0]LogConfig: Setting CVar [[r.Streaming.MaxNumTexturesToStreamPerFrame:0]]
[2020.05.23-07.33.56:100][  0]LogConfig: Setting CVar [[r.Streaming.Boost:1]]
[2020.05.23-07.33.56:100][  0]LogConfig: Setting CVar [[r.MaxAnisotropy:8]]
[2020.05.23-07.33.56:100][  0]LogConfig: Setting CVar [[r.Streaming.LimitPoolSizeToVRAM:0]]
[2020.05.23-07.33.56:100][  0]LogConfig: Setting CVar [[r.Streaming.PoolSize:1000]]
[2020.05.23-07.33.56:100][  0]LogConfig: Setting CVar [[r.Streaming.MaxEffectiveScreenSize:0]]
[2020.05.23-07.33.56:100][  0]LogConfig: Applying CVar settings from Section [EffectsQuality@3] File [D:/Year 3/Collab/CollabUE4/Group-19-Collab/Group19UnrealProject/Saved/Config/Windows/Scalability.ini]
[2020.05.23-07.33.56:100][  0]LogConfig: Setting CVar [[r.TranslucencyLightingVolumeDim:64]]
[2020.05.23-07.33.56:100][  0]LogConfig: Setting CVar [[r.RefractionQuality:2]]
[2020.05.23-07.33.56:100][  0]LogConfig: Setting CVar [[r.SSR.Quality:3]]
[2020.05.23-07.33.56:100][  0]LogConfig: Setting CVar [[r.SceneColorFormat:4]]
[2020.05.23-07.33.56:100][  0]LogConfig: Setting CVar [[r.DetailMode:2]]
[2020.05.23-07.33.56:100][  0]LogConfig: Setting CVar [[r.TranslucencyVolumeBlur:1]]
[2020.05.23-07.33.56:100][  0]LogConfig: Setting CVar [[r.MaterialQualityLevel:1 ; High quality]]
[2020.05.23-07.33.56:100][  0]LogConfig: Setting CVar [[r.SSS.Scale:1]]
[2020.05.23-07.33.56:100][  0]LogConfig: Setting CVar [[r.SSS.SampleSet:2]]
[2020.05.23-07.33.56:100][  0]LogConfig: Setting CVar [[r.SSS.Quality:1]]
[2020.05.23-07.33.56:100][  0]LogConfig: Setting CVar [[r.SSS.HalfRes:1]]
[2020.05.23-07.33.56:100][  0]LogConfig: Setting CVar [[r.EmitterSpawnRateScale:1.0]]
[2020.05.23-07.33.56:100][  0]LogConfig: Setting CVar [[r.ParticleLightQuality:2]]
[2020.05.23-07.33.56:100][  0]LogConfig: Applying CVar settings from Section [FoliageQuality@3] File [D:/Year 3/Collab/CollabUE4/Group-19-Collab/Group19UnrealProject/Saved/Config/Windows/Scalability.ini]
[2020.05.23-07.33.56:100][  0]LogConfig: Setting CVar [[foliage.DensityScale:1.0]]
[2020.05.23-07.33.56:100][  0]LogConfig: Setting CVar [[grass.DensityScale:1.0]]
[2020.05.23-07.33.56:100][  0]LogConfig: Applying CVar settings from Section [Startup] File [../../../Engine/Config/ConsoleVariables.ini]
[2020.05.23-07.33.56:113][  0]LogConfig: Setting CVar [[net.UseAdaptiveNetUpdateFrequency:0]]
[2020.05.23-07.33.56:113][  0]LogConfig: Setting CVar [[p.chaos.AllowCreatePhysxBodies:1]]
[2020.05.23-07.33.56:113][  0]LogConfig: Applying CVar settings from Section [ConsoleVariables] File [D:/Year 3/Collab/CollabUE4/Group-19-Collab/Group19UnrealProject/Saved/Config/Windows/Engine.ini]
[2020.05.23-07.33.56:114][  0]LogInit: Computer: DESKTOP-POPSFSP
[2020.05.23-07.33.56:114][  0]LogInit: User: DESKTOP
[2020.05.23-07.33.56:114][  0]LogInit: CPU Page size=4096, Cores=4
[2020.05.23-07.33.56:114][  0]LogInit: High frequency timer resolution =10.000000 MHz
[2020.05.23-07.33.56:115][  0]LogMemory: Memory total: Physical=15.9GB (16GB approx)
[2020.05.23-07.33.56:115][  0]LogMemory: Platform Memory Stats for Windows
[2020.05.23-07.33.56:115][  0]LogMemory: Process Physical Memory: 97.84 MB used, 97.84 MB peak
[2020.05.23-07.33.56:115][  0]LogMemory: Process Virtual Memory: 92.84 MB used, 92.84 MB peak
[2020.05.23-07.33.56:115][  0]LogMemory: Physical Memory: 7042.00 MB used,  9257.08 MB free, 16299.09 MB total
[2020.05.23-07.33.56:115][  0]LogMemory: Virtual Memory: 4646.20 MB used,  134213080.00 MB free, 134217728.00 MB total
[2020.05.23-07.33.56:386][  0]LogInit: Using OS detected language (en-GB).
[2020.05.23-07.33.56:386][  0]LogInit: Using OS detected locale (en-GB).
[2020.05.23-07.33.56:389][  0]LogTextLocalizationManager: No specific localization for 'en-GB' exists, so the 'en' localization will be used.
[2020.05.23-07.33.56:737][  0]LogInit: Setting process to per monitor DPI aware
[2020.05.23-07.33.56:808][  0]LogSlate: New Slate User Created.  User Index 0, Is Virtual User: 0
[2020.05.23-07.33.56:808][  0]LogSlate: Slate User Registered.  User Index 0, Is Virtual User: 0
[2020.05.23-07.33.58:718][  0]LogHMD: Failed to initialize OpenVR with code 110
[2020.05.23-07.33.58:718][  0]LogD3D11RHI: D3D11 adapters:
[2020.05.23-07.33.58:773][  0]LogD3D11RHI:    0. 'NVIDIA GeForce GTX 1070' (Feature Level 11_0)
[2020.05.23-07.33.58:773][  0]LogD3D11RHI:       8088/0/8149 MB DedicatedVideo/DedicatedSystem/SharedSystem, Outputs:2, VendorId:0x10de
[2020.05.23-07.33.58:775][  0]LogD3D11RHI:    1. 'Microsoft Basic Render Driver' (Feature Level 11_0)
[2020.05.23-07.33.58:775][  0]LogD3D11RHI:       0/0/8149 MB DedicatedVideo/DedicatedSystem/SharedSystem, Outputs:0, VendorId:0x1414
[2020.05.23-07.33.58:775][  0]LogD3D11RHI: Chosen D3D11 Adapter: 0
[2020.05.23-07.33.58:782][  0]LogD3D11RHI: Creating new Direct3DDevice
[2020.05.23-07.33.58:782][  0]LogD3D11RHI:     GPU DeviceId: 0x1b81 (for the marketing name, search the web for "GPU Device Id")
[2020.05.23-07.33.58:782][  0]LogWindows: EnumDisplayDevices:
[2020.05.23-07.33.58:782][  0]LogWindows:    0. 'NVIDIA GeForce GTX 1070' (P:1 D:1)
[2020.05.23-07.33.58:782][  0]LogWindows:    1. 'NVIDIA GeForce GTX 1070' (P:0 D:1)
[2020.05.23-07.33.58:783][  0]LogWindows:    2. 'NVIDIA GeForce GTX 1070' (P:0 D:0)
[2020.05.23-07.33.58:783][  0]LogWindows:    3. 'NVIDIA GeForce GTX 1070' (P:0 D:0)
[2020.05.23-07.33.58:783][  0]LogWindows: DebugString: FoundDriverCount:4 
[2020.05.23-07.33.58:783][  0]LogD3D11RHI:     Adapter Name: NVIDIA GeForce GTX 1070
[2020.05.23-07.33.58:783][  0]LogD3D11RHI:   Driver Version: 445.75 (internal:26.21.14.4575, unified:445.75)
[2020.05.23-07.33.58:783][  0]LogD3D11RHI:      Driver Date: 3-17-2020
[2020.05.23-07.33.58:783][  0]LogRHI: Texture pool is 5661 MB (70% of 8088 MB)
[2020.05.23-07.33.58:820][  0]LogD3D11RHI: Async texture creation enabled
[2020.05.23-07.33.58:832][  0]LogRendererCore: FGlobalReadBuffer::InitRHI
[2020.05.23-07.33.58:832][  0]LogRendererCore: FGlobalReadBuffer::InitRHI
[2020.05.23-07.33.58:832][  0]LogRendererCore: FGlobalReadBuffer::InitRHI
[2020.05.23-07.33.58:846][  0]LogD3D11RHI: GPU Timing Frequency: 1000.000000 (Debug: 2 2)
[2020.05.23-07.33.59:599][  0]LogTemp: Display: Module 'AllDesktopTargetPlatform' loaded TargetPlatform 'AllDesktop'
[2020.05.23-07.33.59:619][  0]LogTemp: Display: Module 'MacClientTargetPlatform' loaded TargetPlatform 'MacClient'
[2020.05.23-07.33.59:640][  0]LogTemp: Display: Module 'MacNoEditorTargetPlatform' loaded TargetPlatform 'MacNoEditor'
[2020.05.23-07.33.59:659][  0]LogTemp: Display: Module 'MacServerTargetPlatform' loaded TargetPlatform 'MacServer'
[2020.05.23-07.33.59:684][  0]LogTemp: Display: Module 'MacTargetPlatform' loaded TargetPlatform 'Mac'
[2020.05.23-07.33.59:705][  0]LogTemp: Display: Module 'WindowsClientTargetPlatform' loaded TargetPlatform 'WindowsClient'
[2020.05.23-07.33.59:727][  0]LogTemp: Display: Module 'WindowsNoEditorTargetPlatform' loaded TargetPlatform 'WindowsNoEditor'
[2020.05.23-07.33.59:748][  0]LogTemp: Display: Module 'WindowsServerTargetPlatform' loaded TargetPlatform 'WindowsServer'
[2020.05.23-07.33.59:764][  0]LogTemp: Display: Module 'WindowsTargetPlatform' loaded TargetPlatform 'Windows'
[2020.05.23-07.33.59:846][  0]LogTemp: Display: Module 'AndroidTargetPlatform' loaded TargetPlatform 'Android'
[2020.05.23-07.33.59:846][  0]LogTemp: Display: Module 'AndroidTargetPlatform' loaded TargetPlatform 'Android_ASTC'
[2020.05.23-07.33.59:846][  0]LogTemp: Display: Module 'AndroidTargetPlatform' loaded TargetPlatform 'Android_ATC'
[2020.05.23-07.33.59:846][  0]LogTemp: Display: Module 'AndroidTargetPlatform' loaded TargetPlatform 'Android_DXT'
[2020.05.23-07.33.59:846][  0]LogTemp: Display: Module 'AndroidTargetPlatform' loaded TargetPlatform 'Android_ETC1'
[2020.05.23-07.33.59:846][  0]LogTemp: Display: Module 'AndroidTargetPlatform' loaded TargetPlatform 'Android_ETC1a'
[2020.05.23-07.33.59:846][  0]LogTemp: Display: Module 'AndroidTargetPlatform' loaded TargetPlatform 'Android_ETC2'
[2020.05.23-07.33.59:846][  0]LogTemp: Display: Module 'AndroidTargetPlatform' loaded TargetPlatform 'Android_PVRTC'
[2020.05.23-07.33.59:846][  0]LogTemp: Display: Module 'AndroidTargetPlatform' loaded TargetPlatform 'AndroidClient'
[2020.05.23-07.33.59:846][  0]LogTemp: Display: Module 'AndroidTargetPlatform' loaded TargetPlatform 'Android_ASTCClient'
[2020.05.23-07.33.59:846][  0]LogTemp: Display: Module 'AndroidTargetPlatform' loaded TargetPlatform 'Android_ATCClient'
[2020.05.23-07.33.59:846][  0]LogTemp: Display: Module 'AndroidTargetPlatform' loaded TargetPlatform 'Android_DXTClient'
[2020.05.23-07.33.59:846][  0]LogTemp: Display: Module 'AndroidTargetPlatform' loaded TargetPlatform 'Android_ETC1Client'
[2020.05.23-07.33.59:846][  0]LogTemp: Display: Module 'AndroidTargetPlatform' loaded TargetPlatform 'Android_ETC1aClient'
[2020.05.23-07.33.59:846][  0]LogTemp: Display: Module 'AndroidTargetPlatform' loaded TargetPlatform 'Android_ETC2Client'
[2020.05.23-07.33.59:846][  0]LogTemp: Display: Module 'AndroidTargetPlatform' loaded TargetPlatform 'Android_PVRTCClient'
[2020.05.23-07.33.59:846][  0]LogTemp: Display: Module 'AndroidTargetPlatform' loaded TargetPlatform 'Android_Multi'
[2020.05.23-07.33.59:846][  0]LogTemp: Display: Module 'AndroidTargetPlatform' loaded TargetPlatform 'Android_MultiClient'
[2020.05.23-07.33.59:858][  0]LogTemp: Display: Module 'HTML5TargetPlatform' loaded TargetPlatform 'HTML5'
[2020.05.23-07.33.59:940][  0]LogTemp: Display: Module 'IOSTargetPlatform' loaded TargetPlatform 'IOSClient'
[2020.05.23-07.33.59:940][  0]LogTemp: Display: Module 'IOSTargetPlatform' loaded TargetPlatform 'IOS'
[2020.05.23-07.33.59:970][  0]LogTemp: Display: Module 'TVOSTargetPlatform' loaded TargetPlatform 'TVOSClient'
[2020.05.23-07.33.59:970][  0]LogTemp: Display: Module 'TVOSTargetPlatform' loaded TargetPlatform 'TVOS'
[2020.05.23-07.33.59:989][  0]LogTemp: Display: Module 'LinuxClientTargetPlatform' loaded TargetPlatform 'LinuxClient'
[2020.05.23-07.34.00:009][  0]LogTemp: Display: Module 'LinuxNoEditorTargetPlatform' loaded TargetPlatform 'LinuxNoEditor'
[2020.05.23-07.34.00:030][  0]LogTemp: Display: Module 'LinuxServerTargetPlatform' loaded TargetPlatform 'LinuxServer'
[2020.05.23-07.34.00:059][  0]LogTemp: Display: Module 'LinuxTargetPlatform' loaded TargetPlatform 'Linux'
[2020.05.23-07.34.00:112][  0]LogTemp: Display: Module 'LuminTargetPlatform' loaded TargetPlatform 'Lumin'
[2020.05.23-07.34.00:112][  0]LogTemp: Display: Module 'LuminTargetPlatform' loaded TargetPlatform 'LuminClient'
[2020.05.23-07.34.00:112][  0]LogTargetPlatformManager: Display: Building Assets For Windows
[2020.05.23-07.34.00:164][  0]LogAudioDebug: Display: Lib vorbis DLL was dynamically loaded.
[2020.05.23-07.34.00:463][  0]LogShaderCompilers: Guid format shader working directory is -15 characters bigger than the processId version (D:/Year 3/Collab/CollabUE4/Group-19-Collab/Group19UnrealProject/Intermediate/Shaders/WorkingDirectory/7552/).
[2020.05.23-07.34.00:463][  0]LogShaderCompilers: Cleaned the shader compiler working directory 'C:/Users/DESKTOP/AppData/Local/Temp/UnrealShaderWorkingDir/4F8713FD49F4C4A5EE38D3950A9B8D0F/'.
[2020.05.23-07.34.00:465][  0]LogXGEController: Cleaning working directory: C:/Users/DESKTOP/AppData/Local/Temp/UnrealXGEWorkingDir/
[2020.05.23-07.34.00:465][  0]LogXGEController: Cannot use XGE Controller as Incredibuild is not installed on this machine.
[2020.05.23-07.34.00:465][  0]LogShaderCompilers: Cannot use XGE Shader Compiler as Incredibuild is not installed on this machine.
[2020.05.23-07.34.00:465][  0]LogShaderCompilers: Display: Using Local Shader Compiler.
[2020.05.23-07.34.02:371][  0]LogDerivedDataCache: Display: Max Cache Size: 512 MB
[2020.05.23-07.34.02:638][  0]LogDerivedDataCache: Loaded boot cache 0.27s 71MB C:/Users/DESKTOP/AppData/Local/UnrealEngine/4.22/DerivedDataCache/Boot.ddc.
[2020.05.23-07.34.02:638][  0]LogDerivedDataCache: Display: Loaded Boot cache: C:/Users/DESKTOP/AppData/Local/UnrealEngine/4.22/DerivedDataCache/Boot.ddc
[2020.05.23-07.34.02:638][  0]LogDerivedDataCache: FDerivedDataBackendGraph:  Pak pak cache file D:/Year 3/Collab/CollabUE4/Group-19-Collab/Group19UnrealProject/DerivedDataCache/DDC.ddp not found, will not use a pak cache.
[2020.05.23-07.34.02:638][  0]LogDerivedDataCache: Unable to find inner node Pak for hierarchical cache Hierarchy.
[2020.05.23-07.34.02:638][  0]LogDerivedDataCache: FDerivedDataBackendGraph:  CompressedPak pak cache file D:/Year 3/Collab/CollabUE4/Group-19-Collab/Group19UnrealProject/DerivedDataCache/Compressed.ddp not found, will not use a pak cache.
[2020.05.23-07.34.02:638][  0]LogDerivedDataCache: Unable to find inner node CompressedPak for hierarchical cache Hierarchy.
[2020.05.23-07.34.02:668][  0]LogDerivedDataCache: Display: Pak cache opened for reading ../../../Engine/DerivedDataCache/Compressed.ddp.
[2020.05.23-07.34.02:668][  0]LogDerivedDataCache: FDerivedDataBackendGraph:  EnterprisePak pak cache file ../../../Enterprise/DerivedDataCache/Compressed.ddp not found, will not use a pak cache.
[2020.05.23-07.34.02:668][  0]LogDerivedDataCache: Unable to find inner node EnterprisePak for hierarchical cache Hierarchy.
[2020.05.23-07.34.02:681][  0]LogDerivedDataCache: Using Local data cache path C:/Users/DESKTOP/AppData/Local/UnrealEngine/Common/DerivedDataCache: Writable
[2020.05.23-07.34.02:681][  0]LogDerivedDataCache: Shared data cache path not found in *engine.ini, will not use an Shared cache.
[2020.05.23-07.34.02:681][  0]LogDerivedDataCache: Unable to find inner node Shared for hierarchical cache Hierarchy.
[2020.05.23-07.34.02:702][  0]LogMaterial: Verifying Global Shaders for PCD3D_SM5
[2020.05.23-07.34.02:703][  0]LogSlate: Using FreeType 2.6.0
[2020.05.23-07.34.02:713][  0]LogSlate: SlateFontServices - WITH_FREETYPE: 1, WITH_HARFBUZZ: 1
[2020.05.23-07.34.02:915][  0]LogAssetRegistry: FAssetRegistry took 0.0308 seconds to start up
[2020.05.23-07.34.03:187][  0]LogInit: Selected Device Profile: [Windows]
[2020.05.23-07.34.03:728][  0]LogMeshReduction: Using QuadricMeshReduction for automatic static mesh reduction
[2020.05.23-07.34.03:728][  0]LogMeshReduction: Using SimplygonMeshReduction for automatic skeletal mesh reduction
[2020.05.23-07.34.03:728][  0]LogMeshReduction: Using ProxyLODMeshReduction for automatic mesh merging
[2020.05.23-07.34.03:728][  0]LogMeshReduction: No distributed automatic mesh merging module available
[2020.05.23-07.34.03:728][  0]LogMeshMerging: No distributed automatic mesh merging module available
[2020.05.23-07.34.03:759][  0]LogNetVersion: Group19UnrealProject 1.0.0, NetCL: 5660361, EngineNetVer: 10, GameNetVer: 0 (Checksum: 623720685)
[2020.05.23-07.34.05:062][  0]LogPackageLocalizationCache: Processed 10 localized package path(s) for 1 prioritized culture(s) in 0.457045 seconds
[2020.05.23-07.34.05:068][  0]LogUObjectArray: 42205 objects as part of root set at end of initial load.
[2020.05.23-07.34.05:068][  0]LogUObjectAllocator: 7325032 out of 0 bytes used by permanent object pool.
[2020.05.23-07.34.05:068][  0]LogUObjectArray: CloseDisregardForGC: 0/0 objects in disregard for GC pool
[2020.05.23-07.34.08:202][  0]LogTcpMessaging: Initializing TcpMessaging bridge
[2020.05.23-07.34.08:227][  0]LogUdpMessaging: Initializing bridge on interface 0.0.0.0:0 to multicast group 230.0.0.1:6666.
[2020.05.23-07.34.08:550][  0]SourceControl: Source control is disabled
[2020.05.23-07.34.08:550][  0]SourceControl: Source control is disabled
[2020.05.23-07.34.08:606][  0]SourceControl: Source control is disabled
[2020.05.23-07.34.08:621][  0]SourceControl: Source control is disabled
[2020.05.23-07.34.08:657][  0]LogVSAccessor: Display: Unable to create Visual Studio setup instance: 80040154
[2020.05.23-07.34.08:658][  0]LogVSAccessor: Display: Unable to create Visual Studio setup instance: 80040154
[2020.05.23-07.34.09:247][  0]LogAndroidPermission: UAndroidPermissionCallbackProxy::GetInstance
[2020.05.23-07.34.09:554][  0]LogOcInput: OculusInput pre-init called
[2020.05.23-07.34.10:301][  0]LogEngine: Initializing Engine...
[2020.05.23-07.34.10:301][  0]LogHMD: Failed to initialize OpenVR with code 110
[2020.05.23-07.34.10:302][  0]LogStats: UGameplayTagsManager::InitializeManager -  0.000 s
[2020.05.23-07.34.10:624][  0]LogInit: Initializing FReadOnlyCVARCache
[2020.05.23-07.34.10:660][  0]LogAIModule: Creating AISystem for world Untitled
[2020.05.23-07.34.10:689][  0]LogInit: XAudio2 using '扬声器 (Realtek High Definition Audio)' : 2 channels at 48 kHz using 32 bits per sample (channel mask 0x3)
[2020.05.23-07.34.10:714][  0]LogInit: FAudioDevice initialized.
[2020.05.23-07.34.10:714][  0]LogNetVersion: Set ProjectVersion to 1.0.0.0. Version Checksum will be recalculated on next use.
[2020.05.23-07.34.10:796][  0]LogDerivedDataCache: Saved boot cache 0.08s 71MB C:/Users/DESKTOP/AppData/Local/UnrealEngine/4.22/DerivedDataCache/Boot.ddc.
[2020.05.23-07.34.10:808][  0]LogInit: Texture streaming: Enabled
[2020.05.23-07.34.10:882][  0]LogEngineSessionManager: EngineSessionManager initialized
[2020.05.23-07.34.10:924][  0]LogInit: Transaction tracking system initialized
[2020.05.23-07.34.11:004][  0]BlueprintLog: New page: Editor Load
[2020.05.23-07.34.11:569][  0]LocalizationService: Localization service is disabled
[2020.05.23-07.34.11:947][  0]LogVSAccessor: Display: Unable to create Visual Studio setup instance: 80040154
[2020.05.23-07.34.11:948][  0]LogVSAccessor: Display: Unable to create Visual Studio setup instance: 80040154
[2020.05.23-07.34.12:339][  0]LogFileCache: Scanning file cache for directory 'D:/Year 3/Collab/CollabUE4/Group-19-Collab/Group19UnrealProject/Content/' took 0.02s
[2020.05.23-07.34.12:339][  0]LogCook: Display: Max memory allowance for cook 16384mb min free memory 0mb
[2020.05.23-07.34.12:339][  0]LogCook: Display: Mobile HDR setting 1
[2020.05.23-07.34.13:110][  0]SourceControl: Source control is disabled
[2020.05.23-07.34.13:110][  0]Cmd: MAP LOAD FILE="D:/Year 3/Collab/CollabUE4/Group-19-Collab/Group19UnrealProject/Content/StarterContent/Maps/Minimal_Default.umap" TEMPLATE=0 SHOWPROGRESS=1 FEATURELEVEL=3
[2020.05.23-07.34.13:127][  0]LightingResults: New page: Lighting Build
[2020.05.23-07.34.13:129][  0]MapCheck: New page: Map Check
[2020.05.23-07.34.13:129][  0]LightingResults: New page: Lighting Build
[2020.05.23-07.34.13:148][  0]LogUObjectHash: Compacting FUObjectHashTables data took   1.21ms
[2020.05.23-07.34.13:248][  0]LogLinker: Warning: Can't find file '/Game/StarterContent/Maps/Minimal_Default_BuiltData'
[2020.05.23-07.34.13:248][  0]LogLinker: Warning: Can't find file for asset '/Game/StarterContent/Maps/Minimal_Default_BuiltData' while loading NULL.
[2020.05.23-07.34.13:659][  0]LogLinker: Warning: Can't find file '/Game/StarterContent/Maps/Minimal_Default_BuiltData'
[2020.05.23-07.34.13:660][  0]LogLinker: Warning: Can't find file for asset '/Game/StarterContent/Maps/Minimal_Default_BuiltData' while loading NULL.
[2020.05.23-07.34.13:857][  0]LogLinker: Warning: Can't find file '/Game/StarterContent/Maps/Minimal_Default_BuiltData'
[2020.05.23-07.34.13:857][  0]LogLinker: Warning: Can't find file for asset '/Game/StarterContent/Maps/Minimal_Default_BuiltData' while loading NULL.
[2020.05.23-07.34.13:857][  0]LogLinker: Warning: Can't find file '/Game/StarterContent/Maps/Minimal_Default_BuiltData'
[2020.05.23-07.34.13:857][  0]LogLinker: Warning: Can't find file for asset '/Game/StarterContent/Maps/Minimal_Default_BuiltData' while loading NULL.
[2020.05.23-07.34.13:873][  0]LogLinker: Warning: Can't find file '/Game/StarterContent/Maps/Minimal_Default_BuiltData'
[2020.05.23-07.34.13:873][  0]LoadErrors: Failed to load /Game/StarterContent/Maps/Minimal_Default_BuiltData.Minimal_Default_BuiltData Referenced by PersistentLevel
[2020.05.23-07.34.13:873][  0]LogLinker: Warning: Can't find file for asset '/Game/StarterContent/Maps/Minimal_Default_BuiltData' while loading NULL.
[2020.05.23-07.34.14:082][  0]LogAIModule: Creating AISystem for world Minimal_Default
[2020.05.23-07.34.14:098][  0]LogEditorServer: Finished looking for orphan Actors (0.000 secs)
[2020.05.23-07.34.14:119][  0]LogUObjectHash: Compacting FUObjectHashTables data took   2.28ms
[2020.05.23-07.34.14:119][  0]Cmd: MAP CHECKDEP NOCLEARLOG
[2020.05.23-07.34.14:119][  0]MapCheck: Map check complete: 0 Error(s), 0 Warning(s), took 0.123ms to complete.
[2020.05.23-07.34.14:119][  0]LogFileHelpers: Loading map 'Minimal_Default' took 1.010
[2020.05.23-07.34.14:216][  0]LogSlate: Updating window title bar state: overlay mode, drag disabled, window buttons hidden, title bar hidden
[2020.05.23-07.34.14:222][  0]LogSlate: Updating window title bar state: overlay mode, drag disabled, window buttons hidden, title bar hidden
[2020.05.23-07.34.14:227][  0]LogSlate: Updating window title bar state: overlay mode, drag disabled, window buttons hidden, title bar hidden
[2020.05.23-07.34.14:233][  0]LogSlate: Updating window title bar state: overlay mode, drag disabled, window buttons hidden, title bar hidden
[2020.05.23-07.34.14:253][  0]LogCollectionManager: Loaded 0 collections in 0.001572 seconds
[2020.05.23-07.34.14:296][  0]LogFileCache: Scanning file cache for directory 'D:/Year 3/Collab/CollabUE4/Group-19-Collab/Group19UnrealProject/Saved/Collections/' took 0.01s
[2020.05.23-07.34.14:296][  0]LogFileCache: Scanning file cache for directory 'D:/Year 3/Collab/CollabUE4/Group-19-Collab/Group19UnrealProject/Content/Developers/DESKTOP/Collections/' took 0.01s
[2020.05.23-07.34.14:296][  0]LogFileCache: Scanning file cache for directory 'D:/Year 3/Collab/CollabUE4/Group-19-Collab/Group19UnrealProject/Content/Collections/' took 0.01s
[2020.05.23-07.34.14:296][  0]LogCollectionManager: Rebuilt the GUID cache for 0 collections in 0.000000 seconds
[2020.05.23-07.34.14:310][  0]LogContentBrowser: Native class hierarchy populated in 0.0137 seconds. Added 2732 classes and 659 folders.
[2020.05.23-07.34.14:323][  0]LogContentBrowser: Native class hierarchy updated for 'WidgetCarousel' in 0.0005 seconds. Added 0 classes and 0 folders.
[2020.05.23-07.34.14:334][  0]LogPakFile: Registered encryption key '00000000000000000000000000000000': 0 pak files mounted, 0 remain pending
[2020.05.23-07.34.14:340][  0]LogPakFile: Registered encryption key '00000000000000000000000000000000': 0 pak files mounted, 0 remain pending
[2020.05.23-07.34.14:355][  0]LogPakFile: Registered encryption key '00000000000000000000000000000000': 0 pak files mounted, 0 remain pending
[2020.05.23-07.34.14:362][  0]LogPakFile: Registered encryption key '00000000000000000000000000000000': 0 pak files mounted, 0 remain pending
[2020.05.23-07.34.14:368][  0]LogPakFile: Registered encryption key '00000000000000000000000000000000': 0 pak files mounted, 0 remain pending
[2020.05.23-07.34.14:375][  0]LogPakFile: Registered encryption key '00000000000000000000000000000000': 0 pak files mounted, 0 remain pending
[2020.05.23-07.34.14:381][  0]LogPakFile: Registered encryption key '00000000000000000000000000000000': 0 pak files mounted, 0 remain pending
[2020.05.23-07.34.14:387][  0]LogPakFile: Registered encryption key '00000000000000000000000000000000': 0 pak files mounted, 0 remain pending
[2020.05.23-07.34.14:394][  0]LogPakFile: Registered encryption key '00000000000000000000000000000000': 0 pak files mounted, 0 remain pending
[2020.05.23-07.34.14:400][  0]LogPakFile: Registered encryption key '00000000000000000000000000000000': 0 pak files mounted, 0 remain pending
[2020.05.23-07.34.14:405][  0]LogPakFile: Registered encryption key '00000000000000000000000000000000': 0 pak files mounted, 0 remain pending
[2020.05.23-07.34.14:410][  0]LogPakFile: Registered encryption key '00000000000000000000000000000000': 0 pak files mounted, 0 remain pending
[2020.05.23-07.34.14:416][  0]LogPakFile: Registered encryption key '00000000000000000000000000000000': 0 pak files mounted, 0 remain pending
[2020.05.23-07.34.14:422][  0]LogPakFile: Registered encryption key '00000000000000000000000000000000': 0 pak files mounted, 0 remain pending
[2020.05.23-07.34.14:427][  0]LogPakFile: Registered encryption key '00000000000000000000000000000000': 0 pak files mounted, 0 remain pending
[2020.05.23-07.34.14:432][  0]LogPakFile: Registered encryption key '00000000000000000000000000000000': 0 pak files mounted, 0 remain pending
[2020.05.23-07.34.14:455][  0]LogPakFile: Registered encryption key '00000000000000000000000000000000': 0 pak files mounted, 0 remain pending
[2020.05.23-07.34.14:459][  0]LogPakFile: Registered encryption key '00000000000000000000000000000000': 0 pak files mounted, 0 remain pending
[2020.05.23-07.34.14:465][  0]LogPakFile: Registered encryption key '00000000000000000000000000000000': 0 pak files mounted, 0 remain pending
[2020.05.23-07.34.14:469][  0]LogPakFile: Registered encryption key '00000000000000000000000000000000': 0 pak files mounted, 0 remain pending
[2020.05.23-07.34.14:475][  0]LogPakFile: Registered encryption key '00000000000000000000000000000000': 0 pak files mounted, 0 remain pending
[2020.05.23-07.34.14:481][  0]LogPakFile: Registered encryption key '00000000000000000000000000000000': 0 pak files mounted, 0 remain pending
[2020.05.23-07.34.14:486][  0]LogPakFile: Registered encryption key '00000000000000000000000000000000': 0 pak files mounted, 0 remain pending
[2020.05.23-07.34.14:491][  0]LogPakFile: Registered encryption key '00000000000000000000000000000000': 0 pak files mounted, 0 remain pending
[2020.05.23-07.34.14:497][  0]LogPakFile: Registered encryption key '00000000000000000000000000000000': 0 pak files mounted, 0 remain pending
[2020.05.23-07.34.14:503][  0]LogPakFile: Registered encryption key '00000000000000000000000000000000': 0 pak files mounted, 0 remain pending
[2020.05.23-07.34.14:673][  0]LogContentBrowser: Native class hierarchy updated for 'AddContentDialog' in 0.0003 seconds. Added 0 classes and 0 folders.
[2020.05.23-07.34.14:698][  0]LogContentBrowser: Native class hierarchy updated for 'SceneOutliner' in 0.0003 seconds. Added 1 classes and 2 folders.
[2020.05.23-07.34.14:781][  0]LogSlate: Took 0.007447 seconds to synchronously load lazily loaded font '../../../Engine/Content/Slate/Fonts/Roboto-Regular.ttf' (155K)
[2020.05.23-07.34.14:789][  0]LogSlate: Took 0.005354 seconds to synchronously load lazily loaded font '../../../Engine/Content/Slate/Fonts/Roboto-Bold.ttf' (160K)
[2020.05.23-07.34.14:796][  0]LogSlate: Took 0.005347 seconds to synchronously load lazily loaded font '../../../Engine/Content/Editor/Slate/Fonts/FontAwesome.ttf' (139K)
[2020.05.23-07.34.14:864][  0]LogRenderer: Reallocating scene render targets to support 1528x524 Format 10 NumSamples 1 (Frame:1).
[2020.05.23-07.34.15:066][  0]LogContentBrowser: Native class hierarchy updated for 'HierarchicalLODOutliner' in 0.0002 seconds. Added 0 classes and 0 folders.
[2020.05.23-07.34.15:066][  0]LogLoad: (Engine Initialization) Total time: 26.38 seconds
[2020.05.23-07.34.15:066][  0]LogLoad: (Engine Initialization) Total Blueprint compile time: 0.00 seconds
[2020.05.23-07.34.15:101][  0]LogAssetRegistry: Asset discovery search completed in 12.2085 seconds
[2020.05.23-07.34.15:102][  0]LogCollectionManager: Rebuilt the object cache for 0 collections in 0.000000 seconds (found 0 objects)
[2020.05.23-07.34.15:102][  0]LogCollectionManager: Fixed up redirectors for 0 collections in 0.000046 seconds (updated 0 objects)
[2020.05.23-07.34.15:103][  0]LogContentStreaming: Texture pool size now 1000 MB
[2020.05.23-07.34.15:110][  0]LogSlate: FSceneViewport::OnFocusLost() reason 2
[2020.05.23-07.34.15:244][  0]LogSlate: Took 0.005663 seconds to synchronously load lazily loaded font '../../../Engine/Content/Slate/Fonts/Roboto-Light.ttf' (167K)
[2020.05.23-07.34.16:424][  4]LogSlate: Took 0.000235 seconds to synchronously load lazily loaded font '../../../Engine/Content/Slate/Fonts/Roboto-Light.ttf' (167K)
[2020.05.23-07.34.37:546][177]LogSlate: Window 'Message Log' being destroyed
[2020.05.23-07.34.37:549][177]LogSlate: Window 'Message Log' being destroyed
[2020.05.23-07.34.39:501][411]LogSlate: FSceneViewport::OnFocusLost() reason 0
[2020.05.23-07.34.43:836][424]LogStaticMesh: Building static mesh Keycard...
[2020.05.23-07.34.43:842][424]LogStaticMesh: Built static mesh [0.01s] /Game/Art/RoomAssets/StarterRoom/KeyCard/Keycard.Keycard
[2020.05.23-07.34.44:838][424]LogAIModule: Creating AISystem for world StarterRoom
[2020.05.23-07.34.44:878][424]LogAssetEditorManager: Opening Asset editor for World /Game/Art/Rooms/StarterRoom/StarterRoom.StarterRoom
[2020.05.23-07.34.44:901][424]LogUObjectHash: Compacting FUObjectHashTables data took   1.59ms
[2020.05.23-07.34.44:902][424]Cmd: MAP LOAD FILE="D:/Year 3/Collab/CollabUE4/Group-19-Collab/Group19UnrealProject/Content/Art/Rooms/StarterRoom/StarterRoom.umap" TEMPLATE=0 SHOWPROGRESS=1 FEATURELEVEL=3
[2020.05.23-07.34.44:902][424]LightingResults: New page: Lighting Build
[2020.05.23-07.34.44:903][424]LoadErrors: New page: Loading map: StarterRoom.umap
[2020.05.23-07.34.44:904][424]MapCheck: New page: Map Check
[2020.05.23-07.34.44:904][424]LightingResults: New page: Lighting Build
[2020.05.23-07.34.44:922][424]LogUObjectHash: Compacting FUObjectHashTables data took   1.31ms
[2020.05.23-07.34.45:105][424]LogEditorServer: Finished looking for orphan Actors (0.000 secs)
[2020.05.23-07.34.45:133][424]LogUObjectHash: Compacting FUObjectHashTables data took   1.49ms
[2020.05.23-07.34.45:153][424]Cmd: MAP CHECKDEP NOCLEARLOG
[2020.05.23-07.34.45:153][424]MapCheck: Map check complete: 0 Error(s), 0 Warning(s), took 0.109ms to complete.
[2020.05.23-07.34.45:153][424]LogFileHelpers: Loading map 'StarterRoom' took 0.251
[2020.05.23-07.34.58:300][950]LogSlate: FSceneViewport::OnFocusLost() reason 0
[2020.05.23-07.35.01:283][123]LogAIModule: Creating AISystem for world HydroponicsRoom
[2020.05.23-07.35.01:302][123]LogAssetEditorManager: Opening Asset editor for World /Game/Art/Rooms/HydroponicsRoom/HydroponicsRoom.HydroponicsRoom
[2020.05.23-07.35.01:326][123]LogUObjectHash: Compacting FUObjectHashTables data took   1.57ms
[2020.05.23-07.35.01:327][123]Cmd: MAP LOAD FILE="D:/Year 3/Collab/CollabUE4/Group-19-Collab/Group19UnrealProject/Content/Art/Rooms/HydroponicsRoom/HydroponicsRoom.umap" TEMPLATE=0 SHOWPROGRESS=1 FEATURELEVEL=3
[2020.05.23-07.35.01:327][123]LightingResults: New page: Lighting Build
[2020.05.23-07.35.01:327][123]LoadErrors: New page: Loading map: HydroponicsRoom.umap
[2020.05.23-07.35.01:329][123]MapCheck: New page: Map Check
[2020.05.23-07.35.01:329][123]LightingResults: New page: Lighting Build
[2020.05.23-07.35.01:350][123]LogUObjectHash: Compacting FUObjectHashTables data took   1.45ms
[2020.05.23-07.35.01:419][123]LogEditorServer: Finished looking for orphan Actors (0.000 secs)
[2020.05.23-07.35.01:439][123]LogUObjectHash: Compacting FUObjectHashTables data took   1.02ms
[2020.05.23-07.35.01:456][123]Cmd: MAP CHECKDEP NOCLEARLOG
[2020.05.23-07.35.01:456][123]MapCheck: Map check complete: 0 Error(s), 0 Warning(s), took 0.083ms to complete.
[2020.05.23-07.35.01:456][123]LogFileHelpers: Loading map 'HydroponicsRoom' took 0.130
[2020.05.23-07.35.58:059][886]LogSlate: FSceneViewport::OnFocusLost() reason 0
[2020.05.23-07.35.58:117][893]LogTemp: Repeating last play command: Simulate
[2020.05.23-07.35.58:127][893]LogBlueprintUserMessages: Early PlayInEditor Detection: Level '/Game/Art/Rooms/HydroponicsRoom/HydroponicsRoom.HydroponicsRoom:PersistentLevel' has LevelScriptBlueprint '/Game/Art/Rooms/HydroponicsRoom/HydroponicsRoom.HydroponicsRoom:PersistentLevel.HydroponicsRoom' with GeneratedClass '/Game/Art/Rooms/HydroponicsRoom/HydroponicsRoom.HydroponicsRoom_C' with ClassGeneratedBy '/Game/Art/Rooms/HydroponicsRoom/HydroponicsRoom.HydroponicsRoom:PersistentLevel.HydroponicsRoom'
[2020.05.23-07.35.58:127][893]LogPlayLevel: PlayLevel: No blueprints needed recompiling
[2020.05.23-07.35.58:128][893]PIE: New page: SIE session: HydroponicsRoom (23 May 2020 09:35:58)
[2020.05.23-07.35.58:140][893]LogPlayLevel: Creating play world package: /Game/Art/Rooms/HydroponicsRoom/UEDPIE_0_HydroponicsRoom
[2020.05.23-07.35.58:149][893]LogPlayLevel: PIE: StaticDuplicateObject took: (0.008859s)
[2020.05.23-07.35.58:149][893]LogAIModule: Creating AISystem for world HydroponicsRoom
[2020.05.23-07.35.58:149][893]LogPlayLevel: PIE: World Init took: (0.000454s)
[2020.05.23-07.35.58:149][893]LogPlayLevel: PIE: Created PIE world by copying editor world from /Game/Art/Rooms/HydroponicsRoom/HydroponicsRoom.HydroponicsRoom to /Game/Art/Rooms/HydroponicsRoom/UEDPIE_0_HydroponicsRoom.HydroponicsRoom (0.009534s)
[2020.05.23-07.35.58:167][893]LogUObjectHash: Compacting FUObjectHashTables data took   0.87ms
[2020.05.23-07.35.58:184][893]LogInit: XAudio2 using '扬声器 (Realtek High Definition Audio)' : 2 channels at 48 kHz using 32 bits per sample (channel mask 0x3)
[2020.05.23-07.35.58:199][893]LogInit: FAudioDevice initialized.
[2020.05.23-07.35.58:238][893]LogLoad: Game class is 'GameModeBase'
[2020.05.23-07.35.58:242][893]LogWorld: Bringing World /Game/Art/Rooms/HydroponicsRoom/UEDPIE_0_HydroponicsRoom.HydroponicsRoom up for play (max tick rate 0) at 2020.05.23-08.35.58
[2020.05.23-07.35.58:243][893]LogWorld: Bringing up level for play took: 0.003702
[2020.05.23-07.35.58:255][893]LogGameMode: FindPlayerStart: PATHS NOT DEFINED or NO PLAYERSTART with positive rating
[2020.05.23-07.35.58:267][893]LogContentBrowser: Native class hierarchy updated for 'MovieSceneCapture' in 0.0006 seconds. Added 20 classes and 0 folders.
[2020.05.23-07.35.58:269][893]PIE: Play in editor start time for /Game/Art/Rooms/HydroponicsRoom/UEDPIE_0_HydroponicsRoom -0.559
[2020.05.23-07.35.58:288][893]LogBlueprintUserMessages: Late PlayInEditor Detection: Level '/Game/Art/Rooms/HydroponicsRoom/HydroponicsRoom.HydroponicsRoom:PersistentLevel' has LevelScriptBlueprint '/Game/Art/Rooms/HydroponicsRoom/HydroponicsRoom.HydroponicsRoom:PersistentLevel.HydroponicsRoom' with GeneratedClass '/Game/Art/Rooms/HydroponicsRoom/HydroponicsRoom.HydroponicsRoom_C' with ClassGeneratedBy '/Game/Art/Rooms/HydroponicsRoom/HydroponicsRoom.HydroponicsRoom:PersistentLevel.HydroponicsRoom'
[2020.05.23-07.36.08:871][125]LogSlate: FSceneViewport::OnFocusLost() reason 0
[2020.05.23-07.36.08:922][131]LogBlueprintUserMessages: Early EndPlayMap Detection: Level '/Game/Art/Rooms/HydroponicsRoom/HydroponicsRoom.HydroponicsRoom:PersistentLevel' has LevelScriptBlueprint '/Game/Art/Rooms/HydroponicsRoom/HydroponicsRoom.HydroponicsRoom:PersistentLevel.HydroponicsRoom' with GeneratedClass '/Game/Art/Rooms/HydroponicsRoom/HydroponicsRoom.HydroponicsRoom_C' with ClassGeneratedBy '/Game/Art/Rooms/HydroponicsRoom/HydroponicsRoom.HydroponicsRoom:PersistentLevel.HydroponicsRoom'
[2020.05.23-07.36.08:922][131]LogSlate: Updating window title bar state: overlay mode, drag disabled, window buttons hidden, title bar hidden
[2020.05.23-07.36.08:952][131]LogPlayLevel: Display: Shutting down PIE online subsystems
[2020.05.23-07.36.08:952][131]LogBlueprintUserMessages: Late EndPlayMap Detection: Level '/Game/Art/Rooms/HydroponicsRoom/HydroponicsRoom.HydroponicsRoom:PersistentLevel' has LevelScriptBlueprint '/Game/Art/Rooms/HydroponicsRoom/HydroponicsRoom.HydroponicsRoom:PersistentLevel.HydroponicsRoom' with GeneratedClass '/Game/Art/Rooms/HydroponicsRoom/HydroponicsRoom.HydroponicsRoom_C' with ClassGeneratedBy '/Game/Art/Rooms/HydroponicsRoom/HydroponicsRoom.HydroponicsRoom:PersistentLevel.HydroponicsRoom'
[2020.05.23-07.36.08:975][131]LogSlate: Updating window title bar state: overlay mode, drag disabled, window buttons hidden, title bar hidden
[2020.05.23-07.36.08:978][131]LogUObjectHash: Compacting FUObjectHashTables data took   1.21ms
[2020.05.23-07.36.09:026][136]LogPlayLevel: Display: Destroying online subsystem :Context_1
[2020.05.23-07.36.13:886][706]LogSlate: FSceneViewport::OnFocusLost() reason 0
[2020.05.23-07.36.16:460][ 12]Cmd: DELETE
[2020.05.23-07.36.16:460][ 12]Cmd: ACTOR DELETE
[2020.05.23-07.36.16:465][ 12]LogEditorActor: Deleted Actor: SpotLight
[2020.05.23-07.36.16:484][ 12]LogUObjectHash: Compacting FUObjectHashTables data took   1.02ms
[2020.05.23-07.36.16:484][ 12]LogEditorActor: Deleted 1 Actors (0.022 secs)
[2020.05.23-07.36.20:698][492]LogEditorViewport: Clicking on Actor (LMB): SpotLight (SpotLight6)
[2020.05.23-07.36.45:737][924]LogSlate: FSceneViewport::OnFocusLost() reason 0
[2020.05.23-07.36.59:715][540]LogSlate: FSceneViewport::OnFocusLost() reason 0
[2020.05.23-07.37.21:705][150]LogSlate: FSceneViewport::OnFocusLost() reason 0
[2020.05.23-07.37.27:156][773]LogSlate: FSceneViewport::OnFocusLost() reason 0
[2020.05.23-07.37.27:214][780]LogTemp: Repeating last play command: Simulate
[2020.05.23-07.37.27:225][780]LogBlueprintUserMessages: Early PlayInEditor Detection: Level '/Game/Art/Rooms/HydroponicsRoom/HydroponicsRoom.HydroponicsRoom:PersistentLevel' has LevelScriptBlueprint '/Game/Art/Rooms/HydroponicsRoom/HydroponicsRoom.HydroponicsRoom:PersistentLevel.HydroponicsRoom' with GeneratedClass '/Game/Art/Rooms/HydroponicsRoom/HydroponicsRoom.HydroponicsRoom_C' with ClassGeneratedBy '/Game/Art/Rooms/HydroponicsRoom/HydroponicsRoom.HydroponicsRoom:PersistentLevel.HydroponicsRoom'
[2020.05.23-07.37.27:225][780]LogPlayLevel: PlayLevel: No blueprints needed recompiling
[2020.05.23-07.37.27:225][780]PIE: New page: SIE session: HydroponicsRoom (23 May 2020 09:37:27)
[2020.05.23-07.37.27:225][780]LogPlayLevel: Creating play world package: /Game/Art/Rooms/HydroponicsRoom/UEDPIE_0_HydroponicsRoom
[2020.05.23-07.37.27:234][780]LogPlayLevel: PIE: StaticDuplicateObject took: (0.008864s)
[2020.05.23-07.37.27:235][780]LogAIModule: Creating AISystem for world HydroponicsRoom
[2020.05.23-07.37.27:235][780]LogPlayLevel: PIE: World Init took: (0.000539s)
[2020.05.23-07.37.27:235][780]LogPlayLevel: PIE: Created PIE world by copying editor world from /Game/Art/Rooms/HydroponicsRoom/HydroponicsRoom.HydroponicsRoom to /Game/Art/Rooms/HydroponicsRoom/UEDPIE_0_HydroponicsRoom.HydroponicsRoom (0.009518s)
[2020.05.23-07.37.27:254][780]LogUObjectHash: Compacting FUObjectHashTables data took   0.83ms
[2020.05.23-07.37.27:272][780]LogInit: XAudio2 using '扬声器 (Realtek High Definition Audio)' : 2 channels at 48 kHz using 32 bits per sample (channel mask 0x3)
[2020.05.23-07.37.27:288][780]LogInit: FAudioDevice initialized.
[2020.05.23-07.37.27:317][780]LogLoad: Game class is 'GameModeBase'
[2020.05.23-07.37.27:321][780]LogWorld: Bringing World /Game/Art/Rooms/HydroponicsRoom/UEDPIE_0_HydroponicsRoom.HydroponicsRoom up for play (max tick rate 0) at 2020.05.23-08.37.27
[2020.05.23-07.37.27:321][780]LogWorld: Bringing up level for play took: 0.003223
[2020.05.23-07.37.27:333][780]LogGameMode: FindPlayerStart: PATHS NOT DEFINED or NO PLAYERSTART with positive rating
[2020.05.23-07.37.27:335][780]PIE: Play in editor start time for /Game/Art/Rooms/HydroponicsRoom/UEDPIE_0_HydroponicsRoom 0.506
[2020.05.23-07.37.27:358][780]LogBlueprintUserMessages: Late PlayInEditor Detection: Level '/Game/Art/Rooms/HydroponicsRoom/HydroponicsRoom.HydroponicsRoom:PersistentLevel' has LevelScriptBlueprint '/Game/Art/Rooms/HydroponicsRoom/HydroponicsRoom.HydroponicsRoom:PersistentLevel.HydroponicsRoom' with GeneratedClass '/Game/Art/Rooms/HydroponicsRoom/HydroponicsRoom.HydroponicsRoom_C' with ClassGeneratedBy '/Game/Art/Rooms/HydroponicsRoom/HydroponicsRoom.HydroponicsRoom:PersistentLevel.HydroponicsRoom'
[2020.05.23-07.37.31:563][233]LogSlate: FSceneViewport::OnFocusLost() reason 0
[2020.05.23-07.37.31:639][242]LogBlueprintUserMessages: Early EndPlayMap Detection: Level '/Game/Art/Rooms/HydroponicsRoom/HydroponicsRoom.HydroponicsRoom:PersistentLevel' has LevelScriptBlueprint '/Game/Art/Rooms/HydroponicsRoom/HydroponicsRoom.HydroponicsRoom:PersistentLevel.HydroponicsRoom' with GeneratedClass '/Game/Art/Rooms/HydroponicsRoom/HydroponicsRoom.HydroponicsRoom_C' with ClassGeneratedBy '/Game/Art/Rooms/HydroponicsRoom/HydroponicsRoom.HydroponicsRoom:PersistentLevel.HydroponicsRoom'
[2020.05.23-07.37.31:639][242]LogSlate: Updating window title bar state: overlay mode, drag disabled, window buttons hidden, title bar hidden
[2020.05.23-07.37.31:671][242]LogPlayLevel: Display: Shutting down PIE online subsystems
[2020.05.23-07.37.31:671][242]LogBlueprintUserMessages: Late EndPlayMap Detection: Level '/Game/Art/Rooms/HydroponicsRoom/HydroponicsRoom.HydroponicsRoom:PersistentLevel' has LevelScriptBlueprint '/Game/Art/Rooms/HydroponicsRoom/HydroponicsRoom.HydroponicsRoom:PersistentLevel.HydroponicsRoom' with GeneratedClass '/Game/Art/Rooms/HydroponicsRoom/HydroponicsRoom.HydroponicsRoom_C' with ClassGeneratedBy '/Game/Art/Rooms/HydroponicsRoom/HydroponicsRoom.HydroponicsRoom:PersistentLevel.HydroponicsRoom'
[2020.05.23-07.37.31:734][242]LogSlate: Updating window title bar state: overlay mode, drag disabled, window buttons hidden, title bar hidden
[2020.05.23-07.37.31:737][242]LogUObjectHash: Compacting FUObjectHashTables data took   1.09ms
[2020.05.23-07.37.31:758][243]LogPlayLevel: Display: Destroying online subsystem :Context_2
[2020.05.23-07.37.32:397][312]LogEditorViewport: Clicking on Actor (LMB): StaticMeshActor (Scale_Reference5)
[2020.05.23-07.37.35:152][628]LogSlate: FSceneViewport::OnFocusLost() reason 0
[2020.05.23-07.37.35:210][635]LogTemp: Repeating last play command: Simulate
[2020.05.23-07.37.35:219][635]LogBlueprintUserMessages: Early PlayInEditor Detection: Level '/Game/Art/Rooms/HydroponicsRoom/HydroponicsRoom.HydroponicsRoom:PersistentLevel' has LevelScriptBlueprint '/Game/Art/Rooms/HydroponicsRoom/HydroponicsRoom.HydroponicsRoom:PersistentLevel.HydroponicsRoom' with GeneratedClass '/Game/Art/Rooms/HydroponicsRoom/HydroponicsRoom.HydroponicsRoom_C' with ClassGeneratedBy '/Game/Art/Rooms/HydroponicsRoom/HydroponicsRoom.HydroponicsRoom:PersistentLevel.HydroponicsRoom'
[2020.05.23-07.37.35:220][635]LogPlayLevel: PlayLevel: No blueprints needed recompiling
[2020.05.23-07.37.35:220][635]PIE: New page: SIE session: HydroponicsRoom (23 May 2020 09:37:35)
[2020.05.23-07.37.35:220][635]LogPlayLevel: Creating play world package: /Game/Art/Rooms/HydroponicsRoom/UEDPIE_0_HydroponicsRoom
[2020.05.23-07.37.35:229][635]LogPlayLevel: PIE: StaticDuplicateObject took: (0.008839s)
[2020.05.23-07.37.35:229][635]LogAIModule: Creating AISystem for world HydroponicsRoom
[2020.05.23-07.37.35:229][635]LogPlayLevel: PIE: World Init took: (0.000488s)
[2020.05.23-07.37.35:229][635]LogPlayLevel: PIE: Created PIE world by copying editor world from /Game/Art/Rooms/HydroponicsRoom/HydroponicsRoom.HydroponicsRoom to /Game/Art/Rooms/HydroponicsRoom/UEDPIE_0_HydroponicsRoom.HydroponicsRoom (0.009461s)
[2020.05.23-07.37.35:247][635]LogUObjectHash: Compacting FUObjectHashTables data took   0.86ms
[2020.05.23-07.37.35:264][635]LogInit: XAudio2 using '扬声器 (Realtek High Definition Audio)' : 2 channels at 48 kHz using 32 bits per sample (channel mask 0x3)
[2020.05.23-07.37.35:279][635]LogInit: FAudioDevice initialized.
[2020.05.23-07.37.35:305][635]LogLoad: Game class is 'GameModeBase'
[2020.05.23-07.37.35:312][635]LogWorld: Bringing World /Game/Art/Rooms/HydroponicsRoom/UEDPIE_0_HydroponicsRoom.HydroponicsRoom up for play (max tick rate 0) at 2020.05.23-08.37.35
[2020.05.23-07.37.35:313][635]LogWorld: Bringing up level for play took: 0.006829
[2020.05.23-07.37.35:325][635]LogGameMode: FindPlayerStart: PATHS NOT DEFINED or NO PLAYERSTART with positive rating
[2020.05.23-07.37.35:326][635]PIE: Play in editor start time for /Game/Art/Rooms/HydroponicsRoom/UEDPIE_0_HydroponicsRoom 0.499
[2020.05.23-07.37.35:358][635]LogBlueprintUserMessages: Late PlayInEditor Detection: Level '/Game/Art/Rooms/HydroponicsRoom/HydroponicsRoom.HydroponicsRoom:PersistentLevel' has LevelScriptBlueprint '/Game/Art/Rooms/HydroponicsRoom/HydroponicsRoom.HydroponicsRoom:PersistentLevel.HydroponicsRoom' with GeneratedClass '/Game/Art/Rooms/HydroponicsRoom/HydroponicsRoom.HydroponicsRoom_C' with ClassGeneratedBy '/Game/Art/Rooms/HydroponicsRoom/HydroponicsRoom.HydroponicsRoom:PersistentLevel.HydroponicsRoom'
[2020.05.23-07.37.36:816][774]LogBlueprintUserMessages: Early EndPlayMap Detection: Level '/Game/Art/Rooms/HydroponicsRoom/HydroponicsRoom.HydroponicsRoom:PersistentLevel' has LevelScriptBlueprint '/Game/Art/Rooms/HydroponicsRoom/HydroponicsRoom.HydroponicsRoom:PersistentLevel.HydroponicsRoom' with GeneratedClass '/Game/Art/Rooms/HydroponicsRoom/HydroponicsRoom.HydroponicsRoom_C' with ClassGeneratedBy '/Game/Art/Rooms/HydroponicsRoom/HydroponicsRoom.HydroponicsRoom:PersistentLevel.HydroponicsRoom'
[2020.05.23-07.37.36:816][774]LogSlate: Updating window title bar state: overlay mode, drag disabled, window buttons hidden, title bar hidden
[2020.05.23-07.37.36:843][774]LogPlayLevel: Display: Shutting down PIE online subsystems
[2020.05.23-07.37.36:843][774]LogBlueprintUserMessages: Late EndPlayMap Detection: Level '/Game/Art/Rooms/HydroponicsRoom/HydroponicsRoom.HydroponicsRoom:PersistentLevel' has LevelScriptBlueprint '/Game/Art/Rooms/HydroponicsRoom/HydroponicsRoom.HydroponicsRoom:PersistentLevel.HydroponicsRoom' with GeneratedClass '/Game/Art/Rooms/HydroponicsRoom/HydroponicsRoom.HydroponicsRoom_C' with ClassGeneratedBy '/Game/Art/Rooms/HydroponicsRoom/HydroponicsRoom.HydroponicsRoom:PersistentLevel.HydroponicsRoom'
[2020.05.23-07.37.36:863][774]LogSlate: Updating window title bar state: overlay mode, drag disabled, window buttons hidden, title bar hidden
[2020.05.23-07.37.36:865][774]LogUObjectHash: Compacting FUObjectHashTables data took   0.86ms
[2020.05.23-07.37.36:920][779]LogPlayLevel: Display: Destroying online subsystem :Context_5
[2020.05.23-07.37.39:435][ 47]LogEditorViewport: Clicking on Actor (LMB): SpotLight (SpotLight15)
[2020.05.23-07.37.40:363][151]Cmd: DELETE
[2020.05.23-07.37.40:363][151]Cmd: ACTOR DELETE
[2020.05.23-07.37.40:365][151]LogEditorActor: Deleted Actor: SpotLight
[2020.05.23-07.37.40:382][151]LogUObjectHash: Compacting FUObjectHashTables data took   0.49ms
[2020.05.23-07.37.40:383][151]LogEditorActor: Deleted 1 Actors (0.020 secs)
[2020.05.23-07.38.03:204][866]LogEditorViewport: Clicking on Actor (LMB): StaticMeshActor (wall_piece_3)
[2020.05.23-07.38.04:496][992]LogEditorViewport: Clicking on Actor (CTRL LMB): StaticMeshActor (wall_piece_4)
[2020.05.23-07.38.06:561][226]LogSlate: FSceneViewport::OnFocusLost() reason 0
[2020.05.23-07.38.11:628][775]LogEditorViewport: Clicking on Actor (LMB): StaticMeshActor (plant_tray_wall__top_one_pulled_out_)
[2020.05.23-07.38.15:747][245]LogEditorViewport: Clicking on Actor (LMB): StaticMeshActor (wall_piece_4)
[2020.05.23-07.38.16:386][317]LogEditorViewport: Clicking on Actor (CTRL LMB): StaticMeshActor (wall_piece_3)
[2020.05.23-07.39.01:856][759]LogSlate: FSceneViewport::OnFocusLost() reason 0
[2020.05.23-07.40.46:545][829]LogFactory: FactoryCreateFile: StaticMesh with FbxFactory (0 0 C:\Users\DESKTOP\Downloads\Wall_plant_Fin.fbx)
[2020.05.23-07.40.46:579][829]LogFbx: Loading FBX Scene from C:\Users\DESKTOP\Downloads\Wall_plant_Fin.fbx
[2020.05.23-07.40.46:593][829]LogFbx: FBX Scene Loaded Succesfully
[2020.05.23-07.40.47:672][829]LogSlate: Window 'FBX Import Options' being destroyed
[2020.05.23-07.40.47:697][829]LogFbx: Display: Triangulating static mesh Chamber
[2020.05.23-07.40.48:333][829]LogFbx: Display: Triangulating static mesh Fan01
[2020.05.23-07.40.48:347][829]LogFbx: Display: Triangulating static mesh Fan02
[2020.05.23-07.40.48:358][829]LogFbx: Display: Triangulating static mesh Fan03
[2020.05.23-07.40.48:383][829]LogStaticMesh: Building static mesh Wall_plant_Fin...
[2020.05.23-07.40.48:450][829]LogStaticMesh: Built static mesh [0.07s] /Game/Art/RoomAssets/HydroponicsLab/WallPlantTube/Wall_plant_Fin.Wall_plant_Fin
[2020.05.23-07.40.48:470][829]LogStaticMesh: Warning: Wall_plant_Fin has degenerate tangent bases which will result in incorrect shading.  MikkTSpace relies on tangent bases and may result in mesh corruption, consider disabling this option.
[2020.05.23-07.40.48:470][829]LogStaticMesh: Warning: Wall_plant_Fin has some nearly zero bi-normals which can create some issues. (Tolerance of 1E-4)
[2020.05.23-07.40.48:497][829]FBXImport: Warning: No smoothing group information was found in this FBX scene.  Please make sure to enable the 'Export Smoothing Groups' option in the FBX Exporter plug-in before exporting the file.  Even for tools that don't support smoothing groups, the FBX Exporter will generate appropriate smoothing data at export-time so that correct vertex normals can be inferred while importing. 
[2020.05.23-07.40.48:497][829]FBXImport: Warning: Wall_plant_Fin has degenerate tangent bases which will result in incorrect shading.  MikkTSpace relies on tangent bases and may result in mesh corruption, consider disabling this option. 
[2020.05.23-07.40.48:497][829]FBXImport: Warning: Wall_plant_Fin has some nearly zero bi-normals which can create some issues. (Tolerance of 1E-4) 
[2020.05.23-07.40.49:930][995]LogSlate: Window 'Message Log' being destroyed
[2020.05.23-07.40.49:933][995]LogSlate: Window 'Message Log' being destroyed
[2020.05.23-07.40.54:292][510]LogSlate: FSceneViewport::OnFocusLost() reason 0
[2020.05.23-07.40.54:992][591]LogUObjectHash: Compacting FUObjectHashTables data took   1.28ms
[2020.05.23-07.40.55:790][591]LogSlate: Window 'Delete Assets' being destroyed
[2020.05.23-07.40.55:846][591]LogUObjectHash: Compacting FUObjectHashTables data took   1.16ms
[2020.05.23-07.41.01:997][871]LogFactory: FactoryCreateFile: StaticMesh with FbxFactory (0 0 C:\Users\DESKTOP\Downloads\Wall_plant_Fin.fbx)
[2020.05.23-07.41.02:007][871]LogFbx: Loading FBX Scene from C:\Users\DESKTOP\Downloads\Wall_plant_Fin.fbx
[2020.05.23-07.41.02:016][871]LogFbx: FBX Scene Loaded Succesfully
[2020.05.23-07.41.04:615][871]LogSlate: Window 'FBX Import Options' being destroyed
[2020.05.23-07.41.04:650][871]LogFbx: Display: Triangulating static mesh Chamber
[2020.05.23-07.41.05:228][871]LogStaticMesh: Building static mesh Wall_plant_Fin_Chamber...
[2020.05.23-07.41.05:336][871]LogStaticMesh: Built static mesh [0.11s] /Game/Art/RoomAssets/HydroponicsLab/WallPlantTube/Wall_plant_Fin_Chamber.Wall_plant_Fin_Chamber
[2020.05.23-07.41.05:364][871]LogStaticMesh: Warning: Wall_plant_Fin_Chamber has degenerate tangent bases which will result in incorrect shading.  MikkTSpace relies on tangent bases and may result in mesh corruption, consider disabling this option.
[2020.05.23-07.41.05:364][871]LogStaticMesh: Warning: Wall_plant_Fin_Chamber has some nearly zero bi-normals which can create some issues. (Tolerance of 1E-4)
[2020.05.23-07.41.05:386][871]LogFbx: Display: Triangulating static mesh Fan01
[2020.05.23-07.41.05:397][871]LogStaticMesh: Building static mesh Wall_plant_Fin_Fan01...
[2020.05.23-07.41.05:398][871]LogStaticMesh: Built static mesh [0.00s] /Game/Art/RoomAssets/HydroponicsLab/WallPlantTube/Wall_plant_Fin_Fan01.Wall_plant_Fin_Fan01
[2020.05.23-07.41.05:406][871]LogFbx: Display: Triangulating static mesh Fan02
[2020.05.23-07.41.05:417][871]LogStaticMesh: Building static mesh Wall_plant_Fin_Fan02...
[2020.05.23-07.41.05:418][871]LogStaticMesh: Built static mesh [0.00s] /Game/Art/RoomAssets/HydroponicsLab/WallPlantTube/Wall_plant_Fin_Fan02.Wall_plant_Fin_Fan02
[2020.05.23-07.41.05:425][871]LogFbx: Display: Triangulating static mesh Fan03
[2020.05.23-07.41.05:437][871]LogStaticMesh: Building static mesh Wall_plant_Fin_Fan03...
[2020.05.23-07.41.05:439][871]LogStaticMesh: Built static mesh [0.00s] /Game/Art/RoomAssets/HydroponicsLab/WallPlantTube/Wall_plant_Fin_Fan03.Wall_plant_Fin_Fan03
[2020.05.23-07.41.05:455][871]FBXImport: Warning: No smoothing group information was found in this FBX scene.  Please make sure to enable the 'Export Smoothing Groups' option in the FBX Exporter plug-in before exporting the file.  Even for tools that don't support smoothing groups, the FBX Exporter will generate appropriate smoothing data at export-time so that correct vertex normals can be inferred while importing. 
[2020.05.23-07.41.05:455][871]FBXImport: Warning: Wall_plant_Fin_Chamber has degenerate tangent bases which will result in incorrect shading.  MikkTSpace relies on tangent bases and may result in mesh corruption, consider disabling this option. 
[2020.05.23-07.41.05:455][871]FBXImport: Warning: Wall_plant_Fin_Chamber has some nearly zero bi-normals which can create some issues. (Tolerance of 1E-4) 
[2020.05.23-07.41.06:608][992]LogSlate: Window 'Message Log' being destroyed
[2020.05.23-07.41.06:611][992]LogSlate: Window 'Message Log' being destroyed
[2020.05.23-07.41.11:370][556]LogSlate: FSceneViewport::OnFocusLost() reason 0
[2020.05.23-07.41.12:564][698]LogActorFactory: Actor Factory created Wall_plant_Fin_Chamber
[2020.05.23-07.41.12:565][698]LogActorFactory: Actor Factory created Wall_plant_Fin_Fan01
[2020.05.23-07.41.12:565][698]LogActorFactory: Actor Factory created Wall_plant_Fin_Fan02
[2020.05.23-07.41.12:565][698]LogActorFactory: Actor Factory created Wall_plant_Fin_Fan03
[2020.05.23-07.41.14:008][869]LogActorFactory: Actor Factory created Wall_plant_Fin_Chamber
[2020.05.23-07.41.14:020][869]LogActorFactory: Actor Factory created Wall_plant_Fin_Fan01
[2020.05.23-07.41.14:032][869]LogActorFactory: Actor Factory created Wall_plant_Fin_Fan02
[2020.05.23-07.41.14:043][869]LogActorFactory: Actor Factory created Wall_plant_Fin_Fan03
[2020.05.23-07.41.19:287][474]Cmd: TRANSACTION UNDO
[2020.05.23-07.41.19:288][474]LogEditorTransaction: Undo Move Actors
[2020.05.23-07.42.04:178][707]LogEditorViewport: Clicking on Actor (LMB): StaticMeshActor (Main_Tube_Container_smaller__1__Tube001)
[2020.05.23-07.42.05:052][790]LogEditorViewport: Clicking on Actor (CTRL LMB): StaticMeshActor (Main_Tube_Container_extra2)
[2020.05.23-07.42.06:339][940]LogEditorViewport: Clicking on Actor (CTRL LMB): StaticMeshActor (Main_Tube_Container_extra)
[2020.05.23-07.42.09:320][287]Cmd: TRANSACTION UNDO
[2020.05.23-07.42.09:320][287]LogEditorTransaction: Undo Move Actors
[2020.05.23-07.42.26:089][265]LogSlate: FSceneViewport::OnFocusLost() reason 0
[2020.05.23-07.42.27:850][475]LogAssetEditorManager: Opening Asset editor for StaticMesh /Game/Art/RoomAssets/HydroponicsLab/WallPlantTube/Wall_plant_Fin_Chamber.Wall_plant_Fin_Chamber
[2020.05.23-07.42.28:411][475]LogRenderer: Reallocating scene render targets to support 1528x960 Format 10 NumSamples 1 (Frame:1).
[2020.05.23-07.42.29:002][520]LogAssetEditorManager: Opening Asset editor for StaticMesh /Game/Art/RoomAssets/HydroponicsLab/WallPlantTube/Wall_plant_Fin_Fan01.Wall_plant_Fin_Fan01
[2020.05.23-07.42.29:208][520]LogSlate: Took 0.005478 seconds to synchronously load lazily loaded font '../../../Engine/Content/Slate/Fonts/Roboto-Italic.ttf' (157K)
[2020.05.23-07.42.29:678][552]LogAssetEditorManager: Opening Asset editor for StaticMesh /Game/Art/RoomAssets/HydroponicsLab/WallPlantTube/Wall_plant_Fin_Fan02.Wall_plant_Fin_Fan02
[2020.05.23-07.42.30:407][584]LogAssetEditorManager: Opening Asset editor for StaticMesh /Game/Art/RoomAssets/HydroponicsLab/WallPlantTube/Wall_plant_Fin_Fan03.Wall_plant_Fin_Fan03
[2020.05.23-07.42.42:252][262]LogSlate: FSceneViewport::OnFocusLost() reason 0
[2020.05.23-07.43.07:849][959]LogEditorViewport: Clicking on Actor (LMB): SpotLight (SpotLight6)
[2020.05.23-07.43.12:610][269]Cmd: DELETE
[2020.05.23-07.43.12:610][269]Cmd: ACTOR DELETE
[2020.05.23-07.43.12:613][269]LogEditorActor: Deleted Actor: SpotLight
[2020.05.23-07.43.12:633][269]LogUObjectHash: Compacting FUObjectHashTables data took   1.23ms
[2020.05.23-07.43.12:633][269]LogEditorActor: Deleted 1 Actors (0.023 secs)
[2020.05.23-07.43.19:656][693]LogSlate: FSceneViewport::OnFocusLost() reason 0
[2020.05.23-07.43.29:698][327]LogSlate: FSceneViewport::OnFocusLost() reason 0
[2020.05.23-07.43.35:445][680]LogSlate: FSceneViewport::OnFocusLost() reason 0
[2020.05.23-07.43.39:132][883]LogSlate: FSceneViewport::OnFocusLost() reason 0
[2020.05.23-07.43.59:282][180]LogSlate: FSceneViewport::OnFocusLost() reason 0
[2020.05.23-07.44.09:223][833]LogSlate: FSceneViewport::OnFocusLost() reason 0
[2020.05.23-07.44.21:958][624]LogSlate: FSceneViewport::OnFocusLost() reason 0
[2020.05.23-07.44.26:350][856]LogSlate: FSceneViewport::OnFocusLost() reason 0
[2020.05.23-07.44.38:257][512]Cmd: TRANSACTION UNDO
[2020.05.23-07.44.38:257][512]LogEditorTransaction: Undo StaticMesh: Material changed
[2020.05.23-07.44.49:671][229]LogSlate: FSceneViewport::OnFocusLost() reason 0
[2020.05.23-07.45.02:491][ 88]LogSlate: FSceneViewport::OnFocusLost() reason 0
[2020.05.23-07.45.06:534][300]LogSlate: FSceneViewport::OnFocusLost() reason 0
[2020.05.23-07.45.32:480][892]LogSlate: FSceneViewport::OnFocusLost() reason 0
[2020.05.23-07.45.41:331][444]LogSlate: FSceneViewport::OnFocusLost() reason 0
[2020.05.23-07.45.55:558][364]LogSlate: FSceneViewport::OnFocusLost() reason 0
[2020.05.23-07.46.09:307][194]LogSlate: FSceneViewport::OnFocusLost() reason 0
[2020.05.23-07.46.19:549][914]LogEditorViewport: Clicking on Actor (LMB): StaticMeshActor (wall_piece_4)
[2020.05.23-07.46.23:328][151]Cmd: DELETE
[2020.05.23-07.46.23:328][151]Cmd: ACTOR DELETE
[2020.05.23-07.46.23:331][151]LogEditorActor: Deleted Actor: StaticMeshActor
[2020.05.23-07.46.23:351][151]LogUObjectHash: Compacting FUObjectHashTables data took   1.28ms
[2020.05.23-07.46.23:351][151]LogEditorActor: Deleted 1 Actors (0.023 secs)
[2020.05.23-07.46.23:664][173]LogEditorViewport: Clicking on Actor (LMB): StaticMeshActor (wall_piece_3)
[2020.05.23-07.46.23:738][174]Cmd: DELETE
[2020.05.23-07.46.23:738][174]Cmd: ACTOR DELETE
[2020.05.23-07.46.23:741][174]LogEditorActor: Deleted Actor: StaticMeshActor
[2020.05.23-07.46.23:758][174]LogUObjectHash: Compacting FUObjectHashTables data took   0.48ms
[2020.05.23-07.46.23:759][174]LogEditorActor: Deleted 1 Actors (0.020 secs)
[2020.05.23-07.46.24:493][225]LogEditorViewport: Clicking on Actor (LMB): StaticMeshActor (plant_tray_wall__top_one_pulled_out_)
[2020.05.23-07.46.24:572][226]Cmd: DELETE
[2020.05.23-07.46.24:572][226]Cmd: ACTOR DELETE
[2020.05.23-07.46.24:574][226]LogEditorActor: Deleted Actor: StaticMeshActor
[2020.05.23-07.46.24:592][226]LogUObjectHash: Compacting FUObjectHashTables data took   0.48ms
[2020.05.23-07.46.24:592][226]LogEditorActor: Deleted 1 Actors (0.020 secs)
[2020.05.23-07.46.25:187][267]LogEditorViewport: Clicking on Actor (LMB): StaticMeshActor (Wall_plant_Fin_Chamber)
[2020.05.23-07.46.29:467][542]LogEditorViewport: Clicking on Actor (LMB): StaticMeshActor (DoublePipeEnd_Low2)
[2020.05.23-07.46.31:350][656]Cmd: DELETE
[2020.05.23-07.46.31:350][656]Cmd: ACTOR DELETE
[2020.05.23-07.46.31:354][656]LogEditorActor: Deleted Actor: StaticMeshActor
[2020.05.23-07.46.31:372][656]LogUObjectHash: Compacting FUObjectHashTables data took   0.50ms
[2020.05.23-07.46.31:372][656]LogEditorActor: Deleted 1 Actors (0.022 secs)
[2020.05.23-07.46.37:869][ 90]LogEditorViewport: Clicking on Actor (LMB): StaticMeshActor (wall_piece_2)
[2020.05.23-07.46.39:249][162]LogEditorViewport: Clicking on Actor (CTRL LMB): StaticMeshActor (wall_piece_1)
[2020.05.23-07.46.43:020][372]LogEditorViewport: Clicking on Actor (LMB): StaticMeshActor (DoublePipeEnd_Low3)
[2020.05.23-07.46.43:639][410]Cmd: DELETE
[2020.05.23-07.46.43:639][410]Cmd: ACTOR DELETE
[2020.05.23-07.46.43:643][410]LogEditorActor: Deleted Actor: StaticMeshActor
[2020.05.23-07.46.43:661][410]LogUObjectHash: Compacting FUObjectHashTables data took   0.49ms
[2020.05.23-07.46.43:661][410]LogEditorActor: Deleted 1 Actors (0.022 secs)
[2020.05.23-07.46.45:046][501]LogEditorViewport: Clicking on Actor (LMB): StaticMeshActor (wall_piece_1)
[2020.05.23-07.46.45:664][526]LogEditorViewport: Clicking on Actor (CTRL LMB): StaticMeshActor (wall_piece_2)
[2020.05.23-07.46.51:444][864]LogEditorViewport: Clicking on Actor (LMB): StaticMeshActor (Wall_plant_Fin_Chamber)
[2020.05.23-07.46.56:509][181]LogEditorViewport: Clicking on Actor (LMB): StaticMeshActor (wall_piece_2)
[2020.05.23-07.46.57:077][202]Cmd: DELETE
[2020.05.23-07.46.57:077][202]Cmd: ACTOR DELETE
[2020.05.23-07.46.57:080][202]LogEditorActor: Deleted Actor: StaticMeshActor
[2020.05.23-07.46.57:101][202]LogUObjectHash: Compacting FUObjectHashTables data took   0.50ms
[2020.05.23-07.46.57:101][202]LogEditorActor: Deleted 1 Actors (0.024 secs)
[2020.05.23-07.46.57:425][225]LogEditorViewport: Clicking on Actor (LMB): StaticMeshActor (wall_piece_1)
[2020.05.23-07.46.57:500][226]Cmd: DELETE
[2020.05.23-07.46.57:500][226]Cmd: ACTOR DELETE
[2020.05.23-07.46.57:502][226]LogEditorActor: Deleted Actor: StaticMeshActor
[2020.05.23-07.46.57:521][226]LogUObjectHash: Compacting FUObjectHashTables data took   0.48ms
[2020.05.23-07.46.57:522][226]LogEditorActor: Deleted 1 Actors (0.022 secs)
[2020.05.23-07.47.00:688][446]LogEditorViewport: Clicking on Actor (LMB): StaticMeshActor (Wall_plant_Fin_Fan03)
[2020.05.23-07.47.00:778][449]Cmd: DELETE
[2020.05.23-07.47.00:778][449]Cmd: ACTOR DELETE
[2020.05.23-07.47.00:781][449]LogEditorActor: Deleted Actor: StaticMeshActor
[2020.05.23-07.47.00:798][449]LogUObjectHash: Compacting FUObjectHashTables data took   0.50ms
[2020.05.23-07.47.00:798][449]LogEditorActor: Deleted 1 Actors (0.020 secs)
[2020.05.23-07.47.01:354][488]LogEditorViewport: Clicking on Actor (LMB): StaticMeshActor (Wall_plant_Fin_Fan02)
[2020.05.23-07.47.01:427][489]Cmd: DELETE
[2020.05.23-07.47.01:427][489]Cmd: ACTOR DELETE
[2020.05.23-07.47.01:430][489]LogEditorActor: Deleted Actor: StaticMeshActor
[2020.05.23-07.47.01:447][489]LogUObjectHash: Compacting FUObjectHashTables data took   0.48ms
[2020.05.23-07.47.01:448][489]LogEditorActor: Deleted 1 Actors (0.020 secs)
[2020.05.23-07.47.02:131][536]LogEditorViewport: Clicking on Actor (LMB): StaticMeshActor (Wall_plant_Fin_Fan01)
[2020.05.23-07.47.02:488][558]Cmd: DELETE
[2020.05.23-07.47.02:488][558]Cmd: ACTOR DELETE
[2020.05.23-07.47.02:491][558]LogEditorActor: Deleted Actor: StaticMeshActor
[2020.05.23-07.47.02:508][558]LogUObjectHash: Compacting FUObjectHashTables data took   0.49ms
[2020.05.23-07.47.02:508][558]LogEditorActor: Deleted 1 Actors (0.020 secs)
[2020.05.23-07.47.03:923][652]LogEditorViewport: Clicking on Actor (LMB): StaticMeshActor (Wall_plant_Fin_Chamber)
[2020.05.23-07.47.08:119][895]LogSlate: FSceneViewport::OnFocusLost() reason 0
[2020.05.23-07.47.31:978][508]LogEditorViewport: Clicking on Actor (LMB): StaticMeshActor (plant_tray_wall__bottom_one_pulled_out_)
[2020.05.23-07.47.39:003][955]LogEditorViewport: Clicking on Actor (LMB): StaticMeshActor (Wall_plant_Fin_Chamber)
[2020.05.23-07.47.41:642][107]LogEditorViewport: Clicking on Actor (context menu): StaticMeshActor (Wall_plant_Fin_Chamber)
[2020.05.23-07.47.41:665][107]LogSlate: FSceneViewport::OnFocusLost() reason 2
[2020.05.23-07.47.42:170][163]LogEditorViewport: Clicking on Actor (LMB): StaticMeshActor (plant_tray_wall__bottom_one_pulled_out_)
[2020.05.23-07.48.02:824][514]LogSlate: FSceneViewport::OnFocusLost() reason 0
[2020.05.23-07.48.07:415][746]LogActorFactory: Actor Factory created plant_tray_wall__top_one_pulled_out_
[2020.05.23-07.48.09:282][948]LogActorFactory: Actor Factory created plant_tray_wall__top_one_pulled_out_
[2020.05.23-07.48.31:231][300]LogEditorViewport: Clicking on Actor (LMB): StaticMeshActor (Wall_plant_Fin_Chamber)
[2020.05.23-07.48.42:397][ 48]LogEditorViewport: Clicking on Actor (LMB): StaticMeshActor (plant_tray_wall__bottom_one_pulled_out_)
[2020.05.23-07.49.12:035][998]LogSlate: FSceneViewport::OnFocusLost() reason 0
[2020.05.23-07.49.23:608][749]LogSlate: FSceneViewport::OnFocusLost() reason 0
[2020.05.23-07.49.32:157][243]LogSlate: FSceneViewport::OnFocusLost() reason 0
[2020.05.23-07.49.37:631][657]LogSlate: FSceneViewport::OnFocusLost() reason 0
[2020.05.23-07.49.48:614][341]LogSlate: FSceneViewport::OnFocusLost() reason 0
[2020.05.23-07.49.48:665][346]Cmd: MODE GRID=0
[2020.05.23-07.49.53:473][633]LogSlate: FSceneViewport::OnFocusLost() reason 0
[2020.05.23-07.50.10:968][766]LogSlate: FSceneViewport::OnFocusLost() reason 0
[2020.05.23-07.50.22:650][609]LogEditorViewport: Clicking on Actor (LMB): StaticMeshActor (Wall_plant_Fin_Chamber)
[2020.05.23-07.50.23:171][637]LogEditorViewport: Clicking on Actor (LMB): StaticMeshActor (Wall_plant_Fin_Chamber)
[2020.05.23-07.50.23:575][661]LogEditorViewport: Clicking on Actor (LMB): StaticMeshActor (Wall_plant_Fin_Chamber)
[2020.05.23-07.50.23:644][662]LogEditorViewport: Clicking on Component (LMB): StaticMeshComponent (StaticMeshComponent0)
[2020.05.23-07.50.30:101][ 55]LogEditorViewport: Clicking on Actor (LMB): PointLight (PointLight)
[2020.05.23-07.50.31:337][124]Cmd: DELETE
[2020.05.23-07.50.31:337][124]Cmd: ACTOR DELETE
[2020.05.23-07.50.31:340][124]LogEditorActor: Deleted Actor: PointLight
[2020.05.23-07.50.31:359][124]LogUObjectHash: Compacting FUObjectHashTables data took   1.07ms
[2020.05.23-07.50.31:359][124]LogEditorActor: Deleted 1 Actors (0.022 secs)
[2020.05.23-07.50.35:519][405]LogEditorViewport: Clicking on Actor (LMB): PointLight (PointLight2)
[2020.05.23-07.50.43:187][858]LogEditorViewport: Clicking on Actor (CTRL LMB): PointLight (PointLight2)
[2020.05.23-07.50.48:732][201]LogSlate: FSceneViewport::OnFocusLost() reason 0
[2020.05.23-07.50.51:828][453]Cmd: TRANSACTION UNDO
[2020.05.23-07.50.51:828][453]LogEditorTransaction: Undo Move Actors
[2020.05.23-07.50.52:579][473]LogSlate: FSceneViewport::OnFocusLost() reason 0
[2020.05.23-07.50.52:632][478]Cmd: MODE GRID=1
[2020.05.23-07.50.55:700][641]LogSlate: FSceneViewport::OnFocusLost() reason 0
[2020.05.23-07.50.58:813][884]Cmd: DELETE
[2020.05.23-07.50.58:813][884]Cmd: ACTOR DELETE
[2020.05.23-07.50.58:816][884]LogEditorActor: Deleted Actor: PointLight
[2020.05.23-07.50.58:816][884]LogEditorActor: Deleted Actor: PointLight
[2020.05.23-07.50.58:836][884]LogUObjectHash: Compacting FUObjectHashTables data took   1.19ms
[2020.05.23-07.50.58:836][884]LogEditorActor: Deleted 2 Actors (0.023 secs)
[2020.05.23-07.50.59:819][952]Cmd: TRANSACTION UNDO
[2020.05.23-07.50.59:819][952]LogEditorTransaction: Undo Delete Actors
[2020.05.23-07.51.00:332][959]Cmd: TRANSACTION UNDO
[2020.05.23-07.51.00:332][959]LogEditorTransaction: Undo Move Actors
[2020.05.23-07.51.01:012][977]Cmd: TRANSACTION UNDO
[2020.05.23-07.51.01:012][977]LogEditorTransaction: Undo Move Actors
[2020.05.23-07.51.04:672][142]LogSlate: FSceneViewport::OnFocusLost() reason 0
[2020.05.23-07.51.07:537][360]LogSlate: FSceneViewport::OnFocusLost() reason 0
[2020.05.23-07.51.15:526][909]LogSlate: FSceneViewport::OnFocusLost() reason 0
[2020.05.23-07.51.15:562][912]Cmd: MODE GRID=0
[2020.05.23-07.51.18:508][102]LogSlate: FSceneViewport::OnFocusLost() reason 0
[2020.05.23-07.51.18:569][108]Cmd: MODE GRID=1
[2020.05.23-07.51.23:898][499]LogSlate: FSceneViewport::OnFocusLost() reason 0
[2020.05.23-07.51.42:782][787]LogSlate: FSceneViewport::OnFocusLost() reason 0
[2020.05.23-07.51.46:427][ 47]LogEditorViewport: Clicking on Actor (LMB): StaticMeshActor (square_floor_2x15)
[2020.05.23-07.52.28:704][869]LogEditorViewport: Clicking on Actor (LMB): PointLight (PointLight8)
[2020.05.23-07.52.30:331][952]LogSlate: FSceneViewport::OnFocusLost() reason 0
[2020.05.23-07.52.36:187][340]LogSlate: FSceneViewport::OnFocusLost() reason 0
[2020.05.23-07.52.56:013][618]LogSlate: FSceneViewport::OnFocusLost() reason 0
[2020.05.23-07.52.57:891][715]LogAssetEditorManager: Opening Asset editor for MaterialInstanceConstant /Game/Art/RoomAssets/AssetMaterials/Colours/M_Emissive_White.M_Emissive_White
[2020.05.23-07.53.01:300][896]LogSlate: FSceneViewport::OnFocusLost() reason 0
[2020.05.23-07.53.11:580][540]LogSlate: FSceneViewport::OnFocusLost() reason 0
