"../../../../../../Users/Lee/Documents/GitHub/Group-19-Collab/Group19UnrealProject/Content/AI/GuardNPC/ShootAtPlayer.uasset" 0
"../../../../../../Users/Lee/Documents/GitHub/Group-19-Collab/Group19UnrealProject/Content/AI/Scientist/PatrolPath.uasset" 1
"../../../../../../Users/Lee/Documents/GitHub/Group-19-Collab/Group19UnrealProject/Content/AI/Scientist/ScientistWidgit.uasset" 2
"../../../../../../Users/Lee/Documents/GitHub/Group-19-Collab/Group19UnrealProject/Content/AnimStarterPack/UE4_Mannequin/Mesh/UE4_Mannequin_Skeleton.uasset" 3
"../../../../../../Users/Lee/Documents/GitHub/Group-19-Collab/Group19UnrealProject/Content/AnimStarterPack/Aim_Space_Hip.uasset" 4
"../../../../../../Users/Lee/Documents/GitHub/Group-19-Collab/Group19UnrealProject/Content/AnimStarterPack/Aim_Space_Ironsights.uasset" 5
"../../../../../../Users/Lee/Documents/GitHub/Group-19-Collab/Group19UnrealProject/Content/AnimStarterPack/Crouch_to_Stand_Rifle_Hip.uasset" 6
"../../../../../../Users/Lee/Documents/GitHub/Group-19-Collab/Group19UnrealProject/Content/AnimStarterPack/Crouch_to_Stand_Rifle_Ironsights.uasset" 7
"../../../../../../Users/Lee/Documents/GitHub/Group-19-Collab/Group19UnrealProject/Content/AnimStarterPack/Crouch_Walk_Bwd_Rifle_Ironsights.uasset" 8
"../../../../../../Users/Lee/Documents/GitHub/Group-19-Collab/Group19UnrealProject/Content/AnimStarterPack/Crouch_Walk_Lt_Rifle_Ironsights.uasset" 9
"../../../../../../Users/Lee/Documents/GitHub/Group-19-Collab/Group19UnrealProject/Content/AnimStarterPack/Crouch_Walk_Rt_Rifle_Ironsights.uasset" 10
"../../../../../../Users/Lee/Documents/GitHub/Group-19-Collab/Group19UnrealProject/Content/AnimStarterPack/Death_1.uasset" 11
"../../../../../../Users/Lee/Documents/GitHub/Group-19-Collab/Group19UnrealProject/Content/AnimStarterPack/Death_2.uasset" 12
"../../../../../../Users/Lee/Documents/GitHub/Group-19-Collab/Group19UnrealProject/Content/AnimStarterPack/Death_3.uasset" 13
"../../../../../../Users/Lee/Documents/GitHub/Group-19-Collab/Group19UnrealProject/Content/AnimStarterPack/Death_Ironsights_1.uasset" 14
"../../../../../../Users/Lee/Documents/GitHub/Group-19-Collab/Group19UnrealProject/Content/AnimStarterPack/Death_Ironsights_2.uasset" 15
"../../../../../../Users/Lee/Documents/GitHub/Group-19-Collab/Group19UnrealProject/Content/AnimStarterPack/Equip_Rifle_Standing.uasset" 16
"../../../../../../Users/Lee/Documents/GitHub/Group-19-Collab/Group19UnrealProject/Content/AnimStarterPack/Fire_Rifle_Hip.uasset" 17
"../../../../../../Users/Lee/Documents/GitHub/Group-19-Collab/Group19UnrealProject/Content/AnimStarterPack/Fire_Shotgun_Hip.uasset" 18
"../../../../../../Users/Lee/Documents/GitHub/Group-19-Collab/Group19UnrealProject/Content/AnimStarterPack/Fire_Shotgun_Ironsights.uasset" 19
"../../../../../../Users/Lee/Documents/GitHub/Group-19-Collab/Group19UnrealProject/Content/AnimStarterPack/Hit_React_4.uasset" 20
"../../../../../../Users/Lee/Documents/GitHub/Group-19-Collab/Group19UnrealProject/Content/AnimStarterPack/Idle_Pistol.uasset" 21
"../../../../../../Users/Lee/Documents/GitHub/Group-19-Collab/Group19UnrealProject/Content/AnimStarterPack/Idle_Rifle_Ironsights.uasset" 22
"../../../../../../Users/Lee/Documents/GitHub/Group-19-Collab/Group19UnrealProject/Content/AnimStarterPack/Jump_From_Stand_Ironsights.uasset" 23
"../../../../../../Users/Lee/Documents/GitHub/Group-19-Collab/Group19UnrealProject/Content/AnimStarterPack/Prone_Death_1.uasset" 24
"../../../../../../Users/Lee/Documents/GitHub/Group-19-Collab/Group19UnrealProject/Content/AnimStarterPack/Prone_Death_2.uasset" 25
"../../../../../../Users/Lee/Documents/GitHub/Group-19-Collab/Group19UnrealProject/Content/AnimStarterPack/Prone_Fire_1.uasset" 26
"../../../../../../Users/Lee/Documents/GitHub/Group-19-Collab/Group19UnrealProject/Content/AnimStarterPack/Prone_Fire_2.uasset" 27
"../../../../../../Users/Lee/Documents/GitHub/Group-19-Collab/Group19UnrealProject/Content/AnimStarterPack/Prone_Idle.uasset" 28
"../../../../../../Users/Lee/Documents/GitHub/Group-19-Collab/Group19UnrealProject/Content/AnimStarterPack/Prone_Reload_Rifle.uasset" 29
"../../../../../../Users/Lee/Documents/GitHub/Group-19-Collab/Group19UnrealProject/Content/AnimStarterPack/Prone_Reload_Shotgun.uasset" 30
"../../../../../../Users/Lee/Documents/GitHub/Group-19-Collab/Group19UnrealProject/Content/AnimStarterPack/Prone_To_Stand.uasset" 31
"../../../../../../Users/Lee/Documents/GitHub/Group-19-Collab/Group19UnrealProject/Content/AnimStarterPack/Reload_Pistol.uasset" 32
"../../../../../../Users/Lee/Documents/GitHub/Group-19-Collab/Group19UnrealProject/Content/AnimStarterPack/Reload_Rifle_Ironsights.uasset" 33
"../../../../../../Users/Lee/Documents/GitHub/Group-19-Collab/Group19UnrealProject/Content/AnimStarterPack/Reload_Shotgun_Hip.uasset" 34
"../../../../../../Users/Lee/Documents/GitHub/Group-19-Collab/Group19UnrealProject/Content/AnimStarterPack/Reload_Shotgun_Ironsights.uasset" 35
"../../../../../../Users/Lee/Documents/GitHub/Group-19-Collab/Group19UnrealProject/Content/AnimStarterPack/Sprint_Fwd_Rifle.uasset" 36
"../../../../../../Users/Lee/Documents/GitHub/Group-19-Collab/Group19UnrealProject/Content/AnimStarterPack/Stand_to_Crouch_Rifle_Hip.uasset" 37
"../../../../../../Users/Lee/Documents/GitHub/Group-19-Collab/Group19UnrealProject/Content/AnimStarterPack/Stand_to_Crouch_Rifle_Ironsights.uasset" 38
"../../../../../../Users/Lee/Documents/GitHub/Group-19-Collab/Group19UnrealProject/Content/AnimStarterPack/Stand_To_Prone.uasset" 39
"../../../../../../Users/Lee/Documents/GitHub/Group-19-Collab/Group19UnrealProject/Content/AnimStarterPack/Walk_Bwd_Rifle_Ironsights.uasset" 40
"../../../../../../Users/Lee/Documents/GitHub/Group-19-Collab/Group19UnrealProject/Content/AnimStarterPack/Walk_Lt_Rifle_Ironsights.uasset" 41
"../../../../../../Users/Lee/Documents/GitHub/Group-19-Collab/Group19UnrealProject/Content/AnimStarterPack/Walk_Rt_Rifle_Ironsights.uasset" 42
"../../../Engine/Content/Functions/Engine_MaterialFunctions01/Shading/FuzzyShading.uasset" 43
"../../../../../../Users/Lee/Documents/GitHub/Group-19-Collab/Group19UnrealProject/Content/Art/RoomAssets/AssetMaterials/MasterMaterial/RoughnessTextures/RenderClouds.uasset" 44
"../../../../../../Users/Lee/Documents/GitHub/Group-19-Collab/Group19UnrealProject/Content/Art/RoomAssets/AssetMaterials/MasterMaterial/RoughnessTextures/Roughness_Test.uasset" 45
"../../../../../../Users/Lee/Documents/GitHub/Group-19-Collab/Group19UnrealProject/Content/Art/RoomAssets/AssetMaterials/MasterMaterial/MasterMaterialForBigAssets.uasset" 46
"../../../../../../Users/Lee/Documents/GitHub/Group-19-Collab/Group19UnrealProject/Content/Art/RoomAssets/AssetMaterials/Colours/M_AccentGreen.uasset" 47
"../../../../../../Users/Lee/Documents/GitHub/Group-19-Collab/Group19UnrealProject/Content/Art/M_AccentGreen.uasset" 48
"../../../../../../Users/Lee/Documents/GitHub/Group-19-Collab/Group19UnrealProject/Content/Art/M_DarkGreen.uasset" 49
"../../../Engine/Content/Functions/Engine_MaterialFunctions01/Opacity/CameraDepthFade.uasset" 50
"../../../Engine/Content/EngineMaterials/T_Default_Material_Grid_M.uasset" 51
"../../../Engine/Content/EngineMaterials/T_Default_Material_Grid_N.uasset" 52
"../../../Engine/Content/EngineMaterials/WorldGridMaterial.uasset" 53
"../../../../../../Users/Lee/Documents/GitHub/Group-19-Collab/Group19UnrealProject/Content/Art/square_floor_2x2.uasset" 54
"../../../../../../Users/Lee/Documents/GitHub/Group-19-Collab/Group19UnrealProject/Content/Art/RoomAssets/M_DarkGreyMetal.uasset" 55
"../../../../../../Users/Lee/Documents/GitHub/Group-19-Collab/Group19UnrealProject/Content/Art/RoomAssets/AssetMaterials/Colours/M_Floor.uasset" 56
"../../../../../../Users/Lee/Documents/GitHub/Group-19-Collab/Group19UnrealProject/Content/Art/RoomAssets/AssetMaterials/Colours/M_Grey.uasset" 57
"../../../../../../Users/Lee/Documents/GitHub/Group-19-Collab/Group19UnrealProject/Content/Art/RoomAssets/AssetMaterials/MasterMaterial/MasterMaterialForBigAssets_Inst.uasset" 58
"../../../../../../Users/Lee/Documents/GitHub/Group-19-Collab/Group19UnrealProject/Content/Art/RoomAssets/AssetMaterials/Colours/M_DarkGrey.uasset" 59
"../../../../../../Users/Lee/Documents/GitHub/Group-19-Collab/Group19UnrealProject/Content/Art/RoomAssets/AssetMaterials/Colours/M_Foilage.uasset" 60
"../../../../../../Users/Lee/Documents/GitHub/Group-19-Collab/Group19UnrealProject/Content/Art/RoomAssets/AssetMaterials/Colours/M_Sand.uasset" 61
"../../../../../../Users/Lee/Documents/GitHub/Group-19-Collab/Group19UnrealProject/Content/Art/RoomAssets/AssetMaterials/Colours/M_White.uasset" 62
"../../../../../../Users/Lee/Documents/GitHub/Group-19-Collab/Group19UnrealProject/Content/Art/RoomAssets/HydroponicsLab/MainTubeCylinder/Main_Tube_Container_smaller__1__Object014.uasset" 63
"../../../../../../Users/Lee/Documents/GitHub/Group-19-Collab/Group19UnrealProject/Content/Art/RoomAssets/HydroponicsLab/MainTubeCylinder/Asset_MaintubeContainerPart1.uasset" 64
"../../../../../../Users/Lee/Documents/GitHub/Group-19-Collab/Group19UnrealProject/Content/Art/RoomAssets/HydroponicsLab/Asset_MaintubeContainerPart1.uasset" 65
"../../../../../../Users/Lee/Documents/GitHub/Group-19-Collab/Group19UnrealProject/Content/Art/RoomAssets/HydroponicsLab/MainTubeCylinder/Main_Tube_Container_smaller__1__Object016.uasset" 66
"../../../../../../Users/Lee/Documents/GitHub/Group-19-Collab/Group19UnrealProject/Content/Art/RoomAssets/HydroponicsLab/MainTubeCylinder/Asset_MainTubeCylinderPart2.uasset" 67
"../../../../../../Users/Lee/Documents/GitHub/Group-19-Collab/Group19UnrealProject/Content/Art/RoomAssets/HydroponicsLab/Asset_MainTubeCylinderPart2.uasset" 68
"../../../../../../Users/Lee/Documents/GitHub/Group-19-Collab/Group19UnrealProject/Content/Art/RoomAssets/HydroponicsLab/MainTubeCylinder/Main_Tube_Container_smaller__1__Object018.uasset" 69
"../../../../../../Users/Lee/Documents/GitHub/Group-19-Collab/Group19UnrealProject/Content/Art/RoomAssets/HydroponicsLab/MainTubeCylinder/Asset_MainTubeCylinderPart3.uasset" 70
"../../../../../../Users/Lee/Documents/GitHub/Group-19-Collab/Group19UnrealProject/Content/Art/RoomAssets/HydroponicsLab/Asset_MainTubeCylinderPart3.uasset" 71
"../../../../../../Users/Lee/Documents/GitHub/Group-19-Collab/Group19UnrealProject/Content/Art/RoomAssets/HydroponicsLab/MainTubeCylinder/Main_Tube_Container_smaller__1__Object020.uasset" 72
"../../../../../../Users/Lee/Documents/GitHub/Group-19-Collab/Group19UnrealProject/Content/Art/RoomAssets/HydroponicsLab/MainTubeCylinder/Asset_MainTubeCylinderPart4.uasset" 73
"../../../../../../Users/Lee/Documents/GitHub/Group-19-Collab/Group19UnrealProject/Content/Art/RoomAssets/HydroponicsLab/Asset_MainTubeCylinderPart4.uasset" 74
"../../../../../../Users/Lee/Documents/GitHub/Group-19-Collab/Group19UnrealProject/Content/Art/RoomAssets/HydroponicsLab/MainTubeCylinder/Main_Tube_Container_smaller__1__Object022.uasset" 75
"../../../../../../Users/Lee/Documents/GitHub/Group-19-Collab/Group19UnrealProject/Content/Art/RoomAssets/HydroponicsLab/MainTubeCylinder/Asset_MainTubeCylinderPart5.uasset" 76
"../../../../../../Users/Lee/Documents/GitHub/Group-19-Collab/Group19UnrealProject/Content/Art/RoomAssets/HydroponicsLab/Asset_MainTubeCylinderPart5.uasset" 77
"../../../../../../Users/Lee/Documents/GitHub/Group-19-Collab/Group19UnrealProject/Content/Art/RoomAssets/AssetMaterials/Colours/M_Emissive.uasset" 78
"../../../../../../Users/Lee/Documents/GitHub/Group-19-Collab/Group19UnrealProject/Content/Art/RoomAssets/AssetMaterials/Colours/M_Emissive_Inst.uasset" 79
"../../../../../../Users/Lee/Documents/GitHub/Group-19-Collab/Group19UnrealProject/Content/Art/RoomAssets/AssetMaterials/Colours/M_Emissive_White.uasset" 80
"../../../../../../Users/Lee/Documents/GitHub/Group-19-Collab/Group19UnrealProject/Content/Art/RoomAssets/AssetMaterials/Colours/M_Glass.uasset" 81
"../../../../../../Users/Lee/Documents/GitHub/Group-19-Collab/Group19UnrealProject/Content/Art/RoomAssets/AssetMaterials/Colours/M_Glass_Inst.uasset" 82
"../../../../../../Users/Lee/Documents/GitHub/Group-19-Collab/Group19UnrealProject/Content/Art/RoomAssets/AssetMaterials/Colours/M_Grey2.uasset" 83
"../../../../../../Users/Lee/Documents/GitHub/Group-19-Collab/Group19UnrealProject/Content/Art/RoomAssets/HydroponicsLab/MainTubeCylinder/Main_Tube_Container_smaller__1__Tube001.uasset" 84
"../../../../../../Users/Lee/Documents/GitHub/Group-19-Collab/Group19UnrealProject/Content/Art/RoomAssets/HydroponicsLab/Main_Tube_Container_smaller__1__Tube001.uasset" 85
"../../../../../../Users/Lee/Documents/GitHub/Group-19-Collab/Group19UnrealProject/Content/Art/RoomAssets/HydroponicsLab/High-Tech_MessageBoard/High-tech_message_board.uasset" 86
"../../../../../../Users/Lee/Documents/GitHub/Group-19-Collab/Group19UnrealProject/Content/Art/RoomAssets/HydroponicsLab/MainTubeCylinder/Asset_MainTubeCylinder.uasset" 87
"../../../../../../Users/Lee/Documents/GitHub/Group-19-Collab/Group19UnrealProject/Content/Art/RoomAssets/HydroponicsLab/WallPlantTube/Wall_plant_Fin_Fan01.uasset" 88
"../../../../../../Users/Lee/Documents/GitHub/Group-19-Collab/Group19UnrealProject/Content/Art/RoomAssets/HydroponicsLab/WallPlantTube/Wall_plant_Fin_Fan02.uasset" 89
"../../../../../../Users/Lee/Documents/GitHub/Group-19-Collab/Group19UnrealProject/Content/Art/RoomAssets/HydroponicsLab/WallPlantTube/Wall_plant_Fin_Fan03.uasset" 90
"../../../../../../Users/Lee/Documents/GitHub/Group-19-Collab/Group19UnrealProject/Content/Art/RoomAssets/StarterRoom/Floors/big_floor_square.uasset" 91
"../../../../../../Users/Lee/Documents/GitHub/Group-19-Collab/Group19UnrealProject/Content/Art/RoomAssets/AssetMaterials/Colours/M_Black.uasset" 92
"../../../../../../Users/Lee/Documents/GitHub/Group-19-Collab/Group19UnrealProject/Content/Art/RoomAssets/StarterRoom/Floors/middle.uasset" 93
"../../../../../../Users/Lee/Documents/GitHub/Group-19-Collab/Group19UnrealProject/Content/Mannequin/Character/Mesh/UE4_Mannequin_Skeleton.uasset" 94
"../../../../../../Users/Lee/Documents/GitHub/Group-19-Collab/Group19UnrealProject/Content/Mannequin/Animations/ThirdPersonJump_End.uasset" 95
"../../../../../../Users/Lee/Documents/GitHub/Group-19-Collab/Group19UnrealProject/Content/Particles/Blood/Blood.uasset" 96
"../../../../../../Users/Lee/Documents/GitHub/Group-19-Collab/Group19UnrealProject/Content/Particles/Blood/M_Blood.uasset" 97
"../../../../../../Users/Lee/Documents/GitHub/Group-19-Collab/Group19UnrealProject/Content/Particles/Blood/M_decalBlood.uasset" 98
"../../../../../../Users/Lee/Documents/GitHub/Group-19-Collab/Group19UnrealProject/Content/Particles/Blood/P_Blood.uasset" 99
"../../../../../../Users/Lee/Documents/GitHub/Group-19-Collab/Group19UnrealProject/Content/Particles/Blood/T_Blood.uasset" 100
"../../../../../../Users/Lee/Documents/GitHub/Group-19-Collab/Group19UnrealProject/Content/StarterContent/Materials/M_Basic_Wall.uasset" 101
"../../../../../../Users/Lee/Documents/GitHub/Group-19-Collab/Group19UnrealProject/Content/StarterContent/Architecture/Pillar_50x500.uasset" 102
"../../../../../../Users/Lee/Documents/GitHub/Group-19-Collab/Group19UnrealProject/Content/StarterContent/Architecture/Wall_400x300.uasset" 103
"../../../../../../Users/Lee/Documents/GitHub/Group-19-Collab/Group19UnrealProject/Content/StarterContent/Architecture/Wall_400x400.uasset" 104
"../../../../../../Users/Lee/Documents/GitHub/Group-19-Collab/Group19UnrealProject/Content/StarterContent/Architecture/Wall_500x500.uasset" 105
"../../../../../../Users/Lee/Documents/GitHub/Group-19-Collab/Group19UnrealProject/Content/StarterContent/Architecture/Wall_Door_400x400.uasset" 106
"../../../../../../Users/Lee/Documents/GitHub/Group-19-Collab/Group19UnrealProject/Content/StarterContent/Architecture/Wall_Window_400x400.uasset" 107
"../../../../../../Users/Lee/Documents/GitHub/Group-19-Collab/Group19UnrealProject/Content/StarterContent/Audio/Collapse01.uasset" 108
"../../../../../../Users/Lee/Documents/GitHub/Group-19-Collab/Group19UnrealProject/Content/StarterContent/Audio/Collapse02.uasset" 109
"../../../../../../Users/Lee/Documents/GitHub/Group-19-Collab/Group19UnrealProject/Content/StarterContent/Audio/Explosion01.uasset" 110
"../../../../../../Users/Lee/Documents/GitHub/Group-19-Collab/Group19UnrealProject/Content/StarterContent/Audio/Explosion02.uasset" 111
"../../../../../../Users/Lee/Documents/GitHub/Group-19-Collab/Group19UnrealProject/Content/StarterContent/Audio/Fire01.uasset" 112
"../../../../../../Users/Lee/Documents/GitHub/Group-19-Collab/Group19UnrealProject/Content/StarterContent/Audio/Fire_Sparks01.uasset" 113
"../../../../../../Users/Lee/Documents/GitHub/Group-19-Collab/Group19UnrealProject/Content/StarterContent/Audio/Light01.uasset" 114
"../../../../../../Users/Lee/Documents/GitHub/Group-19-Collab/Group19UnrealProject/Content/StarterContent/Audio/Light01_Cue.uasset" 115
"../../../../../../Users/Lee/Documents/GitHub/Group-19-Collab/Group19UnrealProject/Content/StarterContent/Audio/Light02.uasset" 116
"../../../../../../Users/Lee/Documents/GitHub/Group-19-Collab/Group19UnrealProject/Content/StarterContent/Audio/Light02_Cue.uasset" 117
"../../../../../../Users/Lee/Documents/GitHub/Group-19-Collab/Group19UnrealProject/Content/StarterContent/Audio/Smoke01.uasset" 118
"../../../../../../Users/Lee/Documents/GitHub/Group-19-Collab/Group19UnrealProject/Content/StarterContent/Audio/Starter_Birds01.uasset" 119
"../../../../../../Users/Lee/Documents/GitHub/Group-19-Collab/Group19UnrealProject/Content/StarterContent/Audio/Starter_Music01.uasset" 120
"../../../../../../Users/Lee/Documents/GitHub/Group-19-Collab/Group19UnrealProject/Content/StarterContent/Audio/Starter_Wind05.uasset" 121
"../../../../../../Users/Lee/Documents/GitHub/Group-19-Collab/Group19UnrealProject/Content/StarterContent/Audio/Starter_Wind06.uasset" 122
"../../../../../../Users/Lee/Documents/GitHub/Group-19-Collab/Group19UnrealProject/Content/StarterContent/Audio/Steam01.uasset" 123
"../../../../../../Users/Lee/Documents/GitHub/Group-19-Collab/Group19UnrealProject/Content/StarterContent/Audio/Explosion_Cue.uasset" 124
"../../../../../../Users/Lee/Documents/GitHub/Group-19-Collab/Group19UnrealProject/Content/StarterContent/Textures/T_Burst_M.uasset" 125
"../../../../../../Users/Lee/Documents/GitHub/Group-19-Collab/Group19UnrealProject/Content/StarterContent/Particles/Materials/M_Burst.uasset" 126
"../../../../../../Users/Lee/Documents/GitHub/Group-19-Collab/Group19UnrealProject/Content/StarterContent/Textures/T_Explosion_SubUV.uasset" 127
"../../../../../../Users/Lee/Documents/GitHub/Group-19-Collab/Group19UnrealProject/Content/StarterContent/Particles/Materials/M_explosion_subUV.uasset" 128
"../../../../../../Users/Lee/Documents/GitHub/Group-19-Collab/Group19UnrealProject/Content/StarterContent/Particles/Materials/m_flare_01.uasset" 129
"../../../Engine/Content/Functions/Engine_MaterialFunctions01/Gradient/RadialGradient.uasset" 130
"../../../../../../Users/Lee/Documents/GitHub/Group-19-Collab/Group19UnrealProject/Content/StarterContent/Particles/Materials/M_radial_ramp.uasset" 131
"../../../../../../Users/Lee/Documents/GitHub/Group-19-Collab/Group19UnrealProject/Content/StarterContent/Textures/T_Smoke_SubUV.uasset" 132
"../../../../../../Users/Lee/Documents/GitHub/Group-19-Collab/Group19UnrealProject/Content/StarterContent/Textures/T_Smoke_Tiled_D.uasset" 133
"../../../../../../Users/Lee/Documents/GitHub/Group-19-Collab/Group19UnrealProject/Content/StarterContent/Particles/Materials/M_smoke_subUV.uasset" 134
"../../../../../../Users/Lee/Documents/GitHub/Group-19-Collab/Group19UnrealProject/Content/StarterContent/Particles/P_Explosion.uasset" 135
"../../../../../../Users/Lee/Documents/GitHub/Group-19-Collab/Group19UnrealProject/Content/StarterContent/Blueprints/Blueprint_Effect_Explosion.uasset" 136
"../../../Engine/Content/EditorMeshes/ColorCalibrator/T_ColorGrid.uasset" 137
"../../../../../../Users/Lee/Documents/GitHub/Group-19-Collab/Group19UnrealProject/Content/StarterContent/Materials/M_ColorGrid_LowSpec.uasset" 138
"../../../../../../Users/Lee/Documents/GitHub/Group-19-Collab/Group19UnrealProject/Content/StarterContent/Textures/T_Bush_D.uasset" 139
"../../../../../../Users/Lee/Documents/GitHub/Group-19-Collab/Group19UnrealProject/Content/StarterContent/Textures/T_Bush_N.uasset" 140
"../../../../../../Users/Lee/Documents/GitHub/Group-19-Collab/Group19UnrealProject/Content/StarterContent/Props/Materials/M_Bush.uasset" 141
"../../../../../../Users/Lee/Documents/GitHub/Group-19-Collab/Group19UnrealProject/Content/StarterContent/Props/SM_Bush.uasset" 142
"../../../../../../Users/Lee/Documents/GitHub/Group-19-Collab/Group19UnrealProject/Content/StarterContent/Textures/T_Chair_M.uasset" 143
"../../../../../../Users/Lee/Documents/GitHub/Group-19-Collab/Group19UnrealProject/Content/StarterContent/Textures/T_Chair_N.uasset" 144
"../../../../../../Users/Lee/Documents/GitHub/Group-19-Collab/Group19UnrealProject/Content/StarterContent/Props/Materials/M_Chair.uasset" 145
"../../../../../../Users/Lee/Documents/GitHub/Group-19-Collab/Group19UnrealProject/Content/StarterContent/Props/SM_Couch.uasset" 146
"../../../../../../Users/Lee/Documents/GitHub/Group-19-Collab/Group19UnrealProject/Content/StarterContent/Materials/M_Glass.uasset" 147
"../../../../../../Users/Lee/Documents/GitHub/Group-19-Collab/Group19UnrealProject/Content/StarterContent/Textures/T_Door_M.uasset" 148
"../../../../../../Users/Lee/Documents/GitHub/Group-19-Collab/Group19UnrealProject/Content/StarterContent/Textures/T_Door_N.uasset" 149
"../../../../../../Users/Lee/Documents/GitHub/Group-19-Collab/Group19UnrealProject/Content/StarterContent/Props/Materials/M_Door.uasset" 150
"../../../../../../Users/Lee/Documents/GitHub/Group-19-Collab/Group19UnrealProject/Content/StarterContent/Props/SM_Door.uasset" 151
"../../../../../../Users/Lee/Documents/GitHub/Group-19-Collab/Group19UnrealProject/Content/StarterContent/Props/Materials/M_MaterialSphere.uasset" 152
"../../../../../../Users/Lee/Documents/GitHub/Group-19-Collab/Group19UnrealProject/Content/StarterContent/Props/Materials/M_MaterialSphere_Plain.uasset" 153
"../../../../../../Users/Lee/Documents/GitHub/Group-19-Collab/Group19UnrealProject/Content/StarterContent/Props/SM_MatPreviewMesh_02.uasset" 154
"../../../Engine/Content/Functions/Engine_MaterialFunctions02/Utility/BlendAngleCorrectedNormals.uasset" 155
"../../../../../../Users/Lee/Documents/GitHub/Group-19-Collab/Group19UnrealProject/Content/StarterContent/Textures/T_Detail_Rocky_N.uasset" 156
"../../../../../../Users/Lee/Documents/GitHub/Group-19-Collab/Group19UnrealProject/Content/StarterContent/Textures/T_Rock_Basalt_D.uasset" 157
"../../../../../../Users/Lee/Documents/GitHub/Group-19-Collab/Group19UnrealProject/Content/StarterContent/Textures/T_RockMesh_M.uasset" 158
"../../../../../../Users/Lee/Documents/GitHub/Group-19-Collab/Group19UnrealProject/Content/StarterContent/Textures/T_RockMesh_N.uasset" 159
"../../../../../../Users/Lee/Documents/GitHub/Group-19-Collab/Group19UnrealProject/Content/StarterContent/Props/Materials/M_Rock.uasset" 160
"../../../../../../Users/Lee/Documents/GitHub/Group-19-Collab/Group19UnrealProject/Content/StarterContent/Props/SM_Rock.uasset" 161
"../../../../../../Users/Lee/Documents/GitHub/Group-19-Collab/Group19UnrealProject/Content/StarterContent/Textures/T_Shelf_M.uasset" 162
"../../../../../../Users/Lee/Documents/GitHub/Group-19-Collab/Group19UnrealProject/Content/StarterContent/Textures/T_Shelf_N.uasset" 163
"../../../../../../Users/Lee/Documents/GitHub/Group-19-Collab/Group19UnrealProject/Content/StarterContent/Props/Materials/M_Shelf.uasset" 164
"../../../../../../Users/Lee/Documents/GitHub/Group-19-Collab/Group19UnrealProject/Content/StarterContent/Props/SM_Shelf.uasset" 165
"../../../../../../Users/Lee/Documents/GitHub/Group-19-Collab/Group19UnrealProject/Content/StarterContent/Materials/M_Basic_Floor.uasset" 166
"../../../../../../Users/Lee/Documents/GitHub/Group-19-Collab/Group19UnrealProject/Content/StarterContent/Props/SM_Stairs.uasset" 167
"../../../../../../Users/Lee/Documents/GitHub/Group-19-Collab/Group19UnrealProject/Content/StarterContent/Shapes/Shape_Cone.uasset" 168
"../../../../../../Users/Lee/Documents/GitHub/Group-19-Collab/Group19UnrealProject/Content/StarterContent/Shapes/Shape_Cylinder.uasset" 169
"../../../../../../Users/Lee/Documents/GitHub/Group-19-Collab/Group19UnrealProject/Content/StarterContent/Shapes/Shape_NarrowCapsule.uasset" 170
"../../../../../../Users/Lee/Documents/GitHub/Group-19-Collab/Group19UnrealProject/Content/StarterContent/Shapes/Shape_Pipe.uasset" 171
"../../../../../../Users/Lee/Documents/GitHub/Group-19-Collab/Group19UnrealProject/Content/StarterContent/Shapes/Shape_Pipe_180.uasset" 172
"../../../../../../Users/Lee/Documents/GitHub/Group-19-Collab/Group19UnrealProject/Content/StarterContent/Shapes/Shape_Pipe_90.uasset" 173
"../../../../../../Users/Lee/Documents/GitHub/Group-19-Collab/Group19UnrealProject/Content/StarterContent/Shapes/Shape_Plane.uasset" 174
"../../../../../../Users/Lee/Documents/GitHub/Group-19-Collab/Group19UnrealProject/Content/StarterContent/Shapes/Shape_Torus.uasset" 175
"../../../../../../Users/Lee/Documents/GitHub/Group-19-Collab/Group19UnrealProject/Content/StarterContent/Shapes/Shape_Trim.uasset" 176
"../../../../../../Users/Lee/Documents/GitHub/Group-19-Collab/Group19UnrealProject/Content/StarterContent/Shapes/Shape_Trim_90_In.uasset" 177
"../../../../../../Users/Lee/Documents/GitHub/Group-19-Collab/Group19UnrealProject/Content/StarterContent/Shapes/Shape_Trim_90_Out.uasset" 178
"../../../../../../Users/Lee/Documents/GitHub/Group-19-Collab/Group19UnrealProject/Content/StarterContent/Shapes/Shape_TriPyramid.uasset" 179
"../../../../../../Users/Lee/Documents/GitHub/Group-19-Collab/Group19UnrealProject/Content/StarterContent/Shapes/Shape_Tube.uasset" 180
"../../../../../../Users/Lee/Documents/GitHub/Group-19-Collab/Group19UnrealProject/Content/StarterContent/Shapes/Shape_Wedge_A.uasset" 181
"../../../../../../Users/Lee/Documents/GitHub/Group-19-Collab/Group19UnrealProject/Content/StarterContent/Shapes/Shape_Wedge_B.uasset" 182
"../../../../../../Users/Lee/Documents/GitHub/Group-19-Collab/Group19UnrealProject/Content/StarterContent/Shapes/Shape_WideCapsule.uasset" 183
"../../../../../../Users/Lee/Documents/GitHub/Group-19-Collab/Group19UnrealProject/Content/ThirdPersonBP/ThirdPersonOverview.uasset" 184
"../../../../../../Users/Lee/Documents/GitHub/Group-19-Collab/Group19UnrealProject/Content/Mannequin/Animations/ThirdPerson_Jump.uasset" 185
"../../../../../../Users/Lee/Documents/GitHub/Group-19-Collab/Group19UnrealProject/Content/Mannequin/Animations/ThirdPersonJump_Loop.uasset" 186
"../../../../../../Users/Lee/Documents/GitHub/Group-19-Collab/Group19UnrealProject/Content/Mannequin/Animations/ThirdPersonJump_Start.uasset" 187
"../../../../../../Users/Lee/Documents/GitHub/Group-19-Collab/Group19UnrealProject/Content/Mannequin/Animations/ThirdPersonIdle.uasset" 188
"../../../../../../Users/Lee/Documents/GitHub/Group-19-Collab/Group19UnrealProject/Content/Mannequin/Animations/ThirdPersonRun.uasset" 189
"../../../../../../Users/Lee/Documents/GitHub/Group-19-Collab/Group19UnrealProject/Content/Mannequin/Animations/ThirdPersonWalk.uasset" 190
"../../../../../../Users/Lee/Documents/GitHub/Group-19-Collab/Group19UnrealProject/Content/Mannequin/Animations/ThirdPerson_IdleRun_2D.uasset" 191
"../../../Engine/Content/EditorBlueprintResources/StandardMacros.uasset" 192
"../../../../../../Users/Lee/Documents/GitHub/Group-19-Collab/Group19UnrealProject/Content/Mannequin/Animations/ThirdPerson_AnimBP.uasset" 193
"../../../Engine/Content/Functions/MaterialLayerFunctions/MatLayerBlend_NormalBlend.uasset" 194
"../../../Engine/Content/Functions/MaterialLayerFunctions/MatLayerBlend_Simple.uasset" 195
"../../../../../../Users/Lee/Documents/GitHub/Group-19-Collab/Group19UnrealProject/Content/Mannequin/Character/Materials/MaterialLayers/T_ML_Rubber_Blue_01_D.uasset" 196
"../../../../../../Users/Lee/Documents/GitHub/Group-19-Collab/Group19UnrealProject/Content/Mannequin/Character/Materials/MaterialLayers/T_ML_Rubber_Blue_01_N.uasset" 197
"../../../../../../Users/Lee/Documents/GitHub/Group-19-Collab/Group19UnrealProject/Content/Mannequin/Character/Materials/MaterialLayers/ML_GlossyBlack_Latex_UE4.uasset" 198
"../../../../../../Users/Lee/Documents/GitHub/Group-19-Collab/Group19UnrealProject/Content/Mannequin/Character/Materials/MaterialLayers/ML_Plastic_Shiny_Beige.uasset" 199
"../../../../../../Users/Lee/Documents/GitHub/Group-19-Collab/Group19UnrealProject/Content/Mannequin/Character/Textures/UE4_LOGO_CARD.uasset" 200
"../../../../../../Users/Lee/Documents/GitHub/Group-19-Collab/Group19UnrealProject/Content/Mannequin/Character/Materials/MaterialLayers/ML_Plastic_Shiny_Beige_LOGO.uasset" 201
"../../../../../../Users/Lee/Documents/GitHub/Group-19-Collab/Group19UnrealProject/Content/Mannequin/Character/Materials/MaterialLayers/T_ML_Aluminum01.uasset" 202
"../../../../../../Users/Lee/Documents/GitHub/Group-19-Collab/Group19UnrealProject/Content/Mannequin/Character/Materials/MaterialLayers/T_ML_Aluminum01_N.uasset" 203
"../../../../../../Users/Lee/Documents/GitHub/Group-19-Collab/Group19UnrealProject/Content/Mannequin/Character/Materials/MaterialLayers/ML_SoftMetal_UE4.uasset" 204
"../../../../../../Users/Lee/Documents/GitHub/Group-19-Collab/Group19UnrealProject/Content/Mannequin/Character/Textures/UE4_Mannequin__normals.uasset" 205
"../../../../../../Users/Lee/Documents/GitHub/Group-19-Collab/Group19UnrealProject/Content/Mannequin/Character/Textures/UE4_Mannequin_MAT_MASKA.uasset" 206
"../../../../../../Users/Lee/Documents/GitHub/Group-19-Collab/Group19UnrealProject/Content/Mannequin/Character/Materials/M_UE4Man_Body.uasset" 207
"../../../../../../Users/Lee/Documents/GitHub/Group-19-Collab/Group19UnrealProject/Content/Mannequin/Character/Textures/UE4Man_Logo_N.uasset" 208
"../../../../../../Users/Lee/Documents/GitHub/Group-19-Collab/Group19UnrealProject/Content/Mannequin/Character/Materials/M_UE4Man_ChestLogo.uasset" 209
"../../../../../../Users/Lee/Documents/GitHub/Group-19-Collab/Group19UnrealProject/Content/Mannequin/Character/Mesh/SK_Mannequin_PhysicsAsset.uasset" 210
"../../../../../../Users/Lee/Documents/GitHub/Group-19-Collab/Group19UnrealProject/Content/Mannequin/Character/Mesh/SK_Mannequin.uasset" 211
"../../../../../../Users/Lee/Documents/GitHub/Group-19-Collab/Group19UnrealProject/Content/ThirdPersonBP/Blueprints/ThirdPersonCharacter.uasset" 212
"../../../../../../Users/Lee/Documents/GitHub/Group-19-Collab/Group19UnrealProject/Content/ThirdPersonBP/Blueprints/ThirdPersonGameMode.uasset" 213
"../../../Engine/Content/Animation/DefaultAnimCurveCompressionSettings.uasset" 214
"../../../Engine/Content/ArtTools/RenderToTexture/Meshes/S_1_Unit_Plane.uasset" 215
"../../../Engine/Content/EngineMaterials/DefaultMaterial.uasset" 216
"../../../Engine/Content/BasicShapes/Cone.uasset" 217
"../../../Engine/Content/BasicShapes/Cube.uasset" 218
"../../../Engine/Content/BasicShapes/Cylinder.uasset" 219
"../../../Engine/Content/BasicShapes/Plane.uasset" 220
"../../../Engine/Content/EditorLandscapeResources/DataLayer.uasset" 221
"../../../Engine/Content/EditorMaterials/GizmoMaterial.uasset" 222
"../../../Engine/Content/EditorMaterials/MAT_Groups_Toggle.uasset" 223
"../../../Engine/Content/EditorMaterials/MAT_Groups_Visibility.uasset" 224
"../../../Engine/Content/EditorMaterials/PreviewShadowIndicator.uasset" 225
"../../../Engine/Content/EditorMaterials/PreviewShadowIndicatorMaterial.uasset" 226
"../../../Engine/Content/EditorMaterials/MatineeGroups/MAT_ColorTrack.uasset" 227
"../../../Engine/Content/EditorMaterials/MatineeGroups/MAT_Groups_Anim.uasset" 228
"../../../Engine/Content/EditorMaterials/MatineeGroups/MAT_Groups_AudioMaster.uasset" 229
"../../../Engine/Content/EditorMaterials/MatineeGroups/MAT_Groups_Director.uasset" 230
"../../../Engine/Content/EditorMaterials/MatineeGroups/MAT_Groups_Event.uasset" 231
"../../../Engine/Content/EditorMaterials/MatineeGroups/MAT_Groups_Fade.uasset" 232
"../../../Engine/Content/EditorMaterials/MatineeGroups/MAT_Groups_Float.uasset" 233
"../../../Engine/Content/EditorMaterials/MatineeGroups/MAT_Groups_Move.uasset" 234
"../../../Engine/Content/EditorMaterials/MatineeGroups/MAT_Groups_Slomo.uasset" 235
"../../../Engine/Content/EditorMaterials/MatineeGroups/MAT_Groups_Sound.uasset" 236
"../../../Engine/Content/EditorMaterials/MatineeGroups/MAT_Groups_Vector.uasset" 237
"../../../Engine/Content/EditorMaterials/ParticleSystems/PSysThumbnail_NoImage.uasset" 238
"../../../Engine/Content/EditorMaterials/ParticleSystems/PSysThumbnail_OOD.uasset" 239
"../../../Engine/Content/EditorMaterials/Camera/CineMat.uasset" 240
"../../../Engine/Content/EditorMaterials/Camera/MI_CineMat_Rig.uasset" 241
"../../../Engine/Content/EditorMeshes/Camera/SM_CraneRig_Arm.uasset" 242
"../../../Engine/Content/EditorMeshes/Camera/SM_CraneRig_Base.uasset" 243
"../../../Engine/Content/EditorMeshes/Camera/SM_CraneRig_Body.uasset" 244
"../../../Engine/Content/EditorMeshes/Camera/SM_CraneRig_Mount.uasset" 245
"../../../Engine/Content/EditorMeshes/Camera/SM_RailRig_Mount.uasset" 246
"../../../Engine/Content/EditorMeshes/Camera/SM_RailRig_Track.uasset" 247
"../../../Engine/Content/EditorResources/BSPVertex.uasset" 248
"../../../Engine/Content/EditorResources/EmptyActor.uasset" 249
"../../../Engine/Content/EditorResources/S_Actor.uasset" 250
"../../../Engine/Content/EditorResources/S_Note.uasset" 251
"../../../Engine/Content/EditorResources/S_Trigger.uasset" 252
"../../../Engine/Content/EditorResources/AudioIcons/S_AudioComponent.uasset" 253
"../../../Engine/Content/EditorResources/AudioIcons/S_AudioComponent_AutoActivate.uasset" 254
"../../../Engine/Content/EditorResources/LightIcons/S_LightError.uasset" 255
"../../../Engine/Content/EditorResources/SequenceRecorder/Countdown.uasset" 256
"../../../Engine/Content/EditorResources/SequenceRecorder/RecordingIndicator.uasset" 257
"../../../Engine/Content/EditorSounds/Notifications/CompileFailed.uasset" 258
"../../../Engine/Content/EditorSounds/Notifications/CompileFailed_Cue.uasset" 259
"../../../Engine/Content/EditorSounds/Notifications/CompileSuccess.uasset" 260
"../../../Engine/Content/EditorSounds/Notifications/CompileStart_Cue.uasset" 261
"../../../Engine/Content/EditorSounds/Notifications/CompileSuccess_Cue.uasset" 262
"../../../Engine/Content/EngineDamageTypes/DmgTypeBP_Environmental.uasset" 263
"../../../Engine/Content/EngineDebugMaterials/HeatmapGradient.uasset" 264
"../../../Engine/Content/EngineDebugMaterials/BoneWeightMaterial.uasset" 265
"../../../Engine/Content/EngineDebugMaterials/ClothMaterial.uasset" 266
"../../../Engine/Content/EngineDebugMaterials/ClothMaterial_WF.uasset" 267
"../../../Engine/Content/EngineDebugMaterials/DebugEditorMaterial.uasset" 268
"../../../Engine/Content/EngineDebugMaterials/DebugMeshMaterial.uasset" 269
"../../../Engine/Content/EngineDebugMaterials/GeomMaterial.uasset" 270
"../../../Engine/Content/EngineDebugMaterials/M_SimpleTranslucent.uasset" 271
"../../../Engine/Content/EngineFonts/Faces/RobotoBold.uasset" 272
"../../../Engine/Content/EngineFonts/Faces/RobotoBoldItalic.uasset" 273
"../../../Engine/Content/EngineFonts/Faces/RobotoItalic.uasset" 274
"../../../Engine/Content/EngineFonts/Faces/RobotoLight.uasset" 275
"../../../Engine/Content/EngineFonts/Faces/RobotoRegular.uasset" 276
"../../../Engine/Content/EngineFonts/Roboto.uasset" 277
"../../../Engine/Content/EngineFonts/Faces/RobotoTiny.uasset" 278
"../../../Engine/Content/EngineFonts/RobotoTiny.uasset" 279
"../../../Engine/Content/EngineMaterials/BaseFlattenDiffuseMap.uasset" 280
"../../../Engine/Content/EngineMaterials/BaseFlattenEmissiveMap.uasset" 281
"../../../Engine/Content/EngineMaterials/BaseFlattenGrayscaleMap.uasset" 282
"../../../Engine/Content/EngineMaterials/BaseFlattenNormalMap.uasset" 283
"../../../Engine/Content/EngineMaterials/BaseFlattenMaterial.uasset" 284
"../../../Engine/Content/EngineMaterials/DefaultBloomKernel.uasset" 285
"../../../Engine/Content/EngineMaterials/DefaultBokeh.uasset" 286
"../../../Engine/Content/EngineMaterials/DefaultDiffuse.uasset" 287
"../../../Engine/Content/EngineMaterials/DefaultDeferredDecalMaterial.uasset" 288
"../../../Engine/Content/EngineMaterials/DefaultLightFunctionMaterial.uasset" 289
"../../../Engine/Content/EngineMaterials/DefaultPhysicalMaterial.uasset" 290
"../../../Engine/Content/Functions/Engine_MaterialFunctions02/Utility/BreakOutFloat2Components.uasset" 291
"../../../Engine/Content/EngineMaterials/DefaultPostProcessMaterial.uasset" 292
"../../../Engine/Content/EngineFonts/RobotoDistanceField.uasset" 293
"../../../Engine/Content/EngineMaterials/DefaultTextMaterialOpaque.uasset" 294
"../../../Engine/Content/EngineMaterials/DefaultWhiteGrid.uasset" 295
"../../../Engine/Content/EngineMaterials/EditorBrushMaterial.uasset" 296
"../../../Engine/Content/EngineMaterials/Good64x64TilingNoiseHighFreq.uasset" 297
"../../../Engine/Content/EngineMaterials/MiniFont.uasset" 298
"../../../Engine/Content/EngineMaterials/InvalidLightmapSettings.uasset" 299
"../../../Engine/Content/EngineMaterials/M_InvalidLightmapSettings.uasset" 300
"../../../Engine/Content/Functions/Engine_MaterialFunctions02/WorldPositionOffset/CameraOffset.uasset" 301
"../../../Engine/Content/EngineMaterials/PhAT_JointLimitMaterial.uasset" 302
"../../../Engine/Content/EngineMaterials/PreintegratedSkinBRDF.uasset" 303
"../../../Engine/Content/EngineMaterials/RemoveSurfaceMaterial.uasset" 304
"../../../Engine/Content/EngineMaterials/WeightMapPlaceholderTexture.uasset" 305
"../../../Engine/Content/EngineResources/WhiteSquareTexture.uasset" 306
"../../../Engine/Content/EngineMaterials/Widget3DPassThrough.uasset" 307
"../../../Engine/Content/EngineMaterials/Widget3DPassThrough_Masked.uasset" 308
"../../../Engine/Content/EngineMaterials/Widget3DPassThrough_Opaque.uasset" 309
"../../../Engine/Content/EngineMaterials/Widget3DPassThrough_Masked_OneSided.uasset" 310
"../../../Engine/Content/EngineMaterials/Widget3DPassThrough_Opaque_OneSided.uasset" 311
"../../../Engine/Content/EngineMaterials/Widget3DPassThrough_Translucent.uasset" 312
"../../../Engine/Content/EngineMaterials/Widget3DPassThrough_Translucent_OneSided.uasset" 313
"../../../Engine/Content/EngineMeshes/Cylinder.uasset" 314
"../../../Engine/Content/EngineMeshes/Sphere.uasset" 315
"../../../Engine/Content/EngineResources/Black.uasset" 316
"../../../Engine/Content/EngineResources/DefaultTexture.uasset" 317
"../../../Engine/Content/EngineResources/DefaultTextureCube.uasset" 318
"../../../Engine/Content/EngineResources/DefaultVolumeTexture2D.uasset" 319
"../../../Engine/Content/EngineResources/DefaultVolumeTexture.uasset" 320
"../../../Engine/Content/EngineResources/GradientTexture0.uasset" 321
"../../../Engine/Content/EngineSounds/Master.uasset" 322
"../../../Engine/Content/Functions/Engine_MaterialFunctions01/Shading/ConvertFromDiffSpec.uasset" 323
"../../../Engine/Content/Functions/Engine_MaterialFunctions01/Shading/PowerToRoughness.uasset" 324
"../../../Engine/Content/Maps/Templates/Thumbnails/Default.uasset" 325
"../../../Engine/Content/Maps/Templates/Thumbnails/VR-Basic.uasset" 326
"../../../Engine/Content/MobileResources/T_MobileControls_texture.uasset" 327
"../../../Engine/Content/MobileResources/T_MobileMenu2.uasset" 328
"../../../Engine/Content/MobileResources/HUD/AnalogHat.uasset" 329
"../../../Engine/Content/MobileResources/HUD/VirtualJoystick_Background.uasset" 330
"../../../Engine/Content/MobileResources/HUD/VirtualJoystick_Thumb.uasset" 331
"../../../Engine/Content/MobileResources/HUD/DefaultVirtualJoysticks.uasset" 332
"../../../Engine/Content/MobileResources/HUD/LeftVirtualJoystickOnly.uasset" 333
"../../../Engine/Content/MobileResources/HUD/MobileHUDButton1_off.uasset" 334
"../../../Engine/Content/MobileResources/HUD/MobileHUDButton1_on.uasset" 335
"../../../Engine/Content/MobileResources/HUD/MobileHUDButton2_off.uasset" 336
"../../../Engine/Content/MobileResources/HUD/MobileHUDButton2_on.uasset" 337
"../../../Engine/Content/MobileResources/HUD/MobileHUDButton3.uasset" 338
"../../../Engine/Content/MobileResources/HUD/MobileHUDButtonFire.uasset" 339
"../../../Engine/Content/MobileResources/HUD/MobileHUDDirectionPad.uasset" 340
"../../../Engine/Content/MobileResources/HUD/MobileHUDDirectionPad2.uasset" 341
"../../../Engine/Content/MobileResources/HUD/MobileHUDDirectionPad3.uasset" 342
"../../../Engine/Content/MobileResources/HUD/MobileHUDDirectionStick.uasset" 343
"../../../Engine/Content/MobileResources/HUD/T_Castle_ThumbstickInner.uasset" 344
"../../../Engine/Content/MobileResources/HUD/T_Castle_ThumbstickOutter.uasset" 345
"../../../Engine/Content/Tutorial/ContentIntroCurve.uasset" 346
"../../../Engine/Content/Tutorial/Basics/LevelEditorAttract.uasset" 347
"../../../Engine/Content/VREditor/LaserPointer/VR_LaserPower_01.uasset" 348
"../../../Engine/Content/VREditor/TransformGizmo/TransformGizmoMaterial.uasset" 349
"../../../Engine/Content/VREditor/TransformGizmo/TranslucentTransformGizmoMaterial.uasset" 350
"../../../Engine/Content/VREditor/TransformGizmo/BoundingBoxCorner.uasset" 351
"../../../Engine/Content/VREditor/TransformGizmo/BoundingBoxEdge.uasset" 352
"../../../Engine/Content/VREditor/TransformGizmo/PlaneTranslationHandle.uasset" 353
"../../../Engine/Content/VREditor/TransformGizmo/Main.uasset" 354
"../../../Engine/Content/VREditor/TransformGizmo/Xray.uasset" 355
"../../../Engine/Content/VREditor/TransformGizmo/SM_Sequencer_Key.uasset" 356
"../../../Engine/Content/VREditor/TransformGizmo/SM_Sequencer_Node.uasset" 357
"../../Plugins/2D/Paper2D/Content/PlaceholderTextures/DummySpriteTexture.uasset" 358
"../../Plugins/2D/Paper2D/Content/DummySprite.uasset" 359
"../../Plugins/2D/Paper2D/Content/DefaultPaperTerrainMaterial.uasset" 360
"../../Plugins/2D/Paper2D/Content/DummySpriteTexture.uasset" 361
"../../Plugins/2D/Paper2D/Content/DefaultSpriteMaterial.uasset" 362
"../../Plugins/2D/Paper2D/Content/MaskedUnlitSpriteMaterial.uasset" 363
"../../Plugins/2D/Paper2D/Content/OpaqueUnlitSpriteMaterial.uasset" 364
"../../Plugins/Runtime/Oculus/OculusVR/Content/OculusMR_RenderTarget.uasset" 365
"../../../Engine/Content/Functions/Engine_MaterialFunctions02/Utility/BreakOutFloat4Components.uasset" 366
"../../../Engine/Content/Functions/Engine_MaterialFunctions02/Utility/MakeFloat2.uasset" 367
"../../../Engine/Content/Functions/Engine_MaterialFunctions02/Utility/MakeFloat3.uasset" 368
"../../Plugins/Runtime/Oculus/OculusVR/Content/Materials/OculusMR_ChromaKey.uasset" 369
"../../Plugins/Runtime/Oculus/OculusVR/Content/Materials/OculusMR_ChromaKey_Lit.uasset" 370
"../../Plugins/Runtime/Oculus/OculusVR/Content/Materials/OculusMR_OpaqueColoredMaterial.uasset" 371
"../../Plugins/Runtime/Oculus/OculusVR/Content/Materials/OculusMR_WhiteMaterial.uasset" 372
"../../Plugins/Runtime/Oculus/OculusVR/Content/Materials/PokeAHoleMaterial.uasset" 373
"../../Plugins/Runtime/Oculus/OculusVR/Content/Textures/GearVRController_AO.uasset" 374
"../../Plugins/Runtime/Oculus/OculusVR/Content/Textures/GearVRController_Color.uasset" 375
"../../Plugins/Runtime/Oculus/OculusVR/Content/Textures/GearVRController_Normal.uasset" 376
"../../Plugins/Runtime/Oculus/OculusVR/Content/Materials/GearVRControllerMaterial.uasset" 377
"../../Plugins/Runtime/Oculus/OculusVR/Content/Meshes/GearVrController.uasset" 378
"../../Plugins/Runtime/Oculus/OculusVR/Content/Textures/touchController_albedo.uasset" 379
"../../Plugins/Runtime/Oculus/OculusVR/Content/Textures/touchController_controlmap.uasset" 380
"../../Plugins/Runtime/Oculus/OculusVR/Content/Materials/touchController_mat.uasset" 381
"../../Plugins/Runtime/Oculus/OculusVR/Content/Meshes/LeftTouchController.uasset" 382
"../../Plugins/Runtime/Oculus/OculusVR/Content/Meshes/RiftHMD.uasset" 383
"../../Plugins/Runtime/Oculus/OculusVR/Content/Meshes/RightTouchController.uasset" 384
"../../../../../../Users/Lee/Documents/GitHub/Group-19-Collab/Group19UnrealProject/Content/AnimStarterPack/Crouch_Idle_Rifle_Hip.uasset" 385
"../../../../../../Users/Lee/Documents/GitHub/Group-19-Collab/Group19UnrealProject/Content/AnimStarterPack/Crouch_Idle_Rifle_Ironsights.uasset" 386
"../../../../../../Users/Lee/Documents/GitHub/Group-19-Collab/Group19UnrealProject/Content/AnimStarterPack/Crouch_Walk_Fwd_Rifle_Ironsights.uasset" 387
"../../../../../../Users/Lee/Documents/GitHub/Group-19-Collab/Group19UnrealProject/Content/AnimStarterPack/Equip_Pistol_Standing.uasset" 388
"../../../../../../Users/Lee/Documents/GitHub/Group-19-Collab/Group19UnrealProject/Content/AnimStarterPack/Fire_Rifle_Ironsights.uasset" 389
"../../../../../../Users/Lee/Documents/GitHub/Group-19-Collab/Group19UnrealProject/Content/AnimStarterPack/Hit_React_1.uasset" 390
"../../../../../../Users/Lee/Documents/GitHub/Group-19-Collab/Group19UnrealProject/Content/AnimStarterPack/Hit_React_2.uasset" 391
"../../../../../../Users/Lee/Documents/GitHub/Group-19-Collab/Group19UnrealProject/Content/AnimStarterPack/Hit_React_3.uasset" 392
"../../../../../../Users/Lee/Documents/GitHub/Group-19-Collab/Group19UnrealProject/Content/AnimStarterPack/Idle_Rifle_Hip_Break1.uasset" 393
"../../../../../../Users/Lee/Documents/GitHub/Group-19-Collab/Group19UnrealProject/Content/AnimStarterPack/Idle_Rifle_Hip_Break2.uasset" 394
"../../../../../../Users/Lee/Documents/GitHub/Group-19-Collab/Group19UnrealProject/Content/AnimStarterPack/Reload_Rifle_Hip.uasset" 395
"../../../../../../Users/Lee/Documents/GitHub/Group-19-Collab/Group19UnrealProject/Content/AnimStarterPack/Walk_Fwd_Rifle_Ironsights.uasset" 396
"../../../Engine/Content/EngineSky/C_Sky_Cloud_Color.uasset" 397
"../../../Engine/Content/EngineSky/C_Sky_Horizon_Color.uasset" 398
"../../../Engine/Content/EngineSky/C_Sky_Zenith_Color.uasset" 399
"../../../Engine/Content/EngineSky/T_Sky_Blue.uasset" 400
"../../../Engine/Content/EngineSky/T_Sky_Clouds_M.uasset" 401
"../../../Engine/Content/EngineSky/T_Sky_Stars.uasset" 402
"../../../Engine/Content/EngineSky/M_Sky_Panning_Clouds2.uasset" 403
"../../../Engine/Content/EngineSky/SM_SkySphere.uasset" 404
"../../../Engine/Content/EngineSky/BP_Sky_Sphere.uasset" 405
"../../../Engine/Content/TemplateResources/M_Template_Master.uasset" 406
"../../../Engine/Content/TemplateResources/MI_Template_BaseGray_03_Metal.uasset" 407
"../../../Engine/Content/Functions/MaterialLayerFunctions/MatLayerBlend_AO.uasset" 408
"../../../../../../Users/Lee/Documents/GitHub/Group-19-Collab/Group19UnrealProject/Content/AnimStarterPack/UE4_Mannequin/Materials/MaterialLayers/T_ML_Rubber_Blue_01_D.uasset" 409
"../../../../../../Users/Lee/Documents/GitHub/Group-19-Collab/Group19UnrealProject/Content/AnimStarterPack/UE4_Mannequin/Materials/MaterialLayers/T_ML_Rubber_Blue_01_N.uasset" 410
"../../../../../../Users/Lee/Documents/GitHub/Group-19-Collab/Group19UnrealProject/Content/AnimStarterPack/UE4_Mannequin/Materials/MaterialLayers/ML_GlossyBlack_Latex_UE4.uasset" 411
"../../../../../../Users/Lee/Documents/GitHub/Group-19-Collab/Group19UnrealProject/Content/AnimStarterPack/UE4_Mannequin/Materials/MaterialLayers/ML_Plastic_Shiny_Beige.uasset" 412
"../../../../../../Users/Lee/Documents/GitHub/Group-19-Collab/Group19UnrealProject/Content/AnimStarterPack/UE4_Mannequin/Textures/UE4_LOGO_CARD.uasset" 413
"../../../../../../Users/Lee/Documents/GitHub/Group-19-Collab/Group19UnrealProject/Content/AnimStarterPack/UE4_Mannequin/Materials/MaterialLayers/ML_Plastic_Shiny_Beige_LOGO.uasset" 414
"../../../../../../Users/Lee/Documents/GitHub/Group-19-Collab/Group19UnrealProject/Content/AnimStarterPack/UE4_Mannequin/Materials/MaterialLayers/T_ML_Aluminum01.uasset" 415
"../../../../../../Users/Lee/Documents/GitHub/Group-19-Collab/Group19UnrealProject/Content/AnimStarterPack/UE4_Mannequin/Materials/MaterialLayers/T_ML_Aluminum01_N.uasset" 416
"../../../../../../Users/Lee/Documents/GitHub/Group-19-Collab/Group19UnrealProject/Content/AnimStarterPack/UE4_Mannequin/Materials/MaterialLayers/ML_SoftMetal_UE4.uasset" 417
"../../../../../../Users/Lee/Documents/GitHub/Group-19-Collab/Group19UnrealProject/Content/AnimStarterPack/UE4_Mannequin/Textures/UE4_Mannequin__normals.uasset" 418
"../../../../../../Users/Lee/Documents/GitHub/Group-19-Collab/Group19UnrealProject/Content/AnimStarterPack/UE4_Mannequin/Textures/UE4_Mannequin_MAT_MASKA.uasset" 419
"../../../../../../Users/Lee/Documents/GitHub/Group-19-Collab/Group19UnrealProject/Content/AnimStarterPack/UE4_Mannequin/Textures/UE4_Mannequin_occlusion_Mobile.uasset" 420
"../../../../../../Users/Lee/Documents/GitHub/Group-19-Collab/Group19UnrealProject/Content/AnimStarterPack/UE4_Mannequin/Materials/M_UE4Man_Body.uasset" 421
"../../../../../../Users/Lee/Documents/GitHub/Group-19-Collab/Group19UnrealProject/Content/AnimStarterPack/UE4_Mannequin/Textures/UE4Man_Logo_N.uasset" 422
"../../../../../../Users/Lee/Documents/GitHub/Group-19-Collab/Group19UnrealProject/Content/AnimStarterPack/UE4_Mannequin/Materials/M_UE4Man_ChestLogo.uasset" 423
"../../../../../../Users/Lee/Documents/GitHub/Group-19-Collab/Group19UnrealProject/Content/AnimStarterPack/UE4_Mannequin/Mesh/SK_Mannequin_PhysicsAsset.uasset" 424
"../../../../../../Users/Lee/Documents/GitHub/Group-19-Collab/Group19UnrealProject/Content/AnimStarterPack/UE4_Mannequin/Mesh/SK_Mannequin.uasset" 425
"../../../../../../Users/Lee/Documents/GitHub/Group-19-Collab/Group19UnrealProject/Content/AnimStarterPack/Showcase.umap" 426
"../../../../../../Users/Lee/Documents/GitHub/Group-19-Collab/Group19UnrealProject/Content/AI/GuardNPC/ChaseStatus.uasset" 427
"../../../../../../Users/Lee/Documents/GitHub/Group-19-Collab/Group19UnrealProject/Content/AI/GuardNPC/Guard_BB.uasset" 428
"../../../../../../Users/Lee/Documents/GitHub/Group-19-Collab/Group19UnrealProject/Content/AI/GuardNPC/ChangeNPCSpeed.uasset" 429
"../../../../../../Users/Lee/Documents/GitHub/Group-19-Collab/Group19UnrealProject/Content/AI/GuardNPC/ChangeStatus.uasset" 430
"../../../../../../Users/Lee/Documents/GitHub/Group-19-Collab/Group19UnrealProject/Content/AI/GuardNPC/ChasePlayer.uasset" 431
"../../../../../../Users/Lee/Documents/GitHub/Group-19-Collab/Group19UnrealProject/Content/AI/GuardNPC/DecrimentPathIndex.uasset" 432
"../../../../../../Users/Lee/Documents/GitHub/Group-19-Collab/Group19UnrealProject/Content/AI/GuardNPC/PatrolPath.uasset" 433
"../../../../../../Users/Lee/Documents/GitHub/Group-19-Collab/Group19UnrealProject/Content/AI/GuardNPC/FindPathPoint.uasset" 434
"../../../../../../Users/Lee/Documents/GitHub/Group-19-Collab/Group19UnrealProject/Content/AI/GuardNPC/FindPlayerLocation.uasset" 435
"../../../../../../Users/Lee/Documents/GitHub/Group-19-Collab/Group19UnrealProject/Content/AI/GuardNPC/FindRandomLocation.uasset" 436
"../../../../../../Users/Lee/Documents/GitHub/Group-19-Collab/Group19UnrealProject/Content/AI/GuardNPC/IncrimentPathIndex.uasset" 437
"../../../../../../Users/Lee/Documents/GitHub/Group-19-Collab/Group19UnrealProject/Content/AI/GuardNPC/LoopPath.uasset" 438
"../../../../../../Users/Lee/Documents/GitHub/Group-19-Collab/Group19UnrealProject/Content/AI/GuardNPC/Guard_BT.uasset" 439
"../../../../../../Users/Lee/Documents/GitHub/Group-19-Collab/Group19UnrealProject/Content/Character/CharacterMutation/AttackMutations/AttackMutationBase_Bp.uasset" 440
"../../../Engine/Content/BasicShapes/BasicShapeMaterial.uasset" 441
"../../../Engine/Content/BasicShapes/Sphere.uasset" 442
"../../../../../../Users/Lee/Documents/GitHub/Group-19-Collab/Group19UnrealProject/Content/Character/CharacterMutation/AttackMutations/RngAtkProjectile_BP.uasset" 443
"../../../../../../Users/Lee/Documents/GitHub/Group-19-Collab/Group19UnrealProject/Content/Character/CharacterMutation/MutationInterface.uasset" 444
"../../../../../../Users/Lee/Documents/GitHub/Group-19-Collab/Group19UnrealProject/Content/Character/CharacterMutation/AttackMutations/RangedAttackMutation_BP.uasset" 445
"../../../../../../Users/Lee/Documents/GitHub/Group-19-Collab/Group19UnrealProject/Content/Character/CharacterMutation/ExtraMutation/ExtraMutationBase.uasset" 446
"../../../../../../Users/Lee/Documents/GitHub/Group-19-Collab/Group19UnrealProject/Content/Character/CharacterMutation/ExtraMutation/RegenerationMutation.uasset" 447
"../../../../../../Users/Lee/Documents/GitHub/Group-19-Collab/Group19UnrealProject/Content/Character/CharacterMutation/MovementMutation/MovementMutationBase.uasset" 448
"../../../../../../Users/Lee/Documents/GitHub/Group-19-Collab/Group19UnrealProject/Content/Character/CharacterMutation/MovementMutation/TeleportMutation.uasset" 449
"../../../../../../Users/Lee/Documents/GitHub/Group-19-Collab/Group19UnrealProject/Content/Character/PlayerCharacter_BP.uasset" 450
"../../../../../../Users/Lee/Documents/GitHub/Group-19-Collab/Group19UnrealProject/Content/AI/GuardNPC/GuardNPC_AI.uasset" 451
"../../../../../../Users/Lee/Documents/GitHub/Group-19-Collab/Group19UnrealProject/Content/AI/GuardNPC/TestProjectile.uasset" 452
"../../../../../../Users/Lee/Documents/GitHub/Group-19-Collab/Group19UnrealProject/Content/AI/GuardNPC/GuardNPC.uasset" 453
"../../../../../../Users/Lee/Documents/GitHub/Group-19-Collab/Group19UnrealProject/Content/Art/RoomAssets/HydroponicsLab/LargePlantDesk/LargePlantDesk.uasset" 454
"../../../../../../Users/Lee/Documents/GitHub/Group-19-Collab/Group19UnrealProject/Content/Art/RoomAssets/HydroponicsLab/Plants/plant_1.uasset" 455
"../../../../../../Users/Lee/Documents/GitHub/Group-19-Collab/Group19UnrealProject/Content/Art/RoomAssets/M_Foilage2.uasset" 456
"../../../../../../Users/Lee/Documents/GitHub/Group-19-Collab/Group19UnrealProject/Content/Art/RoomAssets/HydroponicsLab/Plants/plant_2.uasset" 457
"../../../../../../Users/Lee/Documents/GitHub/Group-19-Collab/Group19UnrealProject/Content/Art/RoomAssets/HydroponicsLab/Plants/plant_3.uasset" 458
"../../../../../../Users/Lee/Documents/GitHub/Group-19-Collab/Group19UnrealProject/Content/Art/RoomAssets/HydroponicsLab/LargePlantDesk/Asset_LargePLantDesk.uasset" 459
"../../../../../../Users/Lee/Documents/GitHub/Group-19-Collab/Group19UnrealProject/Content/Art/RoomAssets/HydroponicsLab/SmallPlantDesk/SmallPlantDesk.uasset" 460
"../../../../../../Users/Lee/Documents/GitHub/Group-19-Collab/Group19UnrealProject/Content/Art/RoomAssets/HydroponicsLab/SmallPlantDesk/Asset_SmallPlantDesk.uasset" 461
"../../../../../../Users/Lee/Documents/GitHub/Group-19-Collab/Group19UnrealProject/Content/Art/RoomAssets/StarterRoom/CableSpline/Cable_Spline.uasset" 462
"../../../../../../Users/Lee/Documents/GitHub/Group-19-Collab/Group19UnrealProject/Content/Art/RoomAssets/StarterRoom/CableSpline/Asset_CableSpline.uasset" 463
"../../../../../../Users/Lee/Documents/GitHub/Group-19-Collab/Group19UnrealProject/Content/Art/RoomAssets/StarterRoom/CableSpline/Vine_Spline.uasset" 464
"../../../../../../Users/Lee/Documents/GitHub/Group-19-Collab/Group19UnrealProject/Content/Art/RoomAssets/StarterRoom/CableSpline/Asset_VineSpline.uasset" 465
"../../../../../../Users/Lee/Documents/GitHub/Group-19-Collab/Group19UnrealProject/Content/Art/RoomAssets/AssetMaterials/Colours/M_Accent.uasset" 466
"../../../../../../Users/Lee/Documents/GitHub/Group-19-Collab/Group19UnrealProject/Content/Art/RoomAssets/StarterRoom/Door/Door_Box001.uasset" 467
"../../../../../../Users/Lee/Documents/GitHub/Group-19-Collab/Group19UnrealProject/Content/Art/RoomAssets/StarterRoom/Door/Door_Box003.uasset" 468
"../../../../../../Users/Lee/Documents/GitHub/Group-19-Collab/Group19UnrealProject/Content/Art/RoomAssets/StarterRoom/Door/Door_Object001.uasset" 469
"../../../../../../Users/Lee/Documents/GitHub/Group-19-Collab/Group19UnrealProject/Content/Art/RoomAssets/StarterRoom/Door/Door_Object003.uasset" 470
"../../../../../../Users/Lee/Documents/GitHub/Group-19-Collab/Group19UnrealProject/Content/Art/RoomAssets/StarterRoom/Door/Door_Object004.uasset" 471
"../../../../../../Users/Lee/Documents/GitHub/Group-19-Collab/Group19UnrealProject/Content/Art/RoomAssets/StarterRoom/Door/Asset_Door.uasset" 472
"../../../../../../Users/Lee/Documents/GitHub/Group-19-Collab/Group19UnrealProject/Content/Character/PlayerCharacterController_PC.uasset" 473
"../../../../../../Users/Lee/Documents/GitHub/Group-19-Collab/Group19UnrealProject/Content/GameMode/CollabGameMode.uasset" 474
"../../../Engine/Content/Functions/Engine_MaterialFunctions02/Math/AddComponents.uasset" 475
"../../../../../../Users/Lee/Documents/GitHub/Group-19-Collab/Group19UnrealProject/Content/Art/ToonShader/M_ToonShader.uasset" 476
"../../../../../../Users/Lee/Documents/GitHub/Group-19-Collab/Group19UnrealProject/Content/Art/ToonShader/M_ToonShader_Inst.uasset" 477
"../../../../../../Users/Lee/Documents/GitHub/Group-19-Collab/Group19UnrealProject/Content/Art/RoomAssets/HydroponicsLab/MainTubeCylinder/Main_Tube_Container_extra.uasset" 478
"../../../../../../Users/Lee/Documents/GitHub/Group-19-Collab/Group19UnrealProject/Content/Art/RoomAssets/AssetMaterials/Colours/M_Emissive_Green.uasset" 479
"../../../../../../Users/Lee/Documents/GitHub/Group-19-Collab/Group19UnrealProject/Content/Art/RoomAssets/HydroponicsLab/MediumPlantDesk/medium_plant_desk.uasset" 480
"../../../../../../Users/Lee/Documents/GitHub/Group-19-Collab/Group19UnrealProject/Content/Art/RoomAssets/AssetMaterials/Colours/M_Cannisters.uasset" 481
"../../../../../../Users/Lee/Documents/GitHub/Group-19-Collab/Group19UnrealProject/Content/Art/RoomAssets/HydroponicsLab/PlantWall/plant_tray_wall__bottom_one_pulled_out_.uasset" 482
"../../../../../../Users/Lee/Documents/GitHub/Group-19-Collab/Group19UnrealProject/Content/Art/RoomAssets/HydroponicsLab/PlantWall/plant_tray_wall__top_one_pulled_out_.uasset" 483
"../../../../../../Users/Lee/Documents/GitHub/Group-19-Collab/Group19UnrealProject/Content/Art/RoomAssets/HydroponicsLab/PlantWall/wall_piece_1.uasset" 484
"../../../../../../Users/Lee/Documents/GitHub/Group-19-Collab/Group19UnrealProject/Content/Art/RoomAssets/HydroponicsLab/WallPlantTube/Wall_plant_Fin_Chamber.uasset" 485
"../../../../../../Users/Lee/Documents/GitHub/Group-19-Collab/Group19UnrealProject/Content/Art/RoomAssets/StarterRoom/Bin/CylinderBin.uasset" 486
"../../../../../../Users/Lee/Documents/GitHub/Group-19-Collab/Group19UnrealProject/Content/Art/RoomAssets/StarterRoom/Cables/Cables_Low.uasset" 487
"../../../../../../Users/Lee/Documents/GitHub/Group-19-Collab/Group19UnrealProject/Content/Art/RoomAssets/StarterRoom/Canisters/BigCannister.uasset" 488
"../../../../../../Users/Lee/Documents/GitHub/Group-19-Collab/Group19UnrealProject/Content/Art/RoomAssets/StarterRoom/Canisters/SmallCannister.uasset" 489
"../../../../../../Users/Lee/Documents/GitHub/Group-19-Collab/Group19UnrealProject/Content/Art/RoomAssets/StarterRoom/Chair/Chair.uasset" 490
"../../../../../../Users/Lee/Documents/GitHub/Group-19-Collab/Group19UnrealProject/Content/Art/RoomAssets/StarterRoom/ControlPanel/MainPC_Low.uasset" 491
"../../../../../../Users/Lee/Documents/GitHub/Group-19-Collab/Group19UnrealProject/Content/Art/RoomAssets/AssetMaterials/Colours/M_Red.uasset" 492
"../../../../../../Users/Lee/Documents/GitHub/Group-19-Collab/Group19UnrealProject/Content/Art/RoomAssets/StarterRoom/Crates/Large_Crate.uasset" 493
"../../../../../../Users/Lee/Documents/GitHub/Group-19-Collab/Group19UnrealProject/Content/Art/RoomAssets/StarterRoom/Crates/Medium_Crate.uasset" 494
"../../../../../../Users/Lee/Documents/GitHub/Group-19-Collab/Group19UnrealProject/Content/Art/RoomAssets/StarterRoom/Crates/Small_Crate.uasset" 495
"../../../../../../Users/Lee/Documents/GitHub/Group-19-Collab/Group19UnrealProject/Content/Art/RoomAssets/StarterRoom/FireExtinguisher/fire_extinguisher__2_.uasset" 496
"../../../../../../Users/Lee/Documents/GitHub/Group-19-Collab/Group19UnrealProject/Content/Art/RoomAssets/StarterRoom/Floors/1_pannel_floor__1_.uasset" 497
"../../../../../../Users/Lee/Documents/GitHub/Group-19-Collab/Group19UnrealProject/Content/Art/RoomAssets/StarterRoom/Floors/square_floor_2x2.uasset" 498
"../../../../../../Users/Lee/Documents/GitHub/Group-19-Collab/Group19UnrealProject/Content/Art/RoomAssets/StarterRoom/HealthBox/HealthBox.uasset" 499
"../../../../../../Users/Lee/Documents/GitHub/Group-19-Collab/Group19UnrealProject/Content/Art/RoomAssets/StarterRoom/MainDesk/MainDesk1.uasset" 500
"../../../../../../Users/Lee/Documents/GitHub/Group-19-Collab/Group19UnrealProject/Content/Art/RoomAssets/StarterRoom/MainDesk/MainDesk2.uasset" 501
"../../../../../../Users/Lee/Documents/GitHub/Group-19-Collab/Group19UnrealProject/Content/Art/RoomAssets/StarterRoom/Microscope/micro_scope.uasset" 502
"../../../../../../Users/Lee/Documents/GitHub/Group-19-Collab/Group19UnrealProject/Content/Art/RoomAssets/StarterRoom/Mug/Mug.uasset" 503
"../../../../../../Users/Lee/Documents/GitHub/Group-19-Collab/Group19UnrealProject/Content/Art/RoomAssets/StarterRoom/Pipes/DoublePipe_Low.uasset" 504
"../../../../../../Users/Lee/Documents/GitHub/Group-19-Collab/Group19UnrealProject/Content/Art/RoomAssets/StarterRoom/Pipes/DoublePipeEnd_Low.uasset" 505
"../../../../../../Users/Lee/Documents/GitHub/Group-19-Collab/Group19UnrealProject/Content/Art/RoomAssets/StarterRoom/Pipes/PipeMixed_Low.uasset" 506
"../../../../../../Users/Lee/Documents/GitHub/Group-19-Collab/Group19UnrealProject/Content/Art/RoomAssets/StarterRoom/Sci-FiScreen/Sci_fi_Screen.uasset" 507
"../../../../../../Users/Lee/Documents/GitHub/Group-19-Collab/Group19UnrealProject/Content/Art/RoomAssets/AssetMaterials/Colours/M_Blue.uasset" 508
"../../../../../../Users/Lee/Documents/GitHub/Group-19-Collab/Group19UnrealProject/Content/Art/RoomAssets/StarterRoom/Stationary/BookVar2_LP.uasset" 509
"../../../../../../Users/Lee/Documents/GitHub/Group-19-Collab/Group19UnrealProject/Content/Art/RoomAssets/AssetMaterials/Colours/M_Yellow.uasset" 510
"../../../../../../Users/Lee/Documents/GitHub/Group-19-Collab/Group19UnrealProject/Content/Art/RoomAssets/StarterRoom/Stationary/Pencil_LP.uasset" 511
"../../../../../../Users/Lee/Documents/GitHub/Group-19-Collab/Group19UnrealProject/Content/Art/RoomAssets/StarterRoom/Stationary/Rubber_LP.uasset" 512
"../../../../../../Users/Lee/Documents/GitHub/Group-19-Collab/Group19UnrealProject/Content/Art/RoomAssets/StarterRoom/Stationary/RulerBig_LP.uasset" 513
"../../../../../../Users/Lee/Documents/GitHub/Group-19-Collab/Group19UnrealProject/Content/Art/RoomAssets/StarterRoom/TableAssets/touchpad.uasset" 514
"../../../../../../Users/Lee/Documents/GitHub/Group-19-Collab/Group19UnrealProject/Content/Art/RoomAssets/StarterRoom/Wall/Wall1M_Low.uasset" 515
"../../../../../../Users/Lee/Documents/GitHub/Group-19-Collab/Group19UnrealProject/Content/Art/RoomAssets/StarterRoom/Wall/Wall2M_Low.uasset" 516
"../../../../../../Users/Lee/Documents/GitHub/Group-19-Collab/Group19UnrealProject/Content/Art/RoomAssets/StarterRoom/Wall/Wall4M_Low.uasset" 517
"../../../../../../Users/Lee/Documents/GitHub/Group-19-Collab/Group19UnrealProject/Content/Art/RoomAssets/StarterRoom/Wall/WallCornerCube__2_.uasset" 518
"../../../../../../Users/Lee/Documents/GitHub/Group-19-Collab/Group19UnrealProject/Content/Art/RoomAssets/StarterRoom/Wall/WallCornerCyl__2_.uasset" 519
"../../../../../../Users/Lee/Documents/GitHub/Group-19-Collab/Group19UnrealProject/Content/Demo2805.uasset" 520
"../../../../../../Users/Lee/Documents/GitHub/Group-19-Collab/Group19UnrealProject/Content/Art/Rooms/HydroponicsRoom/HydroponicsRoom.umap" 521
"../../../../../../Users/Lee/Documents/GitHub/Group-19-Collab/Group19UnrealProject/Content/Art/RoomAssets/StarterRoom/ControlPanel/SidePC_Low.uasset" 522
"../../../../../../Users/Lee/Documents/GitHub/Group-19-Collab/Group19UnrealProject/Content/Art/RoomAssets/StarterRoom/ControlPanel/Asset_ControlPanel.uasset" 523
"../../../../../../Users/Lee/Documents/GitHub/Group-19-Collab/Group19UnrealProject/Content/Art/RoomAssets/StarterRoom/Light/Light_pCube2.uasset" 524
"../../../../../../Users/Lee/Documents/GitHub/Group-19-Collab/Group19UnrealProject/Content/Art/RoomAssets/StarterRoom/Light/Light_pCylinder4.uasset" 525
"../../../../../../Users/Lee/Documents/GitHub/Group-19-Collab/Group19UnrealProject/Content/Art/RoomAssets/StarterRoom/Light/Asset_Light.uasset" 526
"../../../../../../Users/Lee/Documents/GitHub/Group-19-Collab/Group19UnrealProject/Content/Art/RoomAssets/StarterRoom/MainDesk/MainDesk3.uasset" 527
"../../../../../../Users/Lee/Documents/GitHub/Group-19-Collab/Group19UnrealProject/Content/Art/RoomAssets/StarterRoom/MainDesk/Asset_MainDesk.uasset" 528
"../../../../../../Users/Lee/Documents/GitHub/Group-19-Collab/Group19UnrealProject/Content/Art/RoomAssets/AssetMaterials/Colours/M_WallGrey.uasset" 529
"../../../../../../Users/Lee/Documents/GitHub/Group-19-Collab/Group19UnrealProject/Content/Art/RoomAssets/StarterRoom/Chamber/Chamber_Fin.uasset" 530
"../../../../../../Users/Lee/Documents/GitHub/Group-19-Collab/Group19UnrealProject/Content/Art/RoomAssets/StarterRoom/ComputerMonitor/Monitor.uasset" 531
"../../../../../../Users/Lee/Documents/GitHub/Group-19-Collab/Group19UnrealProject/Content/Art/RoomAssets/StarterRoom/CryoChamber/CyroChamber.uasset" 532
"../../../../../../Users/Lee/Documents/GitHub/Group-19-Collab/Group19UnrealProject/Content/Art/RoomAssets/StarterRoom/HologramProjector/Projector.uasset" 533
"../../../../../../Users/Lee/Documents/GitHub/Group-19-Collab/Group19UnrealProject/Content/Art/RoomAssets/StarterRoom/HologramTable/DNA.uasset" 534
"../../../../../../Users/Lee/Documents/GitHub/Group-19-Collab/Group19UnrealProject/Content/Art/RoomAssets/StarterRoom/HologramTable/HolographTable.uasset" 535
"../../../../../../Users/Lee/Documents/GitHub/Group-19-Collab/Group19UnrealProject/Content/Art/RoomAssets/AssetMaterials/Colours/M_Gold.uasset" 536
"../../../../../../Users/Lee/Documents/GitHub/Group-19-Collab/Group19UnrealProject/Content/Art/RoomAssets/StarterRoom/KeyCard/Keycard.uasset" 537
"../../../../../../Users/Lee/Documents/GitHub/Group-19-Collab/Group19UnrealProject/Content/Art/RoomAssets/StarterRoom/KeyPad/Keypad.uasset" 538
"../../../../../../Users/Lee/Documents/GitHub/Group-19-Collab/Group19UnrealProject/Content/Art/RoomAssets/StarterRoom/Operation_Table/Operation_Table.uasset" 539
"../../../../../../Users/Lee/Documents/GitHub/Group-19-Collab/Group19UnrealProject/Content/Art/RoomAssets/StarterRoom/Stationary/Pen_LP.uasset" 540
"../../../../../../Users/Lee/Documents/GitHub/Group-19-Collab/Group19UnrealProject/Content/Art/RoomAssets/StarterRoom/Stationary/Pot_LP.uasset" 541
"../../../../../../Users/Lee/Documents/GitHub/Group-19-Collab/Group19UnrealProject/Content/Art/RoomAssets/StarterRoom/Stationary/RulerSmall_LP.uasset" 542
"../../../../../../Users/Lee/Documents/GitHub/Group-19-Collab/Group19UnrealProject/Content/Art/RoomAssets/StarterRoom/TableAssets/bigredbutton.uasset" 543
"../../../../../../Users/Lee/Documents/GitHub/Group-19-Collab/Group19UnrealProject/Content/Art/RoomAssets/AssetMaterials/Colours/M_Green.uasset" 544
"../../../../../../Users/Lee/Documents/GitHub/Group-19-Collab/Group19UnrealProject/Content/Art/RoomAssets/StarterRoom/TableAssets/Colouredsquarepad.uasset" 545
"../../../../../../Users/Lee/Documents/GitHub/Group-19-Collab/Group19UnrealProject/Content/Art/RoomAssets/StarterRoom/TableAssets/whitesquarepad.uasset" 546
"../../../../../../Users/Lee/Documents/GitHub/Group-19-Collab/Group19UnrealProject/Content/Art/RoomAssets/StarterRoom/Tables/Chungy_Desk.uasset" 547
"../../../../../../Users/Lee/Documents/GitHub/Group-19-Collab/Group19UnrealProject/Content/Art/RoomAssets/StarterRoom/Tables/table.uasset" 548
"../../../../../../Users/Lee/Documents/GitHub/Group-19-Collab/Group19UnrealProject/Content/Art/RoomAssets/StarterRoom/TestPod/PodTable_LP.uasset" 549
"../../../../../../Users/Lee/Documents/GitHub/Group-19-Collab/Group19UnrealProject/Content/Art/ScaleRef/Scale_Reference.uasset" 550
"../../../../../../Users/Lee/Documents/GitHub/Group-19-Collab/Group19UnrealProject/Content/Art/Rooms/StarterRoom/StarterRoom.umap" 551
"../../../../../../Users/Lee/Documents/GitHub/Group-19-Collab/Group19UnrealProject/Content/StarterContent/Blueprints/Assets/FogBrightnessLUT.uasset" 552
"../../../../../../Users/Lee/Documents/GitHub/Group-19-Collab/Group19UnrealProject/Content/StarterContent/Blueprints/Assets/SunlightColorLUT.uasset" 553
"../../../../../../Users/Lee/Documents/GitHub/Group-19-Collab/Group19UnrealProject/Content/StarterContent/Blueprints/Assets/M_LightStage_Arrows.uasset" 554
"../../../Engine/Content/MapTemplates/Sky/DaylightAmbientCubemap.uasset" 555
"../../../../../../Users/Lee/Documents/GitHub/Group-19-Collab/Group19UnrealProject/Content/StarterContent/Blueprints/Assets/M_LightStage_Skybox_Master.uasset" 556
"../../../../../../Users/Lee/Documents/GitHub/Group-19-Collab/Group19UnrealProject/Content/StarterContent/Blueprints/Assets/M_LightStage_Skybox_Black.uasset" 557
"../../../../../../Users/Lee/Documents/GitHub/Group-19-Collab/Group19UnrealProject/Content/StarterContent/Blueprints/Assets/M_LightStage_Skybox_HDRI.uasset" 558
"../../../Engine/Content/EditorMaterials/Thumbnails/SkySphereMaterial.uasset" 559
"../../../../../../Users/Lee/Documents/GitHub/Group-19-Collab/Group19UnrealProject/Content/StarterContent/Blueprints/Assets/Skybox.uasset" 560
"../../../../../../Users/Lee/Documents/GitHub/Group-19-Collab/Group19UnrealProject/Content/StarterContent/Blueprints/Assets/SM_Arrows.uasset" 561
"../../../../../../Users/Lee/Documents/GitHub/Group-19-Collab/Group19UnrealProject/Content/StarterContent/HDRI/HDRI_Epic_Courtyard_Daylight.uasset" 562
"../../../../../../Users/Lee/Documents/GitHub/Group-19-Collab/Group19UnrealProject/Content/StarterContent/Blueprints/BP_LightStudio.uasset" 563
"../../../../../../Users/Lee/Documents/GitHub/Group-19-Collab/Group19UnrealProject/Content/StarterContent/Maps/Advanced_Lighting_BuiltData.uasset" 564
"../../../../../../Users/Lee/Documents/GitHub/Group-19-Collab/Group19UnrealProject/Content/StarterContent/Materials/M_AssetPlatform.uasset" 565
"../../../Engine/Content/EditorMeshes/ColorCalibrator/M_ChromeBall.uasset" 566
"../../../Engine/Content/EditorMeshes/ColorCalibrator/M_ClearCoat.uasset" 567
"../../../Engine/Content/EditorMeshes/ColorCalibrator/M_ClearCoatBlack.uasset" 568
"../../../Engine/Content/EditorMeshes/ColorCalibrator/Color_checker.uasset" 569
"../../../Engine/Content/EditorMeshes/ColorCalibrator/M_ColorGrid.uasset" 570
"../../../Engine/Content/EditorMeshes/ColorCalibrator/M_GreyBall.uasset" 571
"../../../Engine/Content/EditorMeshes/ColorCalibrator/SM_ColorCalibrator.uasset" 572
"../../../../../../Users/Lee/Documents/GitHub/Group-19-Collab/Group19UnrealProject/Content/StarterContent/Architecture/SM_AssetPlatform.uasset" 573
"../../../../../../Users/Lee/Documents/GitHub/Group-19-Collab/Group19UnrealProject/Content/StarterContent/Maps/Advanced_Lighting.umap" 574
"../../../../../../Users/Lee/Documents/GitHub/Group-19-Collab/Group19UnrealProject/Content/StarterContent/Maps/Minimal_Default_BuiltData.uasset" 575
"../../../../../../Users/Lee/Documents/GitHub/Group-19-Collab/Group19UnrealProject/Content/StarterContent/Textures/T_MacroVariation.uasset" 576
"../../../../../../Users/Lee/Documents/GitHub/Group-19-Collab/Group19UnrealProject/Content/StarterContent/Materials/M_Metal_Brushed_Nickel.uasset" 577
"../../../../../../Users/Lee/Documents/GitHub/Group-19-Collab/Group19UnrealProject/Content/StarterContent/Textures/T_Metal_Aluminum_D.uasset" 578
"../../../../../../Users/Lee/Documents/GitHub/Group-19-Collab/Group19UnrealProject/Content/StarterContent/Textures/T_Metal_Gold_N.uasset" 579
"../../../../../../Users/Lee/Documents/GitHub/Group-19-Collab/Group19UnrealProject/Content/StarterContent/Materials/M_Metal_Burnished_Steel.uasset" 580
"../../../../../../Users/Lee/Documents/GitHub/Group-19-Collab/Group19UnrealProject/Content/StarterContent/Textures/T_Metal_Copper_D.uasset" 581
"../../../../../../Users/Lee/Documents/GitHub/Group-19-Collab/Group19UnrealProject/Content/StarterContent/Materials/M_Metal_Copper.uasset" 582
"../../../../../../Users/Lee/Documents/GitHub/Group-19-Collab/Group19UnrealProject/Content/StarterContent/Textures/T_Statue_M.uasset" 583
"../../../../../../Users/Lee/Documents/GitHub/Group-19-Collab/Group19UnrealProject/Content/StarterContent/Textures/T_Statue_N.uasset" 584
"../../../../../../Users/Lee/Documents/GitHub/Group-19-Collab/Group19UnrealProject/Content/StarterContent/Props/Materials/M_StatueGlass.uasset" 585
"../../../../../../Users/Lee/Documents/GitHub/Group-19-Collab/Group19UnrealProject/Content/StarterContent/Architecture/Floor_400x400.uasset" 586
"../../../../../../Users/Lee/Documents/GitHub/Group-19-Collab/Group19UnrealProject/Content/StarterContent/Audio/Starter_Background_Cue.uasset" 587
"../../../../../../Users/Lee/Documents/GitHub/Group-19-Collab/Group19UnrealProject/Content/StarterContent/Props/SM_Chair.uasset" 588
"../../../../../../Users/Lee/Documents/GitHub/Group-19-Collab/Group19UnrealProject/Content/StarterContent/Props/Materials/M_Statue.uasset" 589
"../../../../../../Users/Lee/Documents/GitHub/Group-19-Collab/Group19UnrealProject/Content/StarterContent/Props/SM_Statue.uasset" 590
"../../../../../../Users/Lee/Documents/GitHub/Group-19-Collab/Group19UnrealProject/Content/StarterContent/Textures/T_TableRound_M.uasset" 591
"../../../../../../Users/Lee/Documents/GitHub/Group-19-Collab/Group19UnrealProject/Content/StarterContent/Textures/T_TableRound_N.uasset" 592
"../../../../../../Users/Lee/Documents/GitHub/Group-19-Collab/Group19UnrealProject/Content/StarterContent/Props/Materials/M_TableRound.uasset" 593
"../../../../../../Users/Lee/Documents/GitHub/Group-19-Collab/Group19UnrealProject/Content/StarterContent/Props/SM_TableRound.uasset" 594
"../../../../../../Users/Lee/Documents/GitHub/Group-19-Collab/Group19UnrealProject/Content/StarterContent/Maps/Minimal_Default.umap" 595
"../../../../../../Users/Lee/Documents/GitHub/Group-19-Collab/Group19UnrealProject/Content/StarterContent/Audio/Fire01_Cue.uasset" 596
"../../../../../../Users/Lee/Documents/GitHub/Group-19-Collab/Group19UnrealProject/Content/StarterContent/Textures/T_Fire_SubUV.uasset" 597
"../../../../../../Users/Lee/Documents/GitHub/Group-19-Collab/Group19UnrealProject/Content/StarterContent/Textures/T_Fire_Tiled_D.uasset" 598
"../../../../../../Users/Lee/Documents/GitHub/Group-19-Collab/Group19UnrealProject/Content/StarterContent/Particles/Materials/M_Fire_SubUV.uasset" 599
"../../../../../../Users/Lee/Documents/GitHub/Group-19-Collab/Group19UnrealProject/Content/StarterContent/Textures/T_Water_N.uasset" 600
"../../../../../../Users/Lee/Documents/GitHub/Group-19-Collab/Group19UnrealProject/Content/StarterContent/Particles/Materials/M_Heat_Distortion.uasset" 601
"../../../../../../Users/Lee/Documents/GitHub/Group-19-Collab/Group19UnrealProject/Content/StarterContent/Particles/Materials/M_Radial_Gradient.uasset" 602
"../../../../../../Users/Lee/Documents/GitHub/Group-19-Collab/Group19UnrealProject/Content/StarterContent/Particles/P_Fire.uasset" 603
"../../../../../../Users/Lee/Documents/GitHub/Group-19-Collab/Group19UnrealProject/Content/StarterContent/Blueprints/Blueprint_Effect_Fire.uasset" 604
"../../../../../../Users/Lee/Documents/GitHub/Group-19-Collab/Group19UnrealProject/Content/StarterContent/Audio/Smoke01_Cue.uasset" 605
"../../../../../../Users/Lee/Documents/GitHub/Group-19-Collab/Group19UnrealProject/Content/StarterContent/Particles/P_Smoke.uasset" 606
"../../../../../../Users/Lee/Documents/GitHub/Group-19-Collab/Group19UnrealProject/Content/StarterContent/Blueprints/Blueprint_Effect_Smoke.uasset" 607
"../../../../../../Users/Lee/Documents/GitHub/Group-19-Collab/Group19UnrealProject/Content/StarterContent/Audio/Fire_Sparks01_Cue.uasset" 608
"../../../../../../Users/Lee/Documents/GitHub/Group-19-Collab/Group19UnrealProject/Content/StarterContent/Textures/T_Spark_Core.uasset" 609
"../../../../../../Users/Lee/Documents/GitHub/Group-19-Collab/Group19UnrealProject/Content/StarterContent/Particles/Materials/M_Spark.uasset" 610
"../../../../../../Users/Lee/Documents/GitHub/Group-19-Collab/Group19UnrealProject/Content/StarterContent/Particles/P_Sparks.uasset" 611
"../../../../../../Users/Lee/Documents/GitHub/Group-19-Collab/Group19UnrealProject/Content/StarterContent/Blueprints/Blueprint_Effect_Sparks.uasset" 612
"../../../../../../Users/Lee/Documents/GitHub/Group-19-Collab/Group19UnrealProject/Content/StarterContent/Audio/Steam01_Cue.uasset" 613
"../../../../../../Users/Lee/Documents/GitHub/Group-19-Collab/Group19UnrealProject/Content/StarterContent/Particles/P_Steam_Lit.uasset" 614
"../../../../../../Users/Lee/Documents/GitHub/Group-19-Collab/Group19UnrealProject/Content/StarterContent/Blueprints/Blueprint_Effect_Steam.uasset" 615
"../../../../../../Users/Lee/Documents/GitHub/Group-19-Collab/Group19UnrealProject/Content/StarterContent/Textures/T_Lamp_M.uasset" 616
"../../../../../../Users/Lee/Documents/GitHub/Group-19-Collab/Group19UnrealProject/Content/StarterContent/Textures/T_Lamp_N.uasset" 617
"../../../../../../Users/Lee/Documents/GitHub/Group-19-Collab/Group19UnrealProject/Content/StarterContent/Props/Materials/M_Lamp.uasset" 618
"../../../../../../Users/Lee/Documents/GitHub/Group-19-Collab/Group19UnrealProject/Content/StarterContent/Props/SM_Lamp_Ceiling.uasset" 619
"../../../../../../Users/Lee/Documents/GitHub/Group-19-Collab/Group19UnrealProject/Content/StarterContent/Blueprints/Blueprint_CeilingLight.uasset" 620
"../../../../../../Users/Lee/Documents/GitHub/Group-19-Collab/Group19UnrealProject/Content/StarterContent/Props/SM_Lamp_Wall.uasset" 621
"../../../../../../Users/Lee/Documents/GitHub/Group-19-Collab/Group19UnrealProject/Content/StarterContent/Blueprints/Blueprint_WallSconce.uasset" 622
"../../../../../../Users/Lee/Documents/GitHub/Group-19-Collab/Group19UnrealProject/Content/StarterContent/Maps/StarterMap_BuiltData.uasset" 623
"../../../Engine/Content/Functions/Engine_MaterialFunctions03/Procedurals/ComputeFilterWidth.uasset" 624
"../../../Engine/Content/EngineMaterials/AntiAliasedTextMaterialTranslucent.uasset" 625
"../../../../../../Users/Lee/Documents/GitHub/Group-19-Collab/Group19UnrealProject/Content/StarterContent/Textures/T_Brick_Clay_Beveled_D.uasset" 626
"../../../../../../Users/Lee/Documents/GitHub/Group-19-Collab/Group19UnrealProject/Content/StarterContent/Textures/T_Brick_Clay_Beveled_M.uasset" 627
"../../../../../../Users/Lee/Documents/GitHub/Group-19-Collab/Group19UnrealProject/Content/StarterContent/Textures/T_Brick_Clay_Beveled_N.uasset" 628
"../../../../../../Users/Lee/Documents/GitHub/Group-19-Collab/Group19UnrealProject/Content/StarterContent/Materials/M_Brick_Clay_Beveled.uasset" 629
"../../../../../../Users/Lee/Documents/GitHub/Group-19-Collab/Group19UnrealProject/Content/StarterContent/Textures/T_Brick_Clay_New_D.uasset" 630
"../../../../../../Users/Lee/Documents/GitHub/Group-19-Collab/Group19UnrealProject/Content/StarterContent/Textures/T_Brick_Clay_New_M.uasset" 631
"../../../../../../Users/Lee/Documents/GitHub/Group-19-Collab/Group19UnrealProject/Content/StarterContent/Textures/T_Brick_Clay_New_N.uasset" 632
"../../../../../../Users/Lee/Documents/GitHub/Group-19-Collab/Group19UnrealProject/Content/StarterContent/Materials/M_Brick_Clay_New.uasset" 633
"../../../../../../Users/Lee/Documents/GitHub/Group-19-Collab/Group19UnrealProject/Content/StarterContent/Textures/T_Brick_Clay_Old_D.uasset" 634
"../../../../../../Users/Lee/Documents/GitHub/Group-19-Collab/Group19UnrealProject/Content/StarterContent/Textures/T_Brick_Clay_Old_N.uasset" 635
"../../../../../../Users/Lee/Documents/GitHub/Group-19-Collab/Group19UnrealProject/Content/StarterContent/Textures/T_Perlin_Noise_M.uasset" 636
"../../../../../../Users/Lee/Documents/GitHub/Group-19-Collab/Group19UnrealProject/Content/StarterContent/Materials/M_Brick_Clay_Old.uasset" 637
"../../../../../../Users/Lee/Documents/GitHub/Group-19-Collab/Group19UnrealProject/Content/StarterContent/Textures/T_Brick_Cut_Stone_D.uasset" 638
"../../../../../../Users/Lee/Documents/GitHub/Group-19-Collab/Group19UnrealProject/Content/StarterContent/Textures/T_Brick_Cut_Stone_N.uasset" 639
"../../../../../../Users/Lee/Documents/GitHub/Group-19-Collab/Group19UnrealProject/Content/StarterContent/Materials/M_Brick_Cut_Stone.uasset" 640
"../../../../../../Users/Lee/Documents/GitHub/Group-19-Collab/Group19UnrealProject/Content/StarterContent/Textures/T_Brick_Hewn_Stone_D.uasset" 641
"../../../../../../Users/Lee/Documents/GitHub/Group-19-Collab/Group19UnrealProject/Content/StarterContent/Textures/T_Brick_Hewn_Stone_M.uasset" 642
"../../../../../../Users/Lee/Documents/GitHub/Group-19-Collab/Group19UnrealProject/Content/StarterContent/Textures/T_Brick_Hewn_Stone_N.uasset" 643
"../../../../../../Users/Lee/Documents/GitHub/Group-19-Collab/Group19UnrealProject/Content/StarterContent/Materials/M_Brick_Hewn_Stone.uasset" 644
"../../../../../../Users/Lee/Documents/GitHub/Group-19-Collab/Group19UnrealProject/Content/StarterContent/Textures/T_Ceramic_Tile_M.uasset" 645
"../../../../../../Users/Lee/Documents/GitHub/Group-19-Collab/Group19UnrealProject/Content/StarterContent/Textures/T_Ceramic_Tile_N.uasset" 646
"../../../../../../Users/Lee/Documents/GitHub/Group-19-Collab/Group19UnrealProject/Content/StarterContent/Textures/T_Rock_Marble_Polished_D.uasset" 647
"../../../../../../Users/Lee/Documents/GitHub/Group-19-Collab/Group19UnrealProject/Content/StarterContent/Materials/M_Ceramic_Tile_Checker.uasset" 648
"../../../../../../Users/Lee/Documents/GitHub/Group-19-Collab/Group19UnrealProject/Content/StarterContent/Textures/T_CobbleStone_Pebble_D.uasset" 649
"../../../../../../Users/Lee/Documents/GitHub/Group-19-Collab/Group19UnrealProject/Content/StarterContent/Textures/T_CobbleStone_Pebble_M.uasset" 650
"../../../../../../Users/Lee/Documents/GitHub/Group-19-Collab/Group19UnrealProject/Content/StarterContent/Textures/T_CobbleStone_Pebble_N.uasset" 651
"../../../../../../Users/Lee/Documents/GitHub/Group-19-Collab/Group19UnrealProject/Content/StarterContent/Materials/M_CobbleStone_Pebble.uasset" 652
"../../../../../../Users/Lee/Documents/GitHub/Group-19-Collab/Group19UnrealProject/Content/StarterContent/Textures/T_CobbleStone_Rough_D.uasset" 653
"../../../../../../Users/Lee/Documents/GitHub/Group-19-Collab/Group19UnrealProject/Content/StarterContent/Textures/T_CobbleStone_Rough_N.uasset" 654
"../../../../../../Users/Lee/Documents/GitHub/Group-19-Collab/Group19UnrealProject/Content/StarterContent/Textures/T_Gradinet_01.uasset" 655
"../../../../../../Users/Lee/Documents/GitHub/Group-19-Collab/Group19UnrealProject/Content/StarterContent/Textures/T_Rock_Smooth_Granite_D.uasset" 656
"../../../../../../Users/Lee/Documents/GitHub/Group-19-Collab/Group19UnrealProject/Content/StarterContent/Materials/M_CobbleStone_Rough.uasset" 657
"../../../../../../Users/Lee/Documents/GitHub/Group-19-Collab/Group19UnrealProject/Content/StarterContent/Textures/T_CobbleStone_Smooth_D.uasset" 658
"../../../../../../Users/Lee/Documents/GitHub/Group-19-Collab/Group19UnrealProject/Content/StarterContent/Textures/T_CobbleStone_Smooth_M.uasset" 659
"../../../../../../Users/Lee/Documents/GitHub/Group-19-Collab/Group19UnrealProject/Content/StarterContent/Textures/T_CobbleStone_Smooth_N.uasset" 660
"../../../../../../Users/Lee/Documents/GitHub/Group-19-Collab/Group19UnrealProject/Content/StarterContent/Materials/M_CobbleStone_Smooth.uasset" 661
"../../../../../../Users/Lee/Documents/GitHub/Group-19-Collab/Group19UnrealProject/Content/StarterContent/Textures/T_Concrete_Grime_D.uasset" 662
"../../../../../../Users/Lee/Documents/GitHub/Group-19-Collab/Group19UnrealProject/Content/StarterContent/Textures/T_Metal_Rust_N.uasset" 663
"../../../../../../Users/Lee/Documents/GitHub/Group-19-Collab/Group19UnrealProject/Content/StarterContent/Materials/M_Concrete_Grime.uasset" 664
"../../../../../../Users/Lee/Documents/GitHub/Group-19-Collab/Group19UnrealProject/Content/StarterContent/Textures/T_Concrete_Panels_D.uasset" 665
"../../../../../../Users/Lee/Documents/GitHub/Group-19-Collab/Group19UnrealProject/Content/StarterContent/Textures/T_Concrete_Panels_N.uasset" 666
"../../../../../../Users/Lee/Documents/GitHub/Group-19-Collab/Group19UnrealProject/Content/StarterContent/Materials/M_Concrete_Panels.uasset" 667
"../../../../../../Users/Lee/Documents/GitHub/Group-19-Collab/Group19UnrealProject/Content/StarterContent/Textures/T_Concrete_Poured_D.uasset" 668
"../../../../../../Users/Lee/Documents/GitHub/Group-19-Collab/Group19UnrealProject/Content/StarterContent/Textures/T_Concrete_Poured_N.uasset" 669
"../../../../../../Users/Lee/Documents/GitHub/Group-19-Collab/Group19UnrealProject/Content/StarterContent/Materials/M_Concrete_Poured.uasset" 670
"../../../../../../Users/Lee/Documents/GitHub/Group-19-Collab/Group19UnrealProject/Content/StarterContent/Textures/T_Concrete_Tiles_D.uasset" 671
"../../../../../../Users/Lee/Documents/GitHub/Group-19-Collab/Group19UnrealProject/Content/StarterContent/Textures/T_Concrete_Tiles_M.uasset" 672
"../../../../../../Users/Lee/Documents/GitHub/Group-19-Collab/Group19UnrealProject/Content/StarterContent/Textures/T_Concrete_Tiles_N.uasset" 673
"../../../../../../Users/Lee/Documents/GitHub/Group-19-Collab/Group19UnrealProject/Content/StarterContent/Textures/T_Concrete_Tiles_Variation_M.uasset" 674
"../../../../../../Users/Lee/Documents/GitHub/Group-19-Collab/Group19UnrealProject/Content/StarterContent/Materials/M_Concrete_Tiles.uasset" 675
"../../../../../../Users/Lee/Documents/GitHub/Group-19-Collab/Group19UnrealProject/Content/StarterContent/Textures/T_Ground_Grass_D.uasset" 676
"../../../../../../Users/Lee/Documents/GitHub/Group-19-Collab/Group19UnrealProject/Content/StarterContent/Textures/T_Ground_Grass_N.uasset" 677
"../../../../../../Users/Lee/Documents/GitHub/Group-19-Collab/Group19UnrealProject/Content/StarterContent/Materials/M_Ground_Grass.uasset" 678
"../../../../../../Users/Lee/Documents/GitHub/Group-19-Collab/Group19UnrealProject/Content/StarterContent/Textures/T_Ground_Gravel_D.uasset" 679
"../../../../../../Users/Lee/Documents/GitHub/Group-19-Collab/Group19UnrealProject/Content/StarterContent/Textures/T_Ground_Gravel_N.uasset" 680
"../../../../../../Users/Lee/Documents/GitHub/Group-19-Collab/Group19UnrealProject/Content/StarterContent/Materials/M_Ground_Gravel.uasset" 681
"../../../../../../Users/Lee/Documents/GitHub/Group-19-Collab/Group19UnrealProject/Content/StarterContent/Textures/T_ground_Moss_D.uasset" 682
"../../../../../../Users/Lee/Documents/GitHub/Group-19-Collab/Group19UnrealProject/Content/StarterContent/Textures/T_Ground_Moss_N.uasset" 683
"../../../../../../Users/Lee/Documents/GitHub/Group-19-Collab/Group19UnrealProject/Content/StarterContent/Materials/M_Ground_Moss.uasset" 684
"../../../../../../Users/Lee/Documents/GitHub/Group-19-Collab/Group19UnrealProject/Content/StarterContent/Materials/M_Metal_Chrome.uasset" 685
"../../../../../../Users/Lee/Documents/GitHub/Group-19-Collab/Group19UnrealProject/Content/StarterContent/Textures/T_Metal_Gold_D.uasset" 686
"../../../../../../Users/Lee/Documents/GitHub/Group-19-Collab/Group19UnrealProject/Content/StarterContent/Materials/M_Metal_Gold.uasset" 687
"../../../../../../Users/Lee/Documents/GitHub/Group-19-Collab/Group19UnrealProject/Content/StarterContent/Textures/T_Metal_Rust_D.uasset" 688
"../../../../../../Users/Lee/Documents/GitHub/Group-19-Collab/Group19UnrealProject/Content/StarterContent/Materials/M_Metal_Rust.uasset" 689
"../../../../../../Users/Lee/Documents/GitHub/Group-19-Collab/Group19UnrealProject/Content/StarterContent/Textures/T_Metal_Steel_D.uasset" 690
"../../../../../../Users/Lee/Documents/GitHub/Group-19-Collab/Group19UnrealProject/Content/StarterContent/Textures/T_Metal_Steel_N.uasset" 691
"../../../../../../Users/Lee/Documents/GitHub/Group-19-Collab/Group19UnrealProject/Content/StarterContent/Materials/M_Metal_Steel.uasset" 692
"../../../../../../Users/Lee/Documents/GitHub/Group-19-Collab/Group19UnrealProject/Content/StarterContent/Textures/T_Rock_Basalt_N.uasset" 693
"../../../../../../Users/Lee/Documents/GitHub/Group-19-Collab/Group19UnrealProject/Content/StarterContent/Materials/M_Rock_Basalt.uasset" 694
"../../../../../../Users/Lee/Documents/GitHub/Group-19-Collab/Group19UnrealProject/Content/StarterContent/Materials/M_Rock_Marble_Polished.uasset" 695
"../../../../../../Users/Lee/Documents/GitHub/Group-19-Collab/Group19UnrealProject/Content/StarterContent/Textures/T_Rock_Sandstone_D.uasset" 696
"../../../../../../Users/Lee/Documents/GitHub/Group-19-Collab/Group19UnrealProject/Content/StarterContent/Textures/T_Rock_Sandstone_N.uasset" 697
"../../../../../../Users/Lee/Documents/GitHub/Group-19-Collab/Group19UnrealProject/Content/StarterContent/Materials/M_Rock_Sandstone.uasset" 698
"../../../../../../Users/Lee/Documents/GitHub/Group-19-Collab/Group19UnrealProject/Content/StarterContent/Textures/T_Rock_Slate_D.uasset" 699
"../../../../../../Users/Lee/Documents/GitHub/Group-19-Collab/Group19UnrealProject/Content/StarterContent/Textures/T_Rock_Slate_N.uasset" 700
"../../../../../../Users/Lee/Documents/GitHub/Group-19-Collab/Group19UnrealProject/Content/StarterContent/Materials/M_Rock_Slate.uasset" 701
"../../../../../../Users/Lee/Documents/GitHub/Group-19-Collab/Group19UnrealProject/Content/StarterContent/Textures/T_Checker_Noise_M.uasset" 702
"../../../../../../Users/Lee/Documents/GitHub/Group-19-Collab/Group19UnrealProject/Content/StarterContent/Textures/T_Single_Tile_N.uasset" 703
"../../../../../../Users/Lee/Documents/GitHub/Group-19-Collab/Group19UnrealProject/Content/StarterContent/Textures/T_Tech_Dot_M.uasset" 704
"../../../../../../Users/Lee/Documents/GitHub/Group-19-Collab/Group19UnrealProject/Content/StarterContent/Textures/T_Tech_Dot_N.uasset" 705
"../../../../../../Users/Lee/Documents/GitHub/Group-19-Collab/Group19UnrealProject/Content/StarterContent/Materials/M_Tech_Checker_Dot.uasset" 706
"../../../../../../Users/Lee/Documents/GitHub/Group-19-Collab/Group19UnrealProject/Content/StarterContent/Textures/T_Tech_Hex_Tile_M.uasset" 707
"../../../../../../Users/Lee/Documents/GitHub/Group-19-Collab/Group19UnrealProject/Content/StarterContent/Textures/T_Tech_Hex_Tile_N.uasset" 708
"../../../../../../Users/Lee/Documents/GitHub/Group-19-Collab/Group19UnrealProject/Content/StarterContent/Materials/M_Tech_Hex_Tile.uasset" 709
"../../../../../../Users/Lee/Documents/GitHub/Group-19-Collab/Group19UnrealProject/Content/StarterContent/Materials/M_Tech_Hex_Tile_Pulse.uasset" 710
"../../../../../../Users/Lee/Documents/GitHub/Group-19-Collab/Group19UnrealProject/Content/StarterContent/Textures/T_Tech_Panel_M.uasset" 711
"../../../../../../Users/Lee/Documents/GitHub/Group-19-Collab/Group19UnrealProject/Content/StarterContent/Textures/T_Tech_Panel_N.uasset" 712
"../../../../../../Users/Lee/Documents/GitHub/Group-19-Collab/Group19UnrealProject/Content/StarterContent/Materials/M_Tech_Panel.uasset" 713
"../../../../../../Users/Lee/Documents/GitHub/Group-19-Collab/Group19UnrealProject/Content/StarterContent/Materials/M_Water_Lake.uasset" 714
"../../../../../../Users/Lee/Documents/GitHub/Group-19-Collab/Group19UnrealProject/Content/StarterContent/Textures/T_Water_M.uasset" 715
"../../../../../../Users/Lee/Documents/GitHub/Group-19-Collab/Group19UnrealProject/Content/StarterContent/Materials/M_Water_Ocean.uasset" 716
"../../../../../../Users/Lee/Documents/GitHub/Group-19-Collab/Group19UnrealProject/Content/StarterContent/Textures/T_Wood_Floor_Walnut_D.uasset" 717
"../../../../../../Users/Lee/Documents/GitHub/Group-19-Collab/Group19UnrealProject/Content/StarterContent/Textures/T_Wood_Floor_Walnut_M.uasset" 718
"../../../../../../Users/Lee/Documents/GitHub/Group-19-Collab/Group19UnrealProject/Content/StarterContent/Textures/T_Wood_Floor_Walnut_N.uasset" 719
"../../../../../../Users/Lee/Documents/GitHub/Group-19-Collab/Group19UnrealProject/Content/StarterContent/Materials/M_Wood_Floor_Walnut_Polished.uasset" 720
"../../../Engine/Content/Functions/Engine_MaterialFunctions01/Opacity/AlphaOffset.uasset" 721
"../../../../../../Users/Lee/Documents/GitHub/Group-19-Collab/Group19UnrealProject/Content/StarterContent/Materials/M_Wood_Floor_Walnut_Worn.uasset" 722
"../../../../../../Users/Lee/Documents/GitHub/Group-19-Collab/Group19UnrealProject/Content/StarterContent/Textures/T_Wood_Oak_D.uasset" 723
"../../../../../../Users/Lee/Documents/GitHub/Group-19-Collab/Group19UnrealProject/Content/StarterContent/Textures/T_Wood_Oak_N.uasset" 724
"../../../../../../Users/Lee/Documents/GitHub/Group-19-Collab/Group19UnrealProject/Content/StarterContent/Materials/M_Wood_Oak.uasset" 725
"../../../../../../Users/Lee/Documents/GitHub/Group-19-Collab/Group19UnrealProject/Content/StarterContent/Textures/T_Wood_Pine_D.uasset" 726
"../../../../../../Users/Lee/Documents/GitHub/Group-19-Collab/Group19UnrealProject/Content/StarterContent/Textures/T_Wood_Pine_N.uasset" 727
"../../../../../../Users/Lee/Documents/GitHub/Group-19-Collab/Group19UnrealProject/Content/StarterContent/Materials/M_Wood_Pine.uasset" 728
"../../../../../../Users/Lee/Documents/GitHub/Group-19-Collab/Group19UnrealProject/Content/StarterContent/Textures/T_Wood_Walnut_D.uasset" 729
"../../../../../../Users/Lee/Documents/GitHub/Group-19-Collab/Group19UnrealProject/Content/StarterContent/Textures/T_Wood_Walnut_N.uasset" 730
"../../../../../../Users/Lee/Documents/GitHub/Group-19-Collab/Group19UnrealProject/Content/StarterContent/Materials/M_Wood_Walnut.uasset" 731
"../../../../../../Users/Lee/Documents/GitHub/Group-19-Collab/Group19UnrealProject/Content/StarterContent/Architecture/Wall_400x200.uasset" 732
"../../../../../../Users/Lee/Documents/GitHub/Group-19-Collab/Group19UnrealProject/Content/StarterContent/Architecture/Wall_Door_400x300.uasset" 733
"../../../../../../Users/Lee/Documents/GitHub/Group-19-Collab/Group19UnrealProject/Content/StarterContent/Architecture/Wall_Window_400x300.uasset" 734
"../../../../../../Users/Lee/Documents/GitHub/Group-19-Collab/Group19UnrealProject/Content/StarterContent/Audio/Collapse_Cue.uasset" 735
"../../../../../../Users/Lee/Documents/GitHub/Group-19-Collab/Group19UnrealProject/Content/StarterContent/Audio/Starter_Music_Cue.uasset" 736
"../../../../../../Users/Lee/Documents/GitHub/Group-19-Collab/Group19UnrealProject/Content/StarterContent/Textures/T_Dust_Particle_D.uasset" 737
"../../../../../../Users/Lee/Documents/GitHub/Group-19-Collab/Group19UnrealProject/Content/StarterContent/Particles/Materials/M_Dust_Particle.uasset" 738
"../../../../../../Users/Lee/Documents/GitHub/Group-19-Collab/Group19UnrealProject/Content/StarterContent/Particles/P_Ambient_Dust.uasset" 739
"../../../../../../Users/Lee/Documents/GitHub/Group-19-Collab/Group19UnrealProject/Content/StarterContent/Props/MaterialSphere.uasset" 740
"../../../../../../Users/Lee/Documents/GitHub/Group-19-Collab/Group19UnrealProject/Content/StarterContent/Textures/T_Frame_M.uasset" 741
"../../../../../../Users/Lee/Documents/GitHub/Group-19-Collab/Group19UnrealProject/Content/StarterContent/Textures/T_Frame_N.uasset" 742
"../../../../../../Users/Lee/Documents/GitHub/Group-19-Collab/Group19UnrealProject/Content/StarterContent/Props/Materials/M_Frame.uasset" 743
"../../../../../../Users/Lee/Documents/GitHub/Group-19-Collab/Group19UnrealProject/Content/StarterContent/Props/SM_CornerFrame.uasset" 744
"../../../../../../Users/Lee/Documents/GitHub/Group-19-Collab/Group19UnrealProject/Content/StarterContent/Props/SM_DoorFrame.uasset" 745
"../../../../../../Users/Lee/Documents/GitHub/Group-19-Collab/Group19UnrealProject/Content/StarterContent/Props/SM_GlassWindow.uasset" 746
"../../../../../../Users/Lee/Documents/GitHub/Group-19-Collab/Group19UnrealProject/Content/StarterContent/Props/SM_PillarFrame.uasset" 747
"../../../../../../Users/Lee/Documents/GitHub/Group-19-Collab/Group19UnrealProject/Content/StarterContent/Props/SM_PillarFrame300.uasset" 748
"../../../../../../Users/Lee/Documents/GitHub/Group-19-Collab/Group19UnrealProject/Content/StarterContent/Props/SM_WindowFrame.uasset" 749
"../../../../../../Users/Lee/Documents/GitHub/Group-19-Collab/Group19UnrealProject/Content/StarterContent/Shapes/Shape_Cube.uasset" 750
"../../../../../../Users/Lee/Documents/GitHub/Group-19-Collab/Group19UnrealProject/Content/StarterContent/Shapes/Shape_QuadPyramid.uasset" 751
"../../../../../../Users/Lee/Documents/GitHub/Group-19-Collab/Group19UnrealProject/Content/StarterContent/Shapes/Shape_Sphere.uasset" 752
"../../../../../../Users/Lee/Documents/GitHub/Group-19-Collab/Group19UnrealProject/Content/StarterContent/Maps/StarterMap.umap" 753
"../../../../../../Users/Lee/Documents/GitHub/Group-19-Collab/Group19UnrealProject/Content/ThirdPersonBP/Maps/ThirdPersonExampleMap_BuiltData.uasset" 754
"../../../../../../Users/Lee/Documents/GitHub/Group-19-Collab/Group19UnrealProject/Content/Geometry/Meshes/CubeMaterial.uasset" 755
"../../../../../../Users/Lee/Documents/GitHub/Group-19-Collab/Group19UnrealProject/Content/Geometry/Meshes/1M_Cube.uasset" 756
"../../../../../../Users/Lee/Documents/GitHub/Group-19-Collab/Group19UnrealProject/Content/Geometry/Meshes/1M_Cube_Chamfer.uasset" 757
"../../../../../../Users/Lee/Documents/GitHub/Group-19-Collab/Group19UnrealProject/Content/Geometry/Meshes/TemplateFloor.uasset" 758
"../../../../../../Users/Lee/Documents/GitHub/Group-19-Collab/Group19UnrealProject/Content/ThirdPerson/Meshes/RampMaterial.uasset" 759
"../../../../../../Users/Lee/Documents/GitHub/Group-19-Collab/Group19UnrealProject/Content/ThirdPerson/Meshes/Bump_StaticMesh.uasset" 760
"../../../../../../Users/Lee/Documents/GitHub/Group-19-Collab/Group19UnrealProject/Content/ThirdPerson/Meshes/LeftArm_StaticMesh.uasset" 761
"../../../../../../Users/Lee/Documents/GitHub/Group-19-Collab/Group19UnrealProject/Content/ThirdPerson/Meshes/Linear_Stair_StaticMesh.uasset" 762
"../../../../../../Users/Lee/Documents/GitHub/Group-19-Collab/Group19UnrealProject/Content/ThirdPerson/Meshes/Ramp_StaticMesh.uasset" 763
"../../../../../../Users/Lee/Documents/GitHub/Group-19-Collab/Group19UnrealProject/Content/ThirdPerson/Meshes/RightArm_StaticMesh.uasset" 764
"../../../../../../Users/Lee/Documents/GitHub/Group-19-Collab/Group19UnrealProject/Content/ThirdPersonBP/Maps/ThirdPersonExampleMap.umap" 765
"../../../Engine/Content/Maps/Entry_BuiltData.uasset" 766
"../../../Engine/Content/Maps/Entry.umap" 767
